[2018-03-08 09:15:12.326] [renderer1] [error] Cannot read property 'text' of undefined: TypeError: Cannot read property 'text' of undefined
    at DocommentDomainCSharp.IsTriggerDocomment (/root/.vscode/extensions/k--kato.docomment-0.0.17/out/src/Domain/Lang/DocommentDomainCSharp.js:21:38)
    at DocommentDomainCSharp.Execute (/root/.vscode/extensions/k--kato.docomment-0.0.17/out/src/Domain/DocommentDomain.js:20:19)
    at DocommentControllerCSharp._onEvent (/root/.vscode/extensions/k--kato.docomment-0.0.17/out/src/Controller/DocommentController.js:52:31)
    at DocommentControllerCSharp.DocommentController.vscode_1.workspace.onDidChangeTextDocument.event (/root/.vscode/extensions/k--kato.docomment-0.0.17/out/src/Controller/DocommentController.js:18:22)
    at e.fire (/usr/share/code/resources/app/out/vs/workbench/node/extensionHostProcess.js:88:749)
    at e.$acceptDirtyStateChanged (/usr/share/code/resources/app/out/vs/workbench/node/extensionHostProcess.js:623:1010)
    at e._doInvokeHandler (/usr/share/code/resources/app/out/vs/workbench/node/extensionHostProcess.js:584:983)
    at e._invokeHandler (/usr/share/code/resources/app/out/vs/workbench/node/extensionHostProcess.js:584:701)
    at e._receiveRequest (/usr/share/code/resources/app/out/vs/workbench/node/extensionHostProcess.js:583:836)
    at e._receiveOneMessage (/usr/share/code/resources/app/out/vs/workbench/node/extensionHostProcess.js:583:605)
    at /usr/share/code/resources/app/out/vs/workbench/node/extensionHostProcess.js:582:671
    at /usr/share/code/resources/app/out/vs/workbench/node/extensionHostProcess.js:585:523
    at /usr/share/code/resources/app/out/vs/workbench/node/extensionHostProcess.js:87:459
    at e.fire (/usr/share/code/resources/app/out/vs/workbench/node/extensionHostProcess.js:88:729)
    at Socket.<anonymous> (/usr/share/code/resources/app/out/vs/workbench/node/extensionHostProcess.js:146:633)
    at emitOne (events.js:96:13)
    at Socket.emit (events.js:191:7)
    at readableAddChunk (_stream_readable.js:178:18)
    at Socket.Readable.push (_stream_readable.js:136:10)
    at Pipe.onread (net.js:560:20)

[2018-03-08 09:15:15.108] [renderer1] [error] Cannot read property 'text' of undefined: TypeError: Cannot read property 'text' of undefined
    at DocommentDomainCSharp.IsTriggerDocomment (/root/.vscode/extensions/k--kato.docomment-0.0.17/out/src/Domain/Lang/DocommentDomainCSharp.js:21:38)
    at DocommentDomainCSharp.Execute (/root/.vscode/extensions/k--kato.docomment-0.0.17/out/src/Domain/DocommentDomain.js:20:19)
    at DocommentControllerCSharp._onEvent (/root/.vscode/extensions/k--kato.docomment-0.0.17/out/src/Controller/DocommentController.js:52:31)
    at DocommentControllerCSharp.DocommentController.vscode_1.workspace.onDidChangeTextDocument.event (/root/.vscode/extensions/k--kato.docomment-0.0.17/out/src/Controller/DocommentController.js:18:22)
    at e.fire (/usr/share/code/resources/app/out/vs/workbench/node/extensionHostProcess.js:88:749)
    at e.$acceptDirtyStateChanged (/usr/share/code/resources/app/out/vs/workbench/node/extensionHostProcess.js:623:1010)
    at e.$acceptModelSaved (/usr/share/code/resources/app/out/vs/workbench/node/extensionHostProcess.js:623:793)
    at e._doInvokeHandler (/usr/share/code/resources/app/out/vs/workbench/node/extensionHostProcess.js:584:983)
    at e._invokeHandler (/usr/share/code/resources/app/out/vs/workbench/node/extensionHostProcess.js:584:701)
    at e._receiveRequest (/usr/share/code/resources/app/out/vs/workbench/node/extensionHostProcess.js:583:836)
    at e._receiveOneMessage (/usr/share/code/resources/app/out/vs/workbench/node/extensionHostProcess.js:583:605)
    at /usr/share/code/resources/app/out/vs/workbench/node/extensionHostProcess.js:582:671
    at /usr/share/code/resources/app/out/vs/workbench/node/extensionHostProcess.js:585:523
    at /usr/share/code/resources/app/out/vs/workbench/node/extensionHostProcess.js:87:459
    at e.fire (/usr/share/code/resources/app/out/vs/workbench/node/extensionHostProcess.js:88:729)
    at Socket.<anonymous> (/usr/share/code/resources/app/out/vs/workbench/node/extensionHostProcess.js:146:633)
    at emitOne (events.js:96:13)
    at Socket.emit (events.js:191:7)
    at readableAddChunk (_stream_readable.js:178:18)
    at Socket.Readable.push (_stream_readable.js:136:10)
    at Pipe.onread (net.js:560:20)

[2018-03-08 09:20:38.114] [renderer1] [error] Cannot read property 'text' of undefined: TypeError: Cannot read property 'text' of undefined
    at DocommentDomainCSharp.IsTriggerDocomment (/root/.vscode/extensions/k--kato.docomment-0.0.17/out/src/Domain/Lang/DocommentDomainCSharp.js:21:38)
    at DocommentDomainCSharp.Execute (/root/.vscode/extensions/k--kato.docomment-0.0.17/out/src/Domain/DocommentDomain.js:20:19)
    at DocommentControllerCSharp._onEvent (/root/.vscode/extensions/k--kato.docomment-0.0.17/out/src/Controller/DocommentController.js:52:31)
    at DocommentControllerCSharp.DocommentController.vscode_1.workspace.onDidChangeTextDocument.event (/root/.vscode/extensions/k--kato.docomment-0.0.17/out/src/Controller/DocommentController.js:18:22)
    at e.fire (/usr/share/code/resources/app/out/vs/workbench/node/extensionHostProcess.js:88:749)
    at e.$acceptDirtyStateChanged (/usr/share/code/resources/app/out/vs/workbench/node/extensionHostProcess.js:623:1010)
    at e._doInvokeHandler (/usr/share/code/resources/app/out/vs/workbench/node/extensionHostProcess.js:584:983)
    at e._invokeHandler (/usr/share/code/resources/app/out/vs/workbench/node/extensionHostProcess.js:584:701)
    at e._receiveRequest (/usr/share/code/resources/app/out/vs/workbench/node/extensionHostProcess.js:583:836)
    at e._receiveOneMessage (/usr/share/code/resources/app/out/vs/workbench/node/extensionHostProcess.js:583:605)
    at /usr/share/code/resources/app/out/vs/workbench/node/extensionHostProcess.js:582:671
    at /usr/share/code/resources/app/out/vs/workbench/node/extensionHostProcess.js:585:523
    at /usr/share/code/resources/app/out/vs/workbench/node/extensionHostProcess.js:87:459
    at e.fire (/usr/share/code/resources/app/out/vs/workbench/node/extensionHostProcess.js:88:729)
    at Socket.<anonymous> (/usr/share/code/resources/app/out/vs/workbench/node/extensionHostProcess.js:146:633)
    at emitOne (events.js:96:13)
    at Socket.emit (events.js:191:7)
    at readableAddChunk (_stream_readable.js:178:18)
    at Socket.Readable.push (_stream_readable.js:136:10)
    at Pipe.onread (net.js:560:20)

[2018-03-08 09:20:40.448] [renderer1] [error] Cannot read property 'text' of undefined: TypeError: Cannot read property 'text' of undefined
    at DocommentDomainCSharp.IsTriggerDocomment (/root/.vscode/extensions/k--kato.docomment-0.0.17/out/src/Domain/Lang/DocommentDomainCSharp.js:21:38)
    at DocommentDomainCSharp.Execute (/root/.vscode/extensions/k--kato.docomment-0.0.17/out/src/Domain/DocommentDomain.js:20:19)
    at DocommentControllerCSharp._onEvent (/root/.vscode/extensions/k--kato.docomment-0.0.17/out/src/Controller/DocommentController.js:52:31)
    at DocommentControllerCSharp.DocommentController.vscode_1.workspace.onDidChangeTextDocument.event (/root/.vscode/extensions/k--kato.docomment-0.0.17/out/src/Controller/DocommentController.js:18:22)
    at e.fire (/usr/share/code/resources/app/out/vs/workbench/node/extensionHostProcess.js:88:749)
    at e.$acceptDirtyStateChanged (/usr/share/code/resources/app/out/vs/workbench/node/extensionHostProcess.js:623:1010)
    at e.$acceptModelSaved (/usr/share/code/resources/app/out/vs/workbench/node/extensionHostProcess.js:623:793)
    at e._doInvokeHandler (/usr/share/code/resources/app/out/vs/workbench/node/extensionHostProcess.js:584:983)
    at e._invokeHandler (/usr/share/code/resources/app/out/vs/workbench/node/extensionHostProcess.js:584:701)
    at e._receiveRequest (/usr/share/code/resources/app/out/vs/workbench/node/extensionHostProcess.js:583:836)
    at e._receiveOneMessage (/usr/share/code/resources/app/out/vs/workbench/node/extensionHostProcess.js:583:605)
    at /usr/share/code/resources/app/out/vs/workbench/node/extensionHostProcess.js:582:671
    at /usr/share/code/resources/app/out/vs/workbench/node/extensionHostProcess.js:585:523
    at /usr/share/code/resources/app/out/vs/workbench/node/extensionHostProcess.js:87:459
    at e.fire (/usr/share/code/resources/app/out/vs/workbench/node/extensionHostProcess.js:88:729)
    at Socket.<anonymous> (/usr/share/code/resources/app/out/vs/workbench/node/extensionHostProcess.js:146:633)
    at emitOne (events.js:96:13)
    at Socket.emit (events.js:191:7)
    at readableAddChunk (_stream_readable.js:178:18)
    at Socket.Readable.push (_stream_readable.js:136:10)
    at Pipe.onread (net.js:560:20)

[2018-03-08 09:21:04.957] [renderer1] [error] Cannot read property 'text' of undefined: TypeError: Cannot read property 'text' of undefined
    at DocommentDomainCSharp.IsTriggerDocomment (/root/.vscode/extensions/k--kato.docomment-0.0.17/out/src/Domain/Lang/DocommentDomainCSharp.js:21:38)
    at DocommentDomainCSharp.Execute (/root/.vscode/extensions/k--kato.docomment-0.0.17/out/src/Domain/DocommentDomain.js:20:19)
    at DocommentControllerCSharp._onEvent (/root/.vscode/extensions/k--kato.docomment-0.0.17/out/src/Controller/DocommentController.js:52:31)
    at DocommentControllerCSharp.DocommentController.vscode_1.workspace.onDidChangeTextDocument.event (/root/.vscode/extensions/k--kato.docomment-0.0.17/out/src/Controller/DocommentController.js:18:22)
    at e.fire (/usr/share/code/resources/app/out/vs/workbench/node/extensionHostProcess.js:88:749)
    at e.$acceptDirtyStateChanged (/usr/share/code/resources/app/out/vs/workbench/node/extensionHostProcess.js:623:1010)
    at e._doInvokeHandler (/usr/share/code/resources/app/out/vs/workbench/node/extensionHostProcess.js:584:983)
    at e._invokeHandler (/usr/share/code/resources/app/out/vs/workbench/node/extensionHostProcess.js:584:701)
    at e._receiveRequest (/usr/share/code/resources/app/out/vs/workbench/node/extensionHostProcess.js:583:836)
    at e._receiveOneMessage (/usr/share/code/resources/app/out/vs/workbench/node/extensionHostProcess.js:583:605)
    at /usr/share/code/resources/app/out/vs/workbench/node/extensionHostProcess.js:582:671
    at /usr/share/code/resources/app/out/vs/workbench/node/extensionHostProcess.js:585:523
    at /usr/share/code/resources/app/out/vs/workbench/node/extensionHostProcess.js:87:459
    at e.fire (/usr/share/code/resources/app/out/vs/workbench/node/extensionHostProcess.js:88:729)
    at Socket.<anonymous> (/usr/share/code/resources/app/out/vs/workbench/node/extensionHostProcess.js:146:633)
    at emitOne (events.js:96:13)
    at Socket.emit (events.js:191:7)
    at readableAddChunk (_stream_readable.js:178:18)
    at Socket.Readable.push (_stream_readable.js:136:10)
    at Pipe.onread (net.js:560:20)

[2018-03-08 09:21:10.923] [renderer1] [error] Illegal argument: line must be non-negative: Error: Illegal argument: line must be non-negative
    at Object.t.illegalArgument (/usr/share/code/resources/app/out/vs/workbench/node/extensionHostProcess.js:86:307)
    at new e (/usr/share/code/resources/app/out/vs/workbench/node/extensionHostProcess.js:462:192)
    at CodeActionProvider.getInitializeFromCtorCommand (/root/.vscode/extensions/jchannon.csharpextensions-1.3.0/out/src/codeActionProvider.js:166:61)
    at addInitalizeFromCtor (/root/.vscode/extensions/jchannon.csharpextensions-1.3.0/out/src/codeActionProvider.js:15:28)
    at CodeActionProvider.provideCodeActions (/root/.vscode/extensions/jchannon.csharpextensions-1.3.0/out/src/codeActionProvider.js:19:9)
    at /usr/share/code/resources/app/out/vs/workbench/node/extensionHostProcess.js:628:730
    at /usr/share/code/resources/app/out/vs/workbench/node/extensionHostProcess.js:98:622
    at new n.Class.derive._oncancel (/usr/share/code/resources/app/out/vs/workbench/node/extensionHostProcess.js:75:657)
    at Object.t.asWinJsPromise (/usr/share/code/resources/app/out/vs/workbench/node/extensionHostProcess.js:98:585)
    at e.provideCodeActions (/usr/share/code/resources/app/out/vs/workbench/node/extensionHostProcess.js:628:684)
    at /usr/share/code/resources/app/out/vs/workbench/node/extensionHostProcess.js:641:51
    at e._withAdapter (/usr/share/code/resources/app/out/vs/workbench/node/extensionHostProcess.js:637:537)
    at e.$provideCodeActions (/usr/share/code/resources/app/out/vs/workbench/node/extensionHostProcess.js:641:13)
    at e._doInvokeHandler (/usr/share/code/resources/app/out/vs/workbench/node/extensionHostProcess.js:584:983)
    at e._invokeHandler (/usr/share/code/resources/app/out/vs/workbench/node/extensionHostProcess.js:584:701)
    at e._receiveRequest (/usr/share/code/resources/app/out/vs/workbench/node/extensionHostProcess.js:583:836)
    at e._receiveOneMessage (/usr/share/code/resources/app/out/vs/workbench/node/extensionHostProcess.js:583:605)
    at /usr/share/code/resources/app/out/vs/workbench/node/extensionHostProcess.js:582:671
    at /usr/share/code/resources/app/out/vs/workbench/node/extensionHostProcess.js:585:523
    at /usr/share/code/resources/app/out/vs/workbench/node/extensionHostProcess.js:87:459
    at e.fire (/usr/share/code/resources/app/out/vs/workbench/node/extensionHostProcess.js:88:729)
    at Socket.<anonymous> (/usr/share/code/resources/app/out/vs/workbench/node/extensionHostProcess.js:146:633)
    at emitOne (events.js:96:13)
    at Socket.emit (events.js:191:7)
    at readableAddChunk (_stream_readable.js:178:18)
    at Socket.Readable.push (_stream_readable.js:136:10)
    at Pipe.onread (net.js:560:20)

[2018-03-08 09:21:32.178] [renderer1] [error] Cannot read property 'text' of undefined: TypeError: Cannot read property 'text' of undefined
    at DocommentDomainCSharp.IsTriggerDocomment (/root/.vscode/extensions/k--kato.docomment-0.0.17/out/src/Domain/Lang/DocommentDomainCSharp.js:21:38)
    at DocommentDomainCSharp.Execute (/root/.vscode/extensions/k--kato.docomment-0.0.17/out/src/Domain/DocommentDomain.js:20:19)
    at DocommentControllerCSharp._onEvent (/root/.vscode/extensions/k--kato.docomment-0.0.17/out/src/Controller/DocommentController.js:52:31)
    at DocommentControllerCSharp.DocommentController.vscode_1.workspace.onDidChangeTextDocument.event (/root/.vscode/extensions/k--kato.docomment-0.0.17/out/src/Controller/DocommentController.js:18:22)
    at e.fire (/usr/share/code/resources/app/out/vs/workbench/node/extensionHostProcess.js:88:749)
    at e.$acceptDirtyStateChanged (/usr/share/code/resources/app/out/vs/workbench/node/extensionHostProcess.js:623:1010)
    at e.$acceptModelSaved (/usr/share/code/resources/app/out/vs/workbench/node/extensionHostProcess.js:623:793)
    at e._doInvokeHandler (/usr/share/code/resources/app/out/vs/workbench/node/extensionHostProcess.js:584:983)
    at e._invokeHandler (/usr/share/code/resources/app/out/vs/workbench/node/extensionHostProcess.js:584:701)
    at e._receiveRequest (/usr/share/code/resources/app/out/vs/workbench/node/extensionHostProcess.js:583:836)
    at e._receiveOneMessage (/usr/share/code/resources/app/out/vs/workbench/node/extensionHostProcess.js:583:605)
    at /usr/share/code/resources/app/out/vs/workbench/node/extensionHostProcess.js:582:671
    at /usr/share/code/resources/app/out/vs/workbench/node/extensionHostProcess.js:585:523
    at /usr/share/code/resources/app/out/vs/workbench/node/extensionHostProcess.js:87:459
    at e.fire (/usr/share/code/resources/app/out/vs/workbench/node/extensionHostProcess.js:88:729)
    at Socket.<anonymous> (/usr/share/code/resources/app/out/vs/workbench/node/extensionHostProcess.js:146:633)
    at emitOne (events.js:96:13)
    at Socket.emit (events.js:191:7)
    at readableAddChunk (_stream_readable.js:178:18)
    at Socket.Readable.push (_stream_readable.js:136:10)
    at Pipe.onread (net.js:560:20)

[2018-03-08 09:22:30.891] [renderer1] [error] Illegal argument, contents must be defined: Error: Illegal argument, contents must be defined
    at new <anonymous> (/usr/share/code/resources/app/out/vs/workbench/node/extensionHostProcess.js:471:178)
    at asHover (/root/.vscode/extensions/schneiderpat.aspnet-helper-0.6.4/node_modules/vscode-languageclient/lib/protocolConverter.js:63:16)
    at <anonymous>:null:null

[2018-03-08 09:23:45.773] [renderer1] [error] Illegal argument, contents must be defined: Error: Illegal argument, contents must be defined
    at new <anonymous> (/usr/share/code/resources/app/out/vs/workbench/node/extensionHostProcess.js:471:178)
    at asHover (/root/.vscode/extensions/schneiderpat.aspnet-helper-0.6.4/node_modules/vscode-languageclient/lib/protocolConverter.js:63:16)
    at <anonymous>:null:null

[2018-03-08 09:25:01.691] [renderer1] [error] Illegal argument, contents must be defined: Error: Illegal argument, contents must be defined
    at new <anonymous> (/usr/share/code/resources/app/out/vs/workbench/node/extensionHostProcess.js:471:178)
    at asHover (/root/.vscode/extensions/schneiderpat.aspnet-helper-0.6.4/node_modules/vscode-languageclient/lib/protocolConverter.js:63:16)
    at <anonymous>:null:null

[2018-03-08 09:25:02.752] [renderer1] [error] Illegal argument, contents must be defined: Error: Illegal argument, contents must be defined
    at new <anonymous> (/usr/share/code/resources/app/out/vs/workbench/node/extensionHostProcess.js:471:178)
    at asHover (/root/.vscode/extensions/schneiderpat.aspnet-helper-0.6.4/node_modules/vscode-languageclient/lib/protocolConverter.js:63:16)
    at <anonymous>:null:null

[2018-03-08 09:25:28.093] [renderer1] [error] Illegal argument, contents must be defined: Error: Illegal argument, contents must be defined
    at new <anonymous> (/usr/share/code/resources/app/out/vs/workbench/node/extensionHostProcess.js:471:178)
    at asHover (/root/.vscode/extensions/schneiderpat.aspnet-helper-0.6.4/node_modules/vscode-languageclient/lib/protocolConverter.js:63:16)
    at <anonymous>:null:null

[2018-03-08 09:25:34.335] [renderer1] [error] Illegal argument, contents must be defined: Error: Illegal argument, contents must be defined
    at new <anonymous> (/usr/share/code/resources/app/out/vs/workbench/node/extensionHostProcess.js:471:178)
    at asHover (/root/.vscode/extensions/schneiderpat.aspnet-helper-0.6.4/node_modules/vscode-languageclient/lib/protocolConverter.js:63:16)
    at <anonymous>:null:null

[2018-03-08 09:25:48.711] [renderer1] [error] Illegal argument, contents must be defined: Error: Illegal argument, contents must be defined
    at new <anonymous> (/usr/share/code/resources/app/out/vs/workbench/node/extensionHostProcess.js:471:178)
    at asHover (/root/.vscode/extensions/schneiderpat.aspnet-helper-0.6.4/node_modules/vscode-languageclient/lib/protocolConverter.js:63:16)
    at <anonymous>:null:null

[2018-03-08 09:26:13.833] [renderer1] [error] Illegal argument, contents must be defined: Error: Illegal argument, contents must be defined
    at new <anonymous> (/usr/share/code/resources/app/out/vs/workbench/node/extensionHostProcess.js:471:178)
    at asHover (/root/.vscode/extensions/schneiderpat.aspnet-helper-0.6.4/node_modules/vscode-languageclient/lib/protocolConverter.js:63:16)
    at <anonymous>:null:null

[2018-03-08 09:26:15.860] [renderer1] [error] Illegal argument, contents must be defined: Error: Illegal argument, contents must be defined
    at new <anonymous> (/usr/share/code/resources/app/out/vs/workbench/node/extensionHostProcess.js:471:178)
    at asHover (/root/.vscode/extensions/schneiderpat.aspnet-helper-0.6.4/node_modules/vscode-languageclient/lib/protocolConverter.js:63:16)
    at <anonymous>:null:null

[2018-03-08 09:26:19.288] [renderer1] [error] Illegal argument, contents must be defined: Error: Illegal argument, contents must be defined
    at new <anonymous> (/usr/share/code/resources/app/out/vs/workbench/node/extensionHostProcess.js:471:178)
    at asHover (/root/.vscode/extensions/schneiderpat.aspnet-helper-0.6.4/node_modules/vscode-languageclient/lib/protocolConverter.js:63:16)
    at <anonymous>:null:null

[2018-03-08 09:26:47.213] [renderer1] [error] Illegal argument, contents must be defined: Error: Illegal argument, contents must be defined
    at new <anonymous> (/usr/share/code/resources/app/out/vs/workbench/node/extensionHostProcess.js:471:178)
    at asHover (/root/.vscode/extensions/schneiderpat.aspnet-helper-0.6.4/node_modules/vscode-languageclient/lib/protocolConverter.js:63:16)
    at <anonymous>:null:null

[2018-03-08 09:26:50.466] [renderer1] [error] Illegal argument, contents must be defined: Error: Illegal argument, contents must be defined
    at new <anonymous> (/usr/share/code/resources/app/out/vs/workbench/node/extensionHostProcess.js:471:178)
    at asHover (/root/.vscode/extensions/schneiderpat.aspnet-helper-0.6.4/node_modules/vscode-languageclient/lib/protocolConverter.js:63:16)
    at <anonymous>:null:null

[2018-03-08 09:27:12.513] [renderer1] [error] Illegal argument, contents must be defined: Error: Illegal argument, contents must be defined
    at new <anonymous> (/usr/share/code/resources/app/out/vs/workbench/node/extensionHostProcess.js:471:178)
    at asHover (/root/.vscode/extensions/schneiderpat.aspnet-helper-0.6.4/node_modules/vscode-languageclient/lib/protocolConverter.js:63:16)
    at <anonymous>:null:null

[2018-03-08 09:27:14.974] [renderer1] [error] Illegal argument, contents must be defined: Error: Illegal argument, contents must be defined
    at new <anonymous> (/usr/share/code/resources/app/out/vs/workbench/node/extensionHostProcess.js:471:178)
    at asHover (/root/.vscode/extensions/schneiderpat.aspnet-helper-0.6.4/node_modules/vscode-languageclient/lib/protocolConverter.js:63:16)
    at <anonymous>:null:null

[2018-03-08 09:27:51.568] [renderer1] [error] Illegal argument, contents must be defined: Error: Illegal argument, contents must be defined
    at new <anonymous> (/usr/share/code/resources/app/out/vs/workbench/node/extensionHostProcess.js:471:178)
    at asHover (/root/.vscode/extensions/schneiderpat.aspnet-helper-0.6.4/node_modules/vscode-languageclient/lib/protocolConverter.js:63:16)
    at <anonymous>:null:null

[2018-03-08 09:29:55.311] [renderer1] [error] Illegal argument, contents must be defined: Error: Illegal argument, contents must be defined
    at new <anonymous> (/usr/share/code/resources/app/out/vs/workbench/node/extensionHostProcess.js:471:178)
    at asHover (/root/.vscode/extensions/schneiderpat.aspnet-helper-0.6.4/node_modules/vscode-languageclient/lib/protocolConverter.js:63:16)
    at <anonymous>:null:null

[2018-03-08 09:29:56.533] [renderer1] [error] Illegal argument, contents must be defined: Error: Illegal argument, contents must be defined
    at new <anonymous> (/usr/share/code/resources/app/out/vs/workbench/node/extensionHostProcess.js:471:178)
    at asHover (/root/.vscode/extensions/schneiderpat.aspnet-helper-0.6.4/node_modules/vscode-languageclient/lib/protocolConverter.js:63:16)
    at <anonymous>:null:null

[2018-03-08 09:32:12.036] [renderer1] [error] Illegal value for `line`: Error: Illegal value for `line`
    at t._lineAt (/usr/share/code/resources/app/out/vs/workbench/node/extensionHostProcess.js:487:34)
    at Object.lineAt (/usr/share/code/resources/app/out/vs/workbench/node/extensionHostProcess.js:485:801)
    at CodeActionProvider.findClassFromLine (/root/.vscode/extensions/jchannon.csharpextensions-1.3.0/out/src/codeActionProvider.js:122:33)
    at CodeActionProvider.getCtorpCommand (/root/.vscode/extensions/jchannon.csharpextensions-1.3.0/out/src/codeActionProvider.js:77:32)
    at CodeActionProvider.provideCodeActions (/root/.vscode/extensions/jchannon.csharpextensions-1.3.0/out/src/codeActionProvider.js:22:33)
    at /usr/share/code/resources/app/out/vs/workbench/node/extensionHostProcess.js:628:730
    at /usr/share/code/resources/app/out/vs/workbench/node/extensionHostProcess.js:98:622
    at new n.Class.derive._oncancel (/usr/share/code/resources/app/out/vs/workbench/node/extensionHostProcess.js:75:657)
    at Object.t.asWinJsPromise (/usr/share/code/resources/app/out/vs/workbench/node/extensionHostProcess.js:98:585)
    at e.provideCodeActions (/usr/share/code/resources/app/out/vs/workbench/node/extensionHostProcess.js:628:684)
    at /usr/share/code/resources/app/out/vs/workbench/node/extensionHostProcess.js:641:51
    at e._withAdapter (/usr/share/code/resources/app/out/vs/workbench/node/extensionHostProcess.js:637:537)
    at e.$provideCodeActions (/usr/share/code/resources/app/out/vs/workbench/node/extensionHostProcess.js:641:13)
    at e._doInvokeHandler (/usr/share/code/resources/app/out/vs/workbench/node/extensionHostProcess.js:584:983)
    at e._invokeHandler (/usr/share/code/resources/app/out/vs/workbench/node/extensionHostProcess.js:584:701)
    at e._receiveRequest (/usr/share/code/resources/app/out/vs/workbench/node/extensionHostProcess.js:583:836)
    at e._receiveOneMessage (/usr/share/code/resources/app/out/vs/workbench/node/extensionHostProcess.js:583:605)
    at /usr/share/code/resources/app/out/vs/workbench/node/extensionHostProcess.js:582:671
    at /usr/share/code/resources/app/out/vs/workbench/node/extensionHostProcess.js:585:523
    at /usr/share/code/resources/app/out/vs/workbench/node/extensionHostProcess.js:87:459
    at e.fire (/usr/share/code/resources/app/out/vs/workbench/node/extensionHostProcess.js:88:729)
    at Socket.<anonymous> (/usr/share/code/resources/app/out/vs/workbench/node/extensionHostProcess.js:146:633)
    at emitOne (events.js:96:13)
    at Socket.emit (events.js:191:7)
    at readableAddChunk (_stream_readable.js:178:18)
    at Socket.Readable.push (_stream_readable.js:136:10)
    at Pipe.onread (net.js:560:20)

