Looking for git in: git
Using git 2.7.4 from git
git rev-parse --show-toplevel
git config --get commit.template
git status -z -u
git show :Views/Instructor/Edit.cshtml
git check-ignore -z --stdin
git symbolic-ref --short HEAD
git rev-parse master
git rev-parse --symbolic-full-name --abbrev-ref master@{u}
git rev-list --left-right master...origin/master
git for-each-ref --format %(refname) %(objectname) --sort -committerdate
git remote --verbose
git show :Views/Instructor/Edit.cshtml
git show :Startup.cs
git check-ignore -z --stdin
git check-ignore -z --stdin
git check-ignore -z --stdin
git show :Data/SchoolContext.cs
git status -z -u
git symbolic-ref --short HEAD
git rev-parse master
git rev-parse --symbolic-full-name --abbrev-ref master@{u}
git rev-list --left-right master...origin/master
git for-each-ref --format %(refname) %(objectname) --sort -committerdate
git remote --verbose
git show :Data/SchoolContext.cs
git check-ignore -z --stdin
git status -z -u
git symbolic-ref --short HEAD
git rev-parse master
git rev-parse --symbolic-full-name --abbrev-ref master@{u}
git rev-list --left-right master...origin/master
git for-each-ref --format %(refname) %(objectname) --sort -committerdate
git remote --verbose
git show :Migrations/20180307173712_InitialCreate.cs
git show :Data/SchoolContext.cs
git status -z -u
git symbolic-ref --short HEAD
git rev-parse master
git rev-parse --symbolic-full-name --abbrev-ref master@{u}
git rev-list --left-right master...origin/master
git for-each-ref --format %(refname) %(objectname) --sort -committerdate
git remote --verbose
git status -z -u
git symbolic-ref --short HEAD
git rev-parse master
git rev-parse --symbolic-full-name --abbrev-ref master@{u}
git rev-list --left-right master...origin/master
git for-each-ref --format %(refname) %(objectname) --sort -committerdate
git remote --verbose
git show :Data/SchoolContext.cs
git status -z -u
git symbolic-ref --short HEAD
git rev-parse master
git rev-parse --symbolic-full-name --abbrev-ref master@{u}
git rev-list --left-right master...origin/master
git for-each-ref --format %(refname) %(objectname) --sort -committerdate
git remote --verbose
git check-ignore -z --stdin
git status -z -u
git symbolic-ref --short HEAD
git rev-parse master
git rev-parse --symbolic-full-name --abbrev-ref master@{u}
git rev-list --left-right master...origin/master
git for-each-ref --format %(refname) %(objectname) --sort -committerdate
git remote --verbose
git show :Data/SchoolContext.cs
git status -z -u
git symbolic-ref --short HEAD
git rev-parse master
git rev-parse --symbolic-full-name --abbrev-ref master@{u}
git rev-list --left-right master...origin/master
git for-each-ref --format %(refname) %(objectname) --sort -committerdate
git remote --verbose
git status -z -u
git symbolic-ref --short HEAD
git rev-parse master
git rev-parse --symbolic-full-name --abbrev-ref master@{u}
git rev-list --left-right master...origin/master
git for-each-ref --format %(refname) %(objectname) --sort -committerdate
git remote --verbose
git show :Data/SchoolContext.cs
git status -z -u
git symbolic-ref --short HEAD
git rev-parse master
git rev-parse --symbolic-full-name --abbrev-ref master@{u}
git rev-list --left-right master...origin/master
git for-each-ref --format %(refname) %(objectname) --sort -committerdate
git remote --verbose
git show :Data/SchoolContext.cs
git show :Migrations/20180316145336_InitialCreate.cs
git status -z -u
git symbolic-ref --short HEAD
git rev-parse master
git rev-parse --symbolic-full-name --abbrev-ref master@{u}
git rev-list --left-right master...origin/master
git for-each-ref --format %(refname) %(objectname) --sort -committerdate
git remote --verbose
git show :Data/SchoolContext.cs
git status -z -u
git symbolic-ref --short HEAD
git rev-parse master
git rev-parse --symbolic-full-name --abbrev-ref master@{u}
git rev-list --left-right master...origin/master
git for-each-ref --format %(refname) %(objectname) --sort -committerdate
git remote --verbose
git show :Data/SchoolContext.cs
git status -z -u
git symbolic-ref --short HEAD
git rev-parse master
git rev-parse --symbolic-full-name --abbrev-ref master@{u}
git rev-list --left-right master...origin/master
git for-each-ref --format %(refname) %(objectname) --sort -committerdate
git remote --verbose
git show :Models/Department.cs
git show :Models/Instructor.cs
git show :Models/Course.cs
git show :Models/Department.cs
git status -z -u
git symbolic-ref --short HEAD
git rev-parse master
git rev-parse --symbolic-full-name --abbrev-ref master@{u}
git rev-list --left-right master...origin/master
git for-each-ref --format %(refname) %(objectname) --sort -committerdate
git remote --verbose
git show :Models/Department.cs
git check-ignore -z --stdin
git status -z -u
git symbolic-ref --short HEAD
git rev-parse master
git rev-parse --symbolic-full-name --abbrev-ref master@{u}
git rev-list --left-right master...origin/master
git for-each-ref --format %(refname) %(objectname) --sort -committerdate
git remote --verbose
git show :Models/Department.cs
git show :Migrations/20180316145712_InitialCreate.cs
git show :Models/Department.cs
git status -z -u
git symbolic-ref --short HEAD
git rev-parse master
git rev-parse --symbolic-full-name --abbrev-ref master@{u}
git rev-list --left-right master...origin/master
git for-each-ref --format %(refname) %(objectname) --sort -committerdate
git remote --verbose
git show :Models/Course.cs
git status -z -u
git symbolic-ref --short HEAD
git rev-parse master
git rev-parse --symbolic-full-name --abbrev-ref master@{u}
git rev-list --left-right master...origin/master
git for-each-ref --format %(refname) %(objectname) --sort -committerdate
git remote --verbose
git show :Models/CourseAssignment.cs
git show :Models/CourseAssignment.cs
git show :Models/Department.cs
git status -z -u
git symbolic-ref --short HEAD
git rev-parse master
git rev-parse --symbolic-full-name --abbrev-ref master@{u}
git rev-list --left-right master...origin/master
git for-each-ref --format %(refname) %(objectname) --sort -committerdate
git remote --verbose
git show :Models/Department.cs
git show :Models/Enrollment.cs
git status -z -u
git symbolic-ref --short HEAD
git rev-parse master
git rev-parse --symbolic-full-name --abbrev-ref master@{u}
git rev-list --left-right master...origin/master
git for-each-ref --format %(refname) %(objectname) --sort -committerdate
git remote --verbose
git show :Models/ErrorViewModel.cs
git show :Models/Instructor.cs
git show :Models/OfficeAsignment.cs
git show :Models/Student.cs
git show :Models/SchoolViewModels/AssignedCourseData.cs
git show :Models/SchoolViewModels/EnrollmentDateGroup.cs
git show :Models/SchoolViewModels/InstructorIndexData.cs
git check-ignore -z --stdin
git status -z -u
git symbolic-ref --short HEAD
git rev-parse master
git rev-parse --symbolic-full-name --abbrev-ref master@{u}
git rev-list --left-right master...origin/master
git for-each-ref --format %(refname) %(objectname) --sort -committerdate
git remote --verbose
git show :Models/SchoolViewModels/InstructorIndexData.cs
git show :Models/CourseAssignment.cs
git status -z -u
git symbolic-ref --short HEAD
git rev-parse master
git rev-parse --symbolic-full-name --abbrev-ref master@{u}
git rev-list --left-right master...origin/master
git for-each-ref --format %(refname) %(objectname) --sort -committerdate
git remote --verbose
git show :Models/Department.cs
git show :Migrations/20180316145942_InitialCreate.cs
git show :Migrations/20180316145942_InitialCreate.Designer.cs
git show :Migrations/SchoolContextModelSnapshot.cs
git show :Migrations/20180316145942_InitialCreate.cs
git show :Models/Department.cs
git show :Migrations/20180316145942_InitialCreate.cs
git status -z -u
git symbolic-ref --short HEAD
git rev-parse master
git rev-parse --symbolic-full-name --abbrev-ref master@{u}
git rev-list --left-right master...origin/master
git for-each-ref --format %(refname) %(objectname) --sort -committerdate
git remote --verbose
git show :Migrations/20180316145942_InitialCreate.cs
git status -z -u
git symbolic-ref --short HEAD
git rev-parse master
git rev-parse --symbolic-full-name --abbrev-ref master@{u}
git rev-list --left-right master...origin/master
git for-each-ref --format %(refname) %(objectname) --sort -committerdate
git remote --verbose
git show :Migrations/20180316145942_InitialCreate.cs
git status -z -u
git symbolic-ref --short HEAD
git rev-parse master
git rev-parse --symbolic-full-name --abbrev-ref master@{u}
git rev-list --left-right master...origin/master
git for-each-ref --format %(refname) %(objectname) --sort -committerdate
git remote --verbose
git status -z -u
git symbolic-ref --short HEAD
git rev-parse master
git rev-parse --symbolic-full-name --abbrev-ref master@{u}
git rev-list --left-right master...origin/master
git for-each-ref --format %(refname) %(objectname) --sort -committerdate
git remote --verbose
git status -z -u
git symbolic-ref --short HEAD
git rev-parse master
git rev-parse --symbolic-full-name --abbrev-ref master@{u}
git rev-list --left-right master...origin/master
git for-each-ref --format %(refname) %(objectname) --sort -committerdate
git remote --verbose
git show :Migrations/20180316145942_InitialCreate.cs
git status -z -u
git symbolic-ref --short HEAD
git rev-parse master
git rev-parse --symbolic-full-name --abbrev-ref master@{u}
git rev-list --left-right master...origin/master
git for-each-ref --format %(refname) %(objectname) --sort -committerdate
git remote --verbose
git show :Models/Department.cs
git show :Models/Course.cs
git show :Models/CourseAssignment.cs
git show :Models/Department.cs
git show :Models/Enrollment.cs
git show :Models/ErrorViewModel.cs
git show :Models/Instructor.cs
git show :Models/OfficeAsignment.cs
git show :Models/Student.cs
git show :Data/SchoolContext.cs
