[2018-02-23 10:45:09.688] [renderer1] [error] Illegal argument: line must be non-negative: Error: Illegal argument: line must be non-negative
    at Object.t.illegalArgument (/usr/share/code/resources/app/out/vs/workbench/node/extensionHostProcess.js:86:307)
    at new e (/usr/share/code/resources/app/out/vs/workbench/node/extensionHostProcess.js:462:192)
    at CodeActionProvider.getInitializeFromCtorCommand (/root/.vscode/extensions/jchannon.csharpextensions-1.3.0/out/src/codeActionProvider.js:166:61)
    at addInitalizeFromCtor (/root/.vscode/extensions/jchannon.csharpextensions-1.3.0/out/src/codeActionProvider.js:15:28)
    at CodeActionProvider.provideCodeActions (/root/.vscode/extensions/jchannon.csharpextensions-1.3.0/out/src/codeActionProvider.js:19:9)
    at /usr/share/code/resources/app/out/vs/workbench/node/extensionHostProcess.js:628:730
    at /usr/share/code/resources/app/out/vs/workbench/node/extensionHostProcess.js:98:622
    at new n.Class.derive._oncancel (/usr/share/code/resources/app/out/vs/workbench/node/extensionHostProcess.js:75:657)
    at Object.t.asWinJsPromise (/usr/share/code/resources/app/out/vs/workbench/node/extensionHostProcess.js:98:585)
    at e.provideCodeActions (/usr/share/code/resources/app/out/vs/workbench/node/extensionHostProcess.js:628:684)
    at /usr/share/code/resources/app/out/vs/workbench/node/extensionHostProcess.js:641:51
    at e._withAdapter (/usr/share/code/resources/app/out/vs/workbench/node/extensionHostProcess.js:637:537)
    at e.$provideCodeActions (/usr/share/code/resources/app/out/vs/workbench/node/extensionHostProcess.js:641:13)
    at e._doInvokeHandler (/usr/share/code/resources/app/out/vs/workbench/node/extensionHostProcess.js:584:983)
    at e._invokeHandler (/usr/share/code/resources/app/out/vs/workbench/node/extensionHostProcess.js:584:701)
    at e._receiveRequest (/usr/share/code/resources/app/out/vs/workbench/node/extensionHostProcess.js:583:836)
    at e._receiveOneMessage (/usr/share/code/resources/app/out/vs/workbench/node/extensionHostProcess.js:583:605)
    at /usr/share/code/resources/app/out/vs/workbench/node/extensionHostProcess.js:582:671
    at /usr/share/code/resources/app/out/vs/workbench/node/extensionHostProcess.js:585:523
    at /usr/share/code/resources/app/out/vs/workbench/node/extensionHostProcess.js:87:459
    at e.fire (/usr/share/code/resources/app/out/vs/workbench/node/extensionHostProcess.js:88:729)
    at Socket.<anonymous> (/usr/share/code/resources/app/out/vs/workbench/node/extensionHostProcess.js:146:633)
    at emitOne (events.js:96:13)
    at Socket.emit (events.js:191:7)
    at readableAddChunk (_stream_readable.js:178:18)
    at Socket.Readable.push (_stream_readable.js:136:10)
    at Pipe.onread (net.js:560:20)

[2018-02-23 10:45:42.036] [renderer1] [error] Cannot read property 'selection' of undefined: TypeError: Cannot read property 'selection' of undefined
    at CodeActionProvider.getInitializeFromCtorCommand (/root/.vscode/extensions/jchannon.csharpextensions-1.3.0/out/src/codeActionProvider.js:165:32)
    at addInitalizeFromCtor (/root/.vscode/extensions/jchannon.csharpextensions-1.3.0/out/src/codeActionProvider.js:15:28)
    at CodeActionProvider.provideCodeActions (/root/.vscode/extensions/jchannon.csharpextensions-1.3.0/out/src/codeActionProvider.js:19:9)
    at /usr/share/code/resources/app/out/vs/workbench/node/extensionHostProcess.js:628:730
    at /usr/share/code/resources/app/out/vs/workbench/node/extensionHostProcess.js:98:622
    at new n.Class.derive._oncancel (/usr/share/code/resources/app/out/vs/workbench/node/extensionHostProcess.js:75:657)
    at Object.t.asWinJsPromise (/usr/share/code/resources/app/out/vs/workbench/node/extensionHostProcess.js:98:585)
    at e.provideCodeActions (/usr/share/code/resources/app/out/vs/workbench/node/extensionHostProcess.js:628:684)
    at /usr/share/code/resources/app/out/vs/workbench/node/extensionHostProcess.js:641:51
    at e._withAdapter (/usr/share/code/resources/app/out/vs/workbench/node/extensionHostProcess.js:637:537)
    at e.$provideCodeActions (/usr/share/code/resources/app/out/vs/workbench/node/extensionHostProcess.js:641:13)
    at e._doInvokeHandler (/usr/share/code/resources/app/out/vs/workbench/node/extensionHostProcess.js:584:983)
    at e._invokeHandler (/usr/share/code/resources/app/out/vs/workbench/node/extensionHostProcess.js:584:701)
    at e._receiveRequest (/usr/share/code/resources/app/out/vs/workbench/node/extensionHostProcess.js:583:836)
    at e._receiveOneMessage (/usr/share/code/resources/app/out/vs/workbench/node/extensionHostProcess.js:583:605)
    at /usr/share/code/resources/app/out/vs/workbench/node/extensionHostProcess.js:582:671
    at /usr/share/code/resources/app/out/vs/workbench/node/extensionHostProcess.js:585:523
    at /usr/share/code/resources/app/out/vs/workbench/node/extensionHostProcess.js:87:459
    at e.fire (/usr/share/code/resources/app/out/vs/workbench/node/extensionHostProcess.js:88:729)
    at Socket.<anonymous> (/usr/share/code/resources/app/out/vs/workbench/node/extensionHostProcess.js:146:633)
    at emitOne (events.js:96:13)
    at Socket.emit (events.js:191:7)
    at readableAddChunk (_stream_readable.js:178:18)
    at Socket.Readable.push (_stream_readable.js:136:10)
    at Pipe.onread (net.js:560:20)

[2018-02-23 10:45:47.074] [renderer1] [error] Cannot read property 'selection' of undefined: TypeError: Cannot read property 'selection' of undefined
    at CodeActionProvider.getInitializeFromCtorCommand (/root/.vscode/extensions/jchannon.csharpextensions-1.3.0/out/src/codeActionProvider.js:165:32)
    at addInitalizeFromCtor (/root/.vscode/extensions/jchannon.csharpextensions-1.3.0/out/src/codeActionProvider.js:15:28)
    at CodeActionProvider.provideCodeActions (/root/.vscode/extensions/jchannon.csharpextensions-1.3.0/out/src/codeActionProvider.js:19:9)
    at /usr/share/code/resources/app/out/vs/workbench/node/extensionHostProcess.js:628:730
    at /usr/share/code/resources/app/out/vs/workbench/node/extensionHostProcess.js:98:622
    at new n.Class.derive._oncancel (/usr/share/code/resources/app/out/vs/workbench/node/extensionHostProcess.js:75:657)
    at Object.t.asWinJsPromise (/usr/share/code/resources/app/out/vs/workbench/node/extensionHostProcess.js:98:585)
    at e.provideCodeActions (/usr/share/code/resources/app/out/vs/workbench/node/extensionHostProcess.js:628:684)
    at /usr/share/code/resources/app/out/vs/workbench/node/extensionHostProcess.js:641:51
    at e._withAdapter (/usr/share/code/resources/app/out/vs/workbench/node/extensionHostProcess.js:637:537)
    at e.$provideCodeActions (/usr/share/code/resources/app/out/vs/workbench/node/extensionHostProcess.js:641:13)
    at e._doInvokeHandler (/usr/share/code/resources/app/out/vs/workbench/node/extensionHostProcess.js:584:983)
    at e._invokeHandler (/usr/share/code/resources/app/out/vs/workbench/node/extensionHostProcess.js:584:701)
    at e._receiveRequest (/usr/share/code/resources/app/out/vs/workbench/node/extensionHostProcess.js:583:836)
    at e._receiveOneMessage (/usr/share/code/resources/app/out/vs/workbench/node/extensionHostProcess.js:583:605)
    at /usr/share/code/resources/app/out/vs/workbench/node/extensionHostProcess.js:582:671
    at /usr/share/code/resources/app/out/vs/workbench/node/extensionHostProcess.js:585:523
    at /usr/share/code/resources/app/out/vs/workbench/node/extensionHostProcess.js:87:459
    at e.fire (/usr/share/code/resources/app/out/vs/workbench/node/extensionHostProcess.js:88:729)
    at Socket.<anonymous> (/usr/share/code/resources/app/out/vs/workbench/node/extensionHostProcess.js:146:633)
    at emitOne (events.js:96:13)
    at Socket.emit (events.js:191:7)
    at readableAddChunk (_stream_readable.js:178:18)
    at Socket.Readable.push (_stream_readable.js:136:10)
    at Pipe.onread (net.js:560:20)

[2018-02-23 10:46:25.451] [renderer1] [error] Cannot read property 'selection' of undefined: TypeError: Cannot read property 'selection' of undefined
    at CodeActionProvider.getInitializeFromCtorCommand (/root/.vscode/extensions/jchannon.csharpextensions-1.3.0/out/src/codeActionProvider.js:165:32)
    at addInitalizeFromCtor (/root/.vscode/extensions/jchannon.csharpextensions-1.3.0/out/src/codeActionProvider.js:15:28)
    at CodeActionProvider.provideCodeActions (/root/.vscode/extensions/jchannon.csharpextensions-1.3.0/out/src/codeActionProvider.js:19:9)
    at /usr/share/code/resources/app/out/vs/workbench/node/extensionHostProcess.js:628:730
    at /usr/share/code/resources/app/out/vs/workbench/node/extensionHostProcess.js:98:622
    at new n.Class.derive._oncancel (/usr/share/code/resources/app/out/vs/workbench/node/extensionHostProcess.js:75:657)
    at Object.t.asWinJsPromise (/usr/share/code/resources/app/out/vs/workbench/node/extensionHostProcess.js:98:585)
    at e.provideCodeActions (/usr/share/code/resources/app/out/vs/workbench/node/extensionHostProcess.js:628:684)
    at /usr/share/code/resources/app/out/vs/workbench/node/extensionHostProcess.js:641:51
    at e._withAdapter (/usr/share/code/resources/app/out/vs/workbench/node/extensionHostProcess.js:637:537)
    at e.$provideCodeActions (/usr/share/code/resources/app/out/vs/workbench/node/extensionHostProcess.js:641:13)
    at e._doInvokeHandler (/usr/share/code/resources/app/out/vs/workbench/node/extensionHostProcess.js:584:983)
    at e._invokeHandler (/usr/share/code/resources/app/out/vs/workbench/node/extensionHostProcess.js:584:701)
    at e._receiveRequest (/usr/share/code/resources/app/out/vs/workbench/node/extensionHostProcess.js:583:836)
    at e._receiveOneMessage (/usr/share/code/resources/app/out/vs/workbench/node/extensionHostProcess.js:583:605)
    at /usr/share/code/resources/app/out/vs/workbench/node/extensionHostProcess.js:582:671
    at /usr/share/code/resources/app/out/vs/workbench/node/extensionHostProcess.js:585:523
    at /usr/share/code/resources/app/out/vs/workbench/node/extensionHostProcess.js:87:459
    at e.fire (/usr/share/code/resources/app/out/vs/workbench/node/extensionHostProcess.js:88:729)
    at Socket.<anonymous> (/usr/share/code/resources/app/out/vs/workbench/node/extensionHostProcess.js:146:633)
    at emitOne (events.js:96:13)
    at Socket.emit (events.js:191:7)
    at readableAddChunk (_stream_readable.js:178:18)
    at Socket.Readable.push (_stream_readable.js:136:10)
    at Pipe.onread (net.js:560:20)

[2018-02-23 10:46:30.641] [renderer1] [error] SplitLinesCollection: attempt to access a 'newer' model: Error: SplitLinesCollection: attempt to access a 'newer' model
    at e._ensureValidState (file:///usr/share/code/resources/app/out/vs/workbench/workbench.main.js:1097:726)
    at e.convertModelPositionToViewPosition (file:///usr/share/code/resources/app/out/vs/workbench/workbench.main.js:1106:246)
    at e.convertModelPositionToViewPosition (file:///usr/share/code/resources/app/out/vs/workbench/workbench.main.js:1096:706)
    at e._setPosition (file:///usr/share/code/resources/app/out/vs/workbench/workbench.main.js:704:656)
    at e.setPosition (file:///usr/share/code/resources/app/out/vs/workbench/workbench.main.js:704:911)
    at t.setWidgetPosition (file:///usr/share/code/resources/app/out/vs/workbench/workbench.main.js:701:1004)
    at t.layoutContentWidget (file:///usr/share/code/resources/app/out/vs/workbench/workbench.main.js:1784:103)
    at t.layoutContentWidget (file:///usr/share/code/resources/app/out/vs/workbench/workbench.main.js:1787:996)
    at e.update (file:///usr/share/code/resources/app/out/vs/workbench/workbench.main.js:1867:611)
    at file:///usr/share/code/resources/app/out/vs/workbench/workbench.main.js:1870:634
[2018-02-23 10:46:31.726] [renderer1] [error] SplitLinesCollection: attempt to access a 'newer' model: Error: SplitLinesCollection: attempt to access a 'newer' model
    at e._ensureValidState (file:///usr/share/code/resources/app/out/vs/workbench/workbench.main.js:1097:726)
    at e.convertModelPositionToViewPosition (file:///usr/share/code/resources/app/out/vs/workbench/workbench.main.js:1106:246)
    at e.convertModelPositionToViewPosition (file:///usr/share/code/resources/app/out/vs/workbench/workbench.main.js:1096:706)
    at e._setPosition (file:///usr/share/code/resources/app/out/vs/workbench/workbench.main.js:704:656)
    at e.setPosition (file:///usr/share/code/resources/app/out/vs/workbench/workbench.main.js:704:911)
    at t.setWidgetPosition (file:///usr/share/code/resources/app/out/vs/workbench/workbench.main.js:701:1004)
    at t.layoutContentWidget (file:///usr/share/code/resources/app/out/vs/workbench/workbench.main.js:1784:103)
    at t.layoutContentWidget (file:///usr/share/code/resources/app/out/vs/workbench/workbench.main.js:1787:996)
    at e.update (file:///usr/share/code/resources/app/out/vs/workbench/workbench.main.js:1867:611)
    at file:///usr/share/code/resources/app/out/vs/workbench/workbench.main.js:1870:634
[2018-02-23 10:46:38.510] [renderer1] [error] Illegal argument: line must be non-negative: Error: Illegal argument: line must be non-negative
    at Object.t.illegalArgument (/usr/share/code/resources/app/out/vs/workbench/node/extensionHostProcess.js:86:307)
    at new e (/usr/share/code/resources/app/out/vs/workbench/node/extensionHostProcess.js:462:192)
    at CodeActionProvider.getInitializeFromCtorCommand (/root/.vscode/extensions/jchannon.csharpextensions-1.3.0/out/src/codeActionProvider.js:166:61)
    at addInitalizeFromCtor (/root/.vscode/extensions/jchannon.csharpextensions-1.3.0/out/src/codeActionProvider.js:15:28)
    at CodeActionProvider.provideCodeActions (/root/.vscode/extensions/jchannon.csharpextensions-1.3.0/out/src/codeActionProvider.js:19:9)
    at /usr/share/code/resources/app/out/vs/workbench/node/extensionHostProcess.js:628:730
    at /usr/share/code/resources/app/out/vs/workbench/node/extensionHostProcess.js:98:622
    at new n.Class.derive._oncancel (/usr/share/code/resources/app/out/vs/workbench/node/extensionHostProcess.js:75:657)
    at Object.t.asWinJsPromise (/usr/share/code/resources/app/out/vs/workbench/node/extensionHostProcess.js:98:585)
    at e.provideCodeActions (/usr/share/code/resources/app/out/vs/workbench/node/extensionHostProcess.js:628:684)
    at /usr/share/code/resources/app/out/vs/workbench/node/extensionHostProcess.js:641:51
    at e._withAdapter (/usr/share/code/resources/app/out/vs/workbench/node/extensionHostProcess.js:637:537)
    at e.$provideCodeActions (/usr/share/code/resources/app/out/vs/workbench/node/extensionHostProcess.js:641:13)
    at e._doInvokeHandler (/usr/share/code/resources/app/out/vs/workbench/node/extensionHostProcess.js:584:983)
    at e._invokeHandler (/usr/share/code/resources/app/out/vs/workbench/node/extensionHostProcess.js:584:701)
    at e._receiveRequest (/usr/share/code/resources/app/out/vs/workbench/node/extensionHostProcess.js:583:836)
    at e._receiveOneMessage (/usr/share/code/resources/app/out/vs/workbench/node/extensionHostProcess.js:583:605)
    at /usr/share/code/resources/app/out/vs/workbench/node/extensionHostProcess.js:582:671
    at /usr/share/code/resources/app/out/vs/workbench/node/extensionHostProcess.js:585:523
    at /usr/share/code/resources/app/out/vs/workbench/node/extensionHostProcess.js:87:459
    at e.fire (/usr/share/code/resources/app/out/vs/workbench/node/extensionHostProcess.js:88:729)
    at Socket.<anonymous> (/usr/share/code/resources/app/out/vs/workbench/node/extensionHostProcess.js:146:633)
    at emitOne (events.js:96:13)
    at Socket.emit (events.js:191:7)
    at readableAddChunk (_stream_readable.js:178:18)
    at Socket.Readable.push (_stream_readable.js:136:10)
    at Pipe.onread (net.js:560:20)

[2018-02-23 10:46:39.197] [renderer1] [error] Cannot read property 'selection' of undefined: TypeError: Cannot read property 'selection' of undefined
    at CodeActionProvider.getInitializeFromCtorCommand (/root/.vscode/extensions/jchannon.csharpextensions-1.3.0/out/src/codeActionProvider.js:165:32)
    at addInitalizeFromCtor (/root/.vscode/extensions/jchannon.csharpextensions-1.3.0/out/src/codeActionProvider.js:15:28)
    at CodeActionProvider.provideCodeActions (/root/.vscode/extensions/jchannon.csharpextensions-1.3.0/out/src/codeActionProvider.js:19:9)
    at /usr/share/code/resources/app/out/vs/workbench/node/extensionHostProcess.js:628:730
    at /usr/share/code/resources/app/out/vs/workbench/node/extensionHostProcess.js:98:622
    at new n.Class.derive._oncancel (/usr/share/code/resources/app/out/vs/workbench/node/extensionHostProcess.js:75:657)
    at Object.t.asWinJsPromise (/usr/share/code/resources/app/out/vs/workbench/node/extensionHostProcess.js:98:585)
    at e.provideCodeActions (/usr/share/code/resources/app/out/vs/workbench/node/extensionHostProcess.js:628:684)
    at /usr/share/code/resources/app/out/vs/workbench/node/extensionHostProcess.js:641:51
    at e._withAdapter (/usr/share/code/resources/app/out/vs/workbench/node/extensionHostProcess.js:637:537)
    at e.$provideCodeActions (/usr/share/code/resources/app/out/vs/workbench/node/extensionHostProcess.js:641:13)
    at e._doInvokeHandler (/usr/share/code/resources/app/out/vs/workbench/node/extensionHostProcess.js:584:983)
    at e._invokeHandler (/usr/share/code/resources/app/out/vs/workbench/node/extensionHostProcess.js:584:701)
    at e._receiveRequest (/usr/share/code/resources/app/out/vs/workbench/node/extensionHostProcess.js:583:836)
    at e._receiveOneMessage (/usr/share/code/resources/app/out/vs/workbench/node/extensionHostProcess.js:583:605)
    at /usr/share/code/resources/app/out/vs/workbench/node/extensionHostProcess.js:582:671
    at /usr/share/code/resources/app/out/vs/workbench/node/extensionHostProcess.js:585:523
    at /usr/share/code/resources/app/out/vs/workbench/node/extensionHostProcess.js:87:459
    at e.fire (/usr/share/code/resources/app/out/vs/workbench/node/extensionHostProcess.js:88:729)
    at Socket.<anonymous> (/usr/share/code/resources/app/out/vs/workbench/node/extensionHostProcess.js:146:633)
    at emitOne (events.js:96:13)
    at Socket.emit (events.js:191:7)
    at readableAddChunk (_stream_readable.js:178:18)
    at Socket.Readable.push (_stream_readable.js:136:10)
    at Pipe.onread (net.js:560:20)

[2018-02-23 10:47:01.086] [renderer1] [error] Cannot read property 'selection' of undefined: TypeError: Cannot read property 'selection' of undefined
    at CodeActionProvider.getInitializeFromCtorCommand (/root/.vscode/extensions/jchannon.csharpextensions-1.3.0/out/src/codeActionProvider.js:165:32)
    at addInitalizeFromCtor (/root/.vscode/extensions/jchannon.csharpextensions-1.3.0/out/src/codeActionProvider.js:15:28)
    at CodeActionProvider.provideCodeActions (/root/.vscode/extensions/jchannon.csharpextensions-1.3.0/out/src/codeActionProvider.js:19:9)
    at /usr/share/code/resources/app/out/vs/workbench/node/extensionHostProcess.js:628:730
    at /usr/share/code/resources/app/out/vs/workbench/node/extensionHostProcess.js:98:622
    at new n.Class.derive._oncancel (/usr/share/code/resources/app/out/vs/workbench/node/extensionHostProcess.js:75:657)
    at Object.t.asWinJsPromise (/usr/share/code/resources/app/out/vs/workbench/node/extensionHostProcess.js:98:585)
    at e.provideCodeActions (/usr/share/code/resources/app/out/vs/workbench/node/extensionHostProcess.js:628:684)
    at /usr/share/code/resources/app/out/vs/workbench/node/extensionHostProcess.js:641:51
    at e._withAdapter (/usr/share/code/resources/app/out/vs/workbench/node/extensionHostProcess.js:637:537)
    at e.$provideCodeActions (/usr/share/code/resources/app/out/vs/workbench/node/extensionHostProcess.js:641:13)
    at e._doInvokeHandler (/usr/share/code/resources/app/out/vs/workbench/node/extensionHostProcess.js:584:983)
    at e._invokeHandler (/usr/share/code/resources/app/out/vs/workbench/node/extensionHostProcess.js:584:701)
    at e._receiveRequest (/usr/share/code/resources/app/out/vs/workbench/node/extensionHostProcess.js:583:836)
    at e._receiveOneMessage (/usr/share/code/resources/app/out/vs/workbench/node/extensionHostProcess.js:583:605)
    at /usr/share/code/resources/app/out/vs/workbench/node/extensionHostProcess.js:582:671
    at /usr/share/code/resources/app/out/vs/workbench/node/extensionHostProcess.js:585:523
    at /usr/share/code/resources/app/out/vs/workbench/node/extensionHostProcess.js:87:459
    at e.fire (/usr/share/code/resources/app/out/vs/workbench/node/extensionHostProcess.js:88:729)
    at Socket.<anonymous> (/usr/share/code/resources/app/out/vs/workbench/node/extensionHostProcess.js:146:633)
    at emitOne (events.js:96:13)
    at Socket.emit (events.js:191:7)
    at readableAddChunk (_stream_readable.js:178:18)
    at Socket.Readable.push (_stream_readable.js:136:10)
    at Pipe.onread (net.js:560:20)

[2018-02-23 10:47:02.248] [renderer1] [error] Cannot read property 'selection' of undefined: TypeError: Cannot read property 'selection' of undefined
    at CodeActionProvider.getInitializeFromCtorCommand (/root/.vscode/extensions/jchannon.csharpextensions-1.3.0/out/src/codeActionProvider.js:165:32)
    at addInitalizeFromCtor (/root/.vscode/extensions/jchannon.csharpextensions-1.3.0/out/src/codeActionProvider.js:15:28)
    at CodeActionProvider.provideCodeActions (/root/.vscode/extensions/jchannon.csharpextensions-1.3.0/out/src/codeActionProvider.js:19:9)
    at /usr/share/code/resources/app/out/vs/workbench/node/extensionHostProcess.js:628:730
    at /usr/share/code/resources/app/out/vs/workbench/node/extensionHostProcess.js:98:622
    at new n.Class.derive._oncancel (/usr/share/code/resources/app/out/vs/workbench/node/extensionHostProcess.js:75:657)
    at Object.t.asWinJsPromise (/usr/share/code/resources/app/out/vs/workbench/node/extensionHostProcess.js:98:585)
    at e.provideCodeActions (/usr/share/code/resources/app/out/vs/workbench/node/extensionHostProcess.js:628:684)
    at /usr/share/code/resources/app/out/vs/workbench/node/extensionHostProcess.js:641:51
    at e._withAdapter (/usr/share/code/resources/app/out/vs/workbench/node/extensionHostProcess.js:637:537)
    at e.$provideCodeActions (/usr/share/code/resources/app/out/vs/workbench/node/extensionHostProcess.js:641:13)
    at e._doInvokeHandler (/usr/share/code/resources/app/out/vs/workbench/node/extensionHostProcess.js:584:983)
    at e._invokeHandler (/usr/share/code/resources/app/out/vs/workbench/node/extensionHostProcess.js:584:701)
    at e._receiveRequest (/usr/share/code/resources/app/out/vs/workbench/node/extensionHostProcess.js:583:836)
    at e._receiveOneMessage (/usr/share/code/resources/app/out/vs/workbench/node/extensionHostProcess.js:583:605)
    at /usr/share/code/resources/app/out/vs/workbench/node/extensionHostProcess.js:582:671
    at /usr/share/code/resources/app/out/vs/workbench/node/extensionHostProcess.js:585:523
    at /usr/share/code/resources/app/out/vs/workbench/node/extensionHostProcess.js:87:459
    at e.fire (/usr/share/code/resources/app/out/vs/workbench/node/extensionHostProcess.js:88:729)
    at Socket.<anonymous> (/usr/share/code/resources/app/out/vs/workbench/node/extensionHostProcess.js:146:633)
    at emitOne (events.js:96:13)
    at Socket.emit (events.js:191:7)
    at readableAddChunk (_stream_readable.js:178:18)
    at Socket.Readable.push (_stream_readable.js:136:10)
    at Pipe.onread (net.js:560:20)

[2018-02-23 10:47:10.266] [renderer1] [error] Illegal argument, contents must be defined: Error: Illegal argument, contents must be defined
    at new <anonymous> (/usr/share/code/resources/app/out/vs/workbench/node/extensionHostProcess.js:471:178)
    at asHover (/root/.vscode/extensions/schneiderpat.aspnet-helper-0.6.4/node_modules/vscode-languageclient/lib/protocolConverter.js:63:16)
    at <anonymous>:null:null

[2018-02-23 10:47:16.206] [renderer1] [error] Illegal argument, contents must be defined: Error: Illegal argument, contents must be defined
    at new <anonymous> (/usr/share/code/resources/app/out/vs/workbench/node/extensionHostProcess.js:471:178)
    at asHover (/root/.vscode/extensions/schneiderpat.aspnet-helper-0.6.4/node_modules/vscode-languageclient/lib/protocolConverter.js:63:16)
    at <anonymous>:null:null

[2018-02-23 10:47:21.027] [renderer1] [error] Illegal argument, contents must be defined: Error: Illegal argument, contents must be defined
    at new <anonymous> (/usr/share/code/resources/app/out/vs/workbench/node/extensionHostProcess.js:471:178)
    at asHover (/root/.vscode/extensions/schneiderpat.aspnet-helper-0.6.4/node_modules/vscode-languageclient/lib/protocolConverter.js:63:16)
    at <anonymous>:null:null

[2018-02-23 10:49:45.170] [renderer1] [error] Illegal argument, contents must be defined: Error: Illegal argument, contents must be defined
    at new <anonymous> (/usr/share/code/resources/app/out/vs/workbench/node/extensionHostProcess.js:471:178)
    at asHover (/root/.vscode/extensions/schneiderpat.aspnet-helper-0.6.4/node_modules/vscode-languageclient/lib/protocolConverter.js:63:16)
    at <anonymous>:null:null

[2018-02-23 10:49:46.457] [renderer1] [error] Illegal argument, contents must be defined: Error: Illegal argument, contents must be defined
    at new <anonymous> (/usr/share/code/resources/app/out/vs/workbench/node/extensionHostProcess.js:471:178)
    at asHover (/root/.vscode/extensions/schneiderpat.aspnet-helper-0.6.4/node_modules/vscode-languageclient/lib/protocolConverter.js:63:16)
    at <anonymous>:null:null

[2018-02-23 10:50:08.729] [renderer1] [error] Illegal argument, contents must be defined: Error: Illegal argument, contents must be defined
    at new <anonymous> (/usr/share/code/resources/app/out/vs/workbench/node/extensionHostProcess.js:471:178)
    at asHover (/root/.vscode/extensions/schneiderpat.aspnet-helper-0.6.4/node_modules/vscode-languageclient/lib/protocolConverter.js:63:16)
    at <anonymous>:null:null

[2018-02-23 10:50:09.962] [renderer1] [error] Illegal argument, contents must be defined: Error: Illegal argument, contents must be defined
    at new <anonymous> (/usr/share/code/resources/app/out/vs/workbench/node/extensionHostProcess.js:471:178)
    at asHover (/root/.vscode/extensions/schneiderpat.aspnet-helper-0.6.4/node_modules/vscode-languageclient/lib/protocolConverter.js:63:16)
    at <anonymous>:null:null

[2018-02-23 10:51:45.800] [renderer1] [error] Cannot read property 'selection' of undefined: TypeError: Cannot read property 'selection' of undefined
    at CodeActionProvider.getInitializeFromCtorCommand (/root/.vscode/extensions/jchannon.csharpextensions-1.3.0/out/src/codeActionProvider.js:165:32)
    at addInitalizeFromCtor (/root/.vscode/extensions/jchannon.csharpextensions-1.3.0/out/src/codeActionProvider.js:15:28)
    at CodeActionProvider.provideCodeActions (/root/.vscode/extensions/jchannon.csharpextensions-1.3.0/out/src/codeActionProvider.js:19:9)
    at /usr/share/code/resources/app/out/vs/workbench/node/extensionHostProcess.js:628:730
    at /usr/share/code/resources/app/out/vs/workbench/node/extensionHostProcess.js:98:622
    at new n.Class.derive._oncancel (/usr/share/code/resources/app/out/vs/workbench/node/extensionHostProcess.js:75:657)
    at Object.t.asWinJsPromise (/usr/share/code/resources/app/out/vs/workbench/node/extensionHostProcess.js:98:585)
    at e.provideCodeActions (/usr/share/code/resources/app/out/vs/workbench/node/extensionHostProcess.js:628:684)
    at /usr/share/code/resources/app/out/vs/workbench/node/extensionHostProcess.js:641:51
    at e._withAdapter (/usr/share/code/resources/app/out/vs/workbench/node/extensionHostProcess.js:637:537)
    at e.$provideCodeActions (/usr/share/code/resources/app/out/vs/workbench/node/extensionHostProcess.js:641:13)
    at e._doInvokeHandler (/usr/share/code/resources/app/out/vs/workbench/node/extensionHostProcess.js:584:983)
    at e._invokeHandler (/usr/share/code/resources/app/out/vs/workbench/node/extensionHostProcess.js:584:701)
    at e._receiveRequest (/usr/share/code/resources/app/out/vs/workbench/node/extensionHostProcess.js:583:836)
    at e._receiveOneMessage (/usr/share/code/resources/app/out/vs/workbench/node/extensionHostProcess.js:583:605)
    at /usr/share/code/resources/app/out/vs/workbench/node/extensionHostProcess.js:582:671
    at /usr/share/code/resources/app/out/vs/workbench/node/extensionHostProcess.js:585:523
    at /usr/share/code/resources/app/out/vs/workbench/node/extensionHostProcess.js:87:459
    at e.fire (/usr/share/code/resources/app/out/vs/workbench/node/extensionHostProcess.js:88:729)
    at Socket.<anonymous> (/usr/share/code/resources/app/out/vs/workbench/node/extensionHostProcess.js:146:633)
    at emitOne (events.js:96:13)
    at Socket.emit (events.js:191:7)
    at readableAddChunk (_stream_readable.js:178:18)
    at Socket.Readable.push (_stream_readable.js:136:10)
    at Pipe.onread (net.js:560:20)

[2018-02-23 10:52:56.886] [renderer1] [error] Illegal argument, contents must be defined: Error: Illegal argument, contents must be defined
    at new <anonymous> (/usr/share/code/resources/app/out/vs/workbench/node/extensionHostProcess.js:471:178)
    at asHover (/root/.vscode/extensions/schneiderpat.aspnet-helper-0.6.4/node_modules/vscode-languageclient/lib/protocolConverter.js:63:16)
    at <anonymous>:null:null

[2018-02-23 10:54:20.754] [renderer1] [error] Illegal argument, contents must be defined: Error: Illegal argument, contents must be defined
    at new <anonymous> (/usr/share/code/resources/app/out/vs/workbench/node/extensionHostProcess.js:471:178)
    at asHover (/root/.vscode/extensions/schneiderpat.aspnet-helper-0.6.4/node_modules/vscode-languageclient/lib/protocolConverter.js:63:16)
    at <anonymous>:null:null

[2018-02-23 10:57:44.526] [renderer1] [error] Cannot read property 'text' of undefined: TypeError: Cannot read property 'text' of undefined
    at DocommentDomainCSharp.IsTriggerDocomment (/root/.vscode/extensions/k--kato.docomment-0.0.17/out/src/Domain/Lang/DocommentDomainCSharp.js:21:38)
    at DocommentDomainCSharp.Execute (/root/.vscode/extensions/k--kato.docomment-0.0.17/out/src/Domain/DocommentDomain.js:20:19)
    at DocommentControllerCSharp._onEvent (/root/.vscode/extensions/k--kato.docomment-0.0.17/out/src/Controller/DocommentController.js:52:31)
    at DocommentControllerCSharp.DocommentController.vscode_1.workspace.onDidChangeTextDocument.event (/root/.vscode/extensions/k--kato.docomment-0.0.17/out/src/Controller/DocommentController.js:18:22)
    at e.fire (/usr/share/code/resources/app/out/vs/workbench/node/extensionHostProcess.js:88:749)
    at e.$acceptDirtyStateChanged (/usr/share/code/resources/app/out/vs/workbench/node/extensionHostProcess.js:623:1010)
    at e._doInvokeHandler (/usr/share/code/resources/app/out/vs/workbench/node/extensionHostProcess.js:584:983)
    at e._invokeHandler (/usr/share/code/resources/app/out/vs/workbench/node/extensionHostProcess.js:584:701)
    at e._receiveRequest (/usr/share/code/resources/app/out/vs/workbench/node/extensionHostProcess.js:583:836)
    at e._receiveOneMessage (/usr/share/code/resources/app/out/vs/workbench/node/extensionHostProcess.js:583:605)
    at /usr/share/code/resources/app/out/vs/workbench/node/extensionHostProcess.js:582:671
    at /usr/share/code/resources/app/out/vs/workbench/node/extensionHostProcess.js:585:523
    at /usr/share/code/resources/app/out/vs/workbench/node/extensionHostProcess.js:87:459
    at e.fire (/usr/share/code/resources/app/out/vs/workbench/node/extensionHostProcess.js:88:729)
    at Socket.<anonymous> (/usr/share/code/resources/app/out/vs/workbench/node/extensionHostProcess.js:146:633)
    at emitOne (events.js:96:13)
    at Socket.emit (events.js:191:7)
    at readableAddChunk (_stream_readable.js:178:18)
    at Socket.Readable.push (_stream_readable.js:136:10)
    at Pipe.onread (net.js:560:20)

[2018-02-23 10:58:33.632] [renderer1] [error] Cannot read property 'text' of undefined: TypeError: Cannot read property 'text' of undefined
    at DocommentDomainCSharp.IsTriggerDocomment (/root/.vscode/extensions/k--kato.docomment-0.0.17/out/src/Domain/Lang/DocommentDomainCSharp.js:21:38)
    at DocommentDomainCSharp.Execute (/root/.vscode/extensions/k--kato.docomment-0.0.17/out/src/Domain/DocommentDomain.js:20:19)
    at DocommentControllerCSharp._onEvent (/root/.vscode/extensions/k--kato.docomment-0.0.17/out/src/Controller/DocommentController.js:52:31)
    at DocommentControllerCSharp.DocommentController.vscode_1.workspace.onDidChangeTextDocument.event (/root/.vscode/extensions/k--kato.docomment-0.0.17/out/src/Controller/DocommentController.js:18:22)
    at e.fire (/usr/share/code/resources/app/out/vs/workbench/node/extensionHostProcess.js:88:749)
    at e.$acceptDirtyStateChanged (/usr/share/code/resources/app/out/vs/workbench/node/extensionHostProcess.js:623:1010)
    at e.$acceptModelSaved (/usr/share/code/resources/app/out/vs/workbench/node/extensionHostProcess.js:623:793)
    at e._doInvokeHandler (/usr/share/code/resources/app/out/vs/workbench/node/extensionHostProcess.js:584:983)
    at e._invokeHandler (/usr/share/code/resources/app/out/vs/workbench/node/extensionHostProcess.js:584:701)
    at e._receiveRequest (/usr/share/code/resources/app/out/vs/workbench/node/extensionHostProcess.js:583:836)
    at e._receiveOneMessage (/usr/share/code/resources/app/out/vs/workbench/node/extensionHostProcess.js:583:605)
    at /usr/share/code/resources/app/out/vs/workbench/node/extensionHostProcess.js:582:671
    at /usr/share/code/resources/app/out/vs/workbench/node/extensionHostProcess.js:585:523
    at /usr/share/code/resources/app/out/vs/workbench/node/extensionHostProcess.js:87:459
    at e.fire (/usr/share/code/resources/app/out/vs/workbench/node/extensionHostProcess.js:88:729)
    at Socket.<anonymous> (/usr/share/code/resources/app/out/vs/workbench/node/extensionHostProcess.js:146:633)
    at emitOne (events.js:96:13)
    at Socket.emit (events.js:191:7)
    at readableAddChunk (_stream_readable.js:178:18)
    at Socket.Readable.push (_stream_readable.js:136:10)
    at Pipe.onread (net.js:560:20)

[2018-02-23 10:58:42.408] [renderer1] [error] Cannot read property 'text' of undefined: TypeError: Cannot read property 'text' of undefined
    at DocommentDomainCSharp.IsTriggerDocomment (/root/.vscode/extensions/k--kato.docomment-0.0.17/out/src/Domain/Lang/DocommentDomainCSharp.js:21:38)
    at DocommentDomainCSharp.Execute (/root/.vscode/extensions/k--kato.docomment-0.0.17/out/src/Domain/DocommentDomain.js:20:19)
    at DocommentControllerCSharp._onEvent (/root/.vscode/extensions/k--kato.docomment-0.0.17/out/src/Controller/DocommentController.js:52:31)
    at DocommentControllerCSharp.DocommentController.vscode_1.workspace.onDidChangeTextDocument.event (/root/.vscode/extensions/k--kato.docomment-0.0.17/out/src/Controller/DocommentController.js:18:22)
    at e.fire (/usr/share/code/resources/app/out/vs/workbench/node/extensionHostProcess.js:88:749)
    at e.$acceptDirtyStateChanged (/usr/share/code/resources/app/out/vs/workbench/node/extensionHostProcess.js:623:1010)
    at e._doInvokeHandler (/usr/share/code/resources/app/out/vs/workbench/node/extensionHostProcess.js:584:983)
    at e._invokeHandler (/usr/share/code/resources/app/out/vs/workbench/node/extensionHostProcess.js:584:701)
    at e._receiveRequest (/usr/share/code/resources/app/out/vs/workbench/node/extensionHostProcess.js:583:836)
    at e._receiveOneMessage (/usr/share/code/resources/app/out/vs/workbench/node/extensionHostProcess.js:583:605)
    at /usr/share/code/resources/app/out/vs/workbench/node/extensionHostProcess.js:582:671
    at /usr/share/code/resources/app/out/vs/workbench/node/extensionHostProcess.js:585:523
    at /usr/share/code/resources/app/out/vs/workbench/node/extensionHostProcess.js:87:459
    at e.fire (/usr/share/code/resources/app/out/vs/workbench/node/extensionHostProcess.js:88:729)
    at Socket.<anonymous> (/usr/share/code/resources/app/out/vs/workbench/node/extensionHostProcess.js:146:633)
    at emitOne (events.js:96:13)
    at Socket.emit (events.js:191:7)
    at readableAddChunk (_stream_readable.js:178:18)
    at Socket.Readable.push (_stream_readable.js:136:10)
    at Pipe.onread (net.js:560:20)

[2018-02-23 10:58:43.745] [renderer1] [error] SplitLinesCollection: attempt to access a 'newer' model: Error: SplitLinesCollection: attempt to access a 'newer' model
    at e._ensureValidState (file:///usr/share/code/resources/app/out/vs/workbench/workbench.main.js:1097:726)
    at e.convertModelPositionToViewPosition (file:///usr/share/code/resources/app/out/vs/workbench/workbench.main.js:1106:246)
    at e.convertModelPositionToViewPosition (file:///usr/share/code/resources/app/out/vs/workbench/workbench.main.js:1096:706)
    at t._computeWhitespaceProps (file:///usr/share/code/resources/app/out/vs/workbench/workbench.main.js:728:915)
    at t.layoutZone (file:///usr/share/code/resources/app/out/vs/workbench/workbench.main.js:730:738)
    at Object.layoutZone (file:///usr/share/code/resources/app/out/vs/workbench/workbench.main.js:1783:201)
    at e.update (file:///usr/share/code/resources/app/out/vs/workbench/workbench.main.js:1867:531)
    at file:///usr/share/code/resources/app/out/vs/workbench/workbench.main.js:1870:634
    at Array.forEach (native)
    at file:///usr/share/code/resources/app/out/vs/workbench/workbench.main.js:1870:576
[2018-02-23 10:58:44.820] [renderer1] [error] SplitLinesCollection: attempt to access a 'newer' model: Error: SplitLinesCollection: attempt to access a 'newer' model
    at e._ensureValidState (file:///usr/share/code/resources/app/out/vs/workbench/workbench.main.js:1097:726)
    at e.convertModelPositionToViewPosition (file:///usr/share/code/resources/app/out/vs/workbench/workbench.main.js:1106:246)
    at e.convertModelPositionToViewPosition (file:///usr/share/code/resources/app/out/vs/workbench/workbench.main.js:1096:706)
    at t._computeWhitespaceProps (file:///usr/share/code/resources/app/out/vs/workbench/workbench.main.js:728:915)
    at t.layoutZone (file:///usr/share/code/resources/app/out/vs/workbench/workbench.main.js:730:738)
    at Object.layoutZone (file:///usr/share/code/resources/app/out/vs/workbench/workbench.main.js:1783:201)
    at e.update (file:///usr/share/code/resources/app/out/vs/workbench/workbench.main.js:1867:531)
    at file:///usr/share/code/resources/app/out/vs/workbench/workbench.main.js:1870:634
    at Array.forEach (native)
    at file:///usr/share/code/resources/app/out/vs/workbench/workbench.main.js:1870:576
[2018-02-23 10:59:29.821] [renderer1] [error] Cannot read property 'text' of undefined: TypeError: Cannot read property 'text' of undefined
    at DocommentDomainCSharp.IsTriggerDocomment (/root/.vscode/extensions/k--kato.docomment-0.0.17/out/src/Domain/Lang/DocommentDomainCSharp.js:21:38)
    at DocommentDomainCSharp.Execute (/root/.vscode/extensions/k--kato.docomment-0.0.17/out/src/Domain/DocommentDomain.js:20:19)
    at DocommentControllerCSharp._onEvent (/root/.vscode/extensions/k--kato.docomment-0.0.17/out/src/Controller/DocommentController.js:52:31)
    at DocommentControllerCSharp.DocommentController.vscode_1.workspace.onDidChangeTextDocument.event (/root/.vscode/extensions/k--kato.docomment-0.0.17/out/src/Controller/DocommentController.js:18:22)
    at e.fire (/usr/share/code/resources/app/out/vs/workbench/node/extensionHostProcess.js:88:749)
    at e.$acceptDirtyStateChanged (/usr/share/code/resources/app/out/vs/workbench/node/extensionHostProcess.js:623:1010)
    at e.$acceptModelSaved (/usr/share/code/resources/app/out/vs/workbench/node/extensionHostProcess.js:623:793)
    at e._doInvokeHandler (/usr/share/code/resources/app/out/vs/workbench/node/extensionHostProcess.js:584:983)
    at e._invokeHandler (/usr/share/code/resources/app/out/vs/workbench/node/extensionHostProcess.js:584:701)
    at e._receiveRequest (/usr/share/code/resources/app/out/vs/workbench/node/extensionHostProcess.js:583:836)
    at e._receiveOneMessage (/usr/share/code/resources/app/out/vs/workbench/node/extensionHostProcess.js:583:605)
    at /usr/share/code/resources/app/out/vs/workbench/node/extensionHostProcess.js:582:671
    at /usr/share/code/resources/app/out/vs/workbench/node/extensionHostProcess.js:585:523
    at /usr/share/code/resources/app/out/vs/workbench/node/extensionHostProcess.js:87:459
    at e.fire (/usr/share/code/resources/app/out/vs/workbench/node/extensionHostProcess.js:88:729)
    at Socket.<anonymous> (/usr/share/code/resources/app/out/vs/workbench/node/extensionHostProcess.js:146:633)
    at emitOne (events.js:96:13)
    at Socket.emit (events.js:191:7)
    at readableAddChunk (_stream_readable.js:178:18)
    at Socket.Readable.push (_stream_readable.js:136:10)
    at Pipe.onread (net.js:560:20)

[2018-02-23 11:01:17.288] [renderer1] [error] Illegal argument, contents must be defined: Error: Illegal argument, contents must be defined
    at new <anonymous> (/usr/share/code/resources/app/out/vs/workbench/node/extensionHostProcess.js:471:178)
    at asHover (/root/.vscode/extensions/schneiderpat.aspnet-helper-0.6.4/node_modules/vscode-languageclient/lib/protocolConverter.js:63:16)
    at <anonymous>:null:null

[2018-02-23 11:01:19.172] [renderer1] [error] Illegal argument, contents must be defined: Error: Illegal argument, contents must be defined
    at new <anonymous> (/usr/share/code/resources/app/out/vs/workbench/node/extensionHostProcess.js:471:178)
    at asHover (/root/.vscode/extensions/schneiderpat.aspnet-helper-0.6.4/node_modules/vscode-languageclient/lib/protocolConverter.js:63:16)
    at <anonymous>:null:null

[2018-02-23 11:01:21.132] [renderer1] [error] Illegal argument, contents must be defined: Error: Illegal argument, contents must be defined
    at new <anonymous> (/usr/share/code/resources/app/out/vs/workbench/node/extensionHostProcess.js:471:178)
    at asHover (/root/.vscode/extensions/schneiderpat.aspnet-helper-0.6.4/node_modules/vscode-languageclient/lib/protocolConverter.js:63:16)
    at <anonymous>:null:null

[2018-02-23 11:01:54.907] [renderer1] [error] Illegal argument, contents must be defined: Error: Illegal argument, contents must be defined
    at new <anonymous> (/usr/share/code/resources/app/out/vs/workbench/node/extensionHostProcess.js:471:178)
    at asHover (/root/.vscode/extensions/schneiderpat.aspnet-helper-0.6.4/node_modules/vscode-languageclient/lib/protocolConverter.js:63:16)
    at <anonymous>:null:null

[2018-02-23 11:02:10.612] [renderer1] [error] Illegal argument, contents must be defined: Error: Illegal argument, contents must be defined
    at new <anonymous> (/usr/share/code/resources/app/out/vs/workbench/node/extensionHostProcess.js:471:178)
    at asHover (/root/.vscode/extensions/schneiderpat.aspnet-helper-0.6.4/node_modules/vscode-languageclient/lib/protocolConverter.js:63:16)
    at <anonymous>:null:null

[2018-02-23 11:02:22.358] [renderer1] [error] Illegal argument, contents must be defined: Error: Illegal argument, contents must be defined
    at new <anonymous> (/usr/share/code/resources/app/out/vs/workbench/node/extensionHostProcess.js:471:178)
    at asHover (/root/.vscode/extensions/schneiderpat.aspnet-helper-0.6.4/node_modules/vscode-languageclient/lib/protocolConverter.js:63:16)
    at <anonymous>:null:null

[2018-02-23 11:05:08.315] [renderer1] [error] Illegal argument, contents must be defined: Error: Illegal argument, contents must be defined
    at new <anonymous> (/usr/share/code/resources/app/out/vs/workbench/node/extensionHostProcess.js:471:178)
    at asHover (/root/.vscode/extensions/schneiderpat.aspnet-helper-0.6.4/node_modules/vscode-languageclient/lib/protocolConverter.js:63:16)
    at <anonymous>:null:null

