[2018-03-12 07:49:16.204] [sharedprocess] [info] main {"machineId":"5f906e6d34bef1eee3dd2031af0af689fb6fb0de9d2e8e4846ac068d85ceca24"}
[2018-03-12 07:49:16.309] [sharedprocess] [info] Scanned user extensions: 19
[2018-03-12 07:49:21.053] [sharedprocess] [info] Scanned system extensions: 65
[2018-03-12 07:49:21.845] [sharedprocess] [info] Scanned user extensions: 19
[2018-03-12 07:49:21.850] [sharedprocess] [info] Scanned user extensions: 19
[2018-03-12 07:49:21.855] [sharedprocess] [info] Scanned user extensions: 19
[2018-03-12 07:49:21.903] [sharedprocess] [info] Scanned system extensions: 65
[2018-03-12 07:49:21.908] [sharedprocess] [info] Scanned system extensions: 65
[2018-03-12 07:49:22.166] [sharedprocess] [info] Scanned user extensions: 19
[2018-03-12 07:49:22.170] [sharedprocess] [info] Scanned user extensions: 19
[2018-03-12 07:49:22.195] [sharedprocess] [info] Scanned system extensions: 65
[2018-03-12 07:49:24.875] [sharedprocess] [info] Installing extension: vscode-mysql
[2018-03-12 07:49:25.133] [sharedprocess] [info] Scanned user extensions: 19
[2018-03-12 07:49:27.221] [sharedprocess] [info] Downloaded extension: vscode-mysql
[2018-03-12 07:49:27.980] [sharedprocess] [info] Extracted extension to /root/.vscode/extensions/formulahendry.vscode-mysql-0.3.0: formulahendry.vscode-mysql-0.3.0
[2018-03-12 07:49:28.044] [sharedprocess] [info] Updated metadata of the extension: formulahendry.vscode-mysql-0.3.0
[2018-03-12 07:49:28.044] [sharedprocess] [info] Extensions installed successfully: formulahendry.vscode-mysql
[2018-03-12 07:49:28.175] [sharedprocess] [info] Scanned user extensions: 19
[2018-03-12 07:49:28.198] [sharedprocess] [info] Scanned system extensions: 65
[2018-03-12 07:54:25.213] [sharedprocess] [info] Scanned user extensions: 19
[2018-03-12 07:59:25.276] [sharedprocess] [info] Scanned user extensions: 19
[2018-03-12 08:04:25.349] [sharedprocess] [info] Scanned user extensions: 19
[2018-03-12 08:09:25.413] [sharedprocess] [info] Scanned user extensions: 19
[2018-03-12 08:14:25.505] [sharedprocess] [info] Scanned user extensions: 19
[2018-03-12 08:19:25.611] [sharedprocess] [info] Scanned user extensions: 19
[2018-03-12 08:24:25.708] [sharedprocess] [info] Scanned user extensions: 19
[2018-03-12 08:29:25.824] [sharedprocess] [info] Scanned user extensions: 19
[2018-03-12 08:34:26.240] [sharedprocess] [info] Scanned user extensions: 19
[2018-03-12 08:39:26.340] [sharedprocess] [info] Scanned user extensions: 19
[2018-03-12 08:44:26.434] [sharedprocess] [info] Scanned user extensions: 19
[2018-03-12 08:49:26.524] [sharedprocess] [info] Scanned user extensions: 19
[2018-03-12 08:54:26.627] [sharedprocess] [info] Scanned user extensions: 19
[2018-03-12 08:59:26.708] [sharedprocess] [info] Scanned user extensions: 19
[2018-03-12 09:04:26.806] [sharedprocess] [info] Scanned user extensions: 19
[2018-03-12 09:09:26.902] [sharedprocess] [info] Scanned user extensions: 19
[2018-03-12 09:14:26.990] [sharedprocess] [info] Scanned user extensions: 19
[2018-03-12 09:19:27.120] [sharedprocess] [info] Scanned user extensions: 19
[2018-03-12 09:24:27.226] [sharedprocess] [info] Scanned user extensions: 19
[2018-03-12 09:29:27.324] [sharedprocess] [info] Scanned user extensions: 19
[2018-03-12 09:34:27.632] [sharedprocess] [info] Scanned user extensions: 19
[2018-03-12 09:39:27.732] [sharedprocess] [info] Scanned user extensions: 19
[2018-03-12 09:44:27.832] [sharedprocess] [info] Scanned user extensions: 19
[2018-03-12 09:49:27.910] [sharedprocess] [info] Scanned user extensions: 19
[2018-03-12 09:54:28.021] [sharedprocess] [info] Scanned user extensions: 19
[2018-03-12 09:59:28.128] [sharedprocess] [info] Scanned user extensions: 19
[2018-03-12 10:04:28.216] [sharedprocess] [info] Scanned user extensions: 19
[2018-03-12 10:09:28.314] [sharedprocess] [info] Scanned user extensions: 19
[2018-03-12 10:14:28.416] [sharedprocess] [info] Scanned user extensions: 19
[2018-03-12 10:19:28.500] [sharedprocess] [info] Scanned user extensions: 19
[2018-03-12 10:24:28.569] [sharedprocess] [info] Scanned user extensions: 19
[2018-03-12 10:29:28.634] [sharedprocess] [info] Scanned user extensions: 19
[2018-03-12 10:34:28.907] [sharedprocess] [info] Scanned user extensions: 19
[2018-03-12 10:39:28.950] [sharedprocess] [info] Scanned user extensions: 19
[2018-03-12 10:41:54.062] [sharedprocess] [info] Scanned user extensions: 19
[2018-03-12 10:44:29.036] [sharedprocess] [info] Scanned user extensions: 19
[2018-03-12 10:49:29.138] [sharedprocess] [info] Scanned user extensions: 19
[2018-03-12 10:50:27.651] [sharedprocess] [info] Scanned user extensions: 19
[2018-03-12 10:50:46.947] [sharedprocess] [info] Scanned user extensions: 19
[2018-03-12 10:52:04.632] [sharedprocess] [info] Scanned user extensions: 19
[2018-03-12 10:52:18.708] [sharedprocess] [info] Scanned user extensions: 19
[2018-03-12 10:52:29.145] [sharedprocess] [info] Scanned user extensions: 19
[2018-03-12 10:52:39.165] [sharedprocess] [info] Scanned user extensions: 19
[2018-03-12 10:54:29.201] [sharedprocess] [info] Scanned user extensions: 19
[2018-03-12 10:59:29.289] [sharedprocess] [info] Scanned user extensions: 19
[2018-03-12 11:04:29.367] [sharedprocess] [info] Scanned user extensions: 19
[2018-03-12 11:07:09.247] [sharedprocess] [info] Scanned user extensions: 19
[2018-03-12 11:07:27.687] [sharedprocess] [info] Scanned user extensions: 19
[2018-03-12 11:07:38.611] [sharedprocess] [info] Scanned user extensions: 19
[2018-03-12 11:08:12.537] [sharedprocess] [info] Scanned user extensions: 19
[2018-03-12 11:08:13.563] [sharedprocess] [info] Scanned user extensions: 19
[2018-03-12 11:09:29.463] [sharedprocess] [info] Scanned user extensions: 19
[2018-03-12 11:14:29.512] [sharedprocess] [info] Scanned user extensions: 19
[2018-03-12 11:16:56.233] [sharedprocess] [info] Scanned user extensions: 19
[2018-03-12 11:16:58.210] [sharedprocess] [info] Scanned user extensions: 19
[2018-03-12 11:17:23.672] [sharedprocess] [info] Scanned user extensions: 19
[2018-03-12 11:17:36.181] [sharedprocess] [info] Scanned user extensions: 19
[2018-03-12 11:17:57.212] [sharedprocess] [info] Scanned user extensions: 19
[2018-03-12 11:18:17.398] [sharedprocess] [info] Scanned user extensions: 19
[2018-03-12 11:18:19.542] [sharedprocess] [info] Scanned user extensions: 19
[2018-03-12 11:19:15.550] [sharedprocess] [info] Scanned user extensions: 19
[2018-03-12 11:19:18.547] [sharedprocess] [info] Scanned user extensions: 19
[2018-03-12 11:19:26.178] [sharedprocess] [info] Scanned user extensions: 19
[2018-03-12 11:19:29.586] [sharedprocess] [info] Scanned user extensions: 19
[2018-03-12 11:19:36.089] [sharedprocess] [info] Scanned user extensions: 19
[2018-03-12 11:19:42.485] [sharedprocess] [info] Scanned user extensions: 19
[2018-03-12 11:19:45.368] [sharedprocess] [info] Scanned user extensions: 19
[2018-03-12 11:19:48.999] [sharedprocess] [info] Scanned user extensions: 19
[2018-03-12 11:19:52.278] [sharedprocess] [info] Scanned user extensions: 19
[2018-03-12 11:19:53.855] [sharedprocess] [info] Scanned user extensions: 19
[2018-03-12 11:19:55.482] [sharedprocess] [info] Scanned user extensions: 19
[2018-03-12 11:20:02.318] [sharedprocess] [info] Scanned user extensions: 19
[2018-03-12 11:20:03.935] [sharedprocess] [info] Scanned user extensions: 19
[2018-03-12 11:21:23.459] [sharedprocess] [info] Scanned user extensions: 19
[2018-03-12 11:24:29.660] [sharedprocess] [info] Scanned user extensions: 19
[2018-03-12 11:29:29.744] [sharedprocess] [info] Scanned user extensions: 19
[2018-03-12 11:34:30.113] [sharedprocess] [info] Scanned user extensions: 19
[2018-03-12 11:39:30.197] [sharedprocess] [info] Scanned user extensions: 19
[2018-03-12 11:44:30.271] [sharedprocess] [info] Scanned user extensions: 19
[2018-03-12 11:49:30.329] [sharedprocess] [info] Scanned user extensions: 19
[2018-03-12 11:54:30.385] [sharedprocess] [info] Scanned user extensions: 19
[2018-03-12 11:59:30.441] [sharedprocess] [info] Scanned user extensions: 19
[2018-03-12 12:04:30.512] [sharedprocess] [info] Scanned user extensions: 19
[2018-03-12 12:09:30.590] [sharedprocess] [info] Scanned user extensions: 19
[2018-03-12 12:14:30.650] [sharedprocess] [info] Scanned user extensions: 19
[2018-03-12 12:19:30.704] [sharedprocess] [info] Scanned user extensions: 19
[2018-03-12 12:24:30.789] [sharedprocess] [info] Scanned user extensions: 19
[2018-03-12 12:29:30.884] [sharedprocess] [info] Scanned user extensions: 19
[2018-03-12 12:34:31.463] [sharedprocess] [info] Scanned user extensions: 19
[2018-03-12 12:39:31.525] [sharedprocess] [info] Scanned user extensions: 19
[2018-03-12 12:44:31.570] [sharedprocess] [info] Scanned user extensions: 19
[2018-03-12 12:49:31.621] [sharedprocess] [info] Scanned user extensions: 19
[2018-03-12 12:54:31.699] [sharedprocess] [info] Scanned user extensions: 19
[2018-03-12 12:59:31.790] [sharedprocess] [info] Scanned user extensions: 19
