[2018-03-14 06:05:33.448] [sharedprocess] [info] main {"machineId":"5f906e6d34bef1eee3dd2031af0af689fb6fb0de9d2e8e4846ac068d85ceca24"}
[2018-03-14 06:05:34.503] [sharedprocess] [info] Scanned user extensions: 19
[2018-03-14 06:05:35.221] [sharedprocess] [info] Scanned system extensions: 65
[2018-03-14 06:05:35.735] [sharedprocess] [info] Scanned user extensions: 19
[2018-03-14 06:05:35.746] [sharedprocess] [info] Scanned user extensions: 19
[2018-03-14 06:05:35.750] [sharedprocess] [info] Scanned user extensions: 19
[2018-03-14 06:05:35.792] [sharedprocess] [info] Scanned system extensions: 65
[2018-03-14 06:05:35.801] [sharedprocess] [info] Scanned system extensions: 65
[2018-03-14 06:05:35.957] [sharedprocess] [info] Scanned user extensions: 19
[2018-03-14 06:05:35.961] [sharedprocess] [info] Scanned user extensions: 19
[2018-03-14 06:05:35.992] [sharedprocess] [info] Scanned system extensions: 65
[2018-03-14 06:05:39.223] [sharedprocess] [info] Scanned user extensions: 19
[2018-03-14 06:05:42.702] [sharedprocess] [info] Installing extension: Angular-BeastCode
[2018-03-14 06:05:52.927] [sharedprocess] [info] Downloaded extension: Angular-BeastCode
[2018-03-14 06:05:53.084] [sharedprocess] [info] Extracted extension to /root/.vscode/extensions/Mikael.angular-beastcode-5.2.18: Mikael.angular-beastcode-5.2.18
[2018-03-14 06:05:53.088] [sharedprocess] [info] Updated metadata of the extension: Mikael.angular-beastcode-5.2.18
[2018-03-14 06:05:53.088] [sharedprocess] [info] Extensions installed successfully: Mikael.angular-beastcode
[2018-03-14 06:05:53.247] [sharedprocess] [info] Scanned user extensions: 19
[2018-03-14 06:05:53.289] [sharedprocess] [info] Scanned system extensions: 65
[2018-03-14 06:06:02.578] [sharedprocess] [info] Scanned user extensions: 19
[2018-03-14 06:06:50.558] [sharedprocess] [info] Scanned user extensions: 19
[2018-03-14 06:10:39.308] [sharedprocess] [info] Scanned user extensions: 19
[2018-03-14 06:13:47.190] [sharedprocess] [info] Scanned user extensions: 19
[2018-03-14 06:15:39.385] [sharedprocess] [info] Scanned user extensions: 19
[2018-03-14 06:20:39.436] [sharedprocess] [info] Scanned user extensions: 19
[2018-03-14 06:25:39.473] [sharedprocess] [info] Scanned user extensions: 19
[2018-03-14 06:30:40.090] [sharedprocess] [info] Scanned user extensions: 19
[2018-03-14 06:35:40.237] [sharedprocess] [info] Scanned user extensions: 19
[2018-03-14 06:40:40.314] [sharedprocess] [info] Scanned user extensions: 19
[2018-03-14 06:45:40.368] [sharedprocess] [info] Scanned user extensions: 19
[2018-03-14 06:50:40.461] [sharedprocess] [info] Scanned user extensions: 19
[2018-03-14 06:55:40.552] [sharedprocess] [info] Scanned user extensions: 19
[2018-03-14 07:00:40.607] [sharedprocess] [info] Scanned user extensions: 19
[2018-03-14 07:05:54.767] [sharedprocess] [info] Scanned user extensions: 19
[2018-03-14 07:11:01.528] [sharedprocess] [info] Scanned user extensions: 19
[2018-03-14 07:16:01.571] [sharedprocess] [info] Scanned user extensions: 19
[2018-03-14 07:21:01.651] [sharedprocess] [info] Scanned user extensions: 19
[2018-03-14 07:26:01.749] [sharedprocess] [info] Scanned user extensions: 19
[2018-03-14 07:31:01.849] [sharedprocess] [info] Scanned user extensions: 19
[2018-03-14 07:36:01.929] [sharedprocess] [info] Scanned user extensions: 19
[2018-03-14 07:41:02.029] [sharedprocess] [info] Scanned user extensions: 19
[2018-03-14 07:46:02.163] [sharedprocess] [info] Scanned user extensions: 19
[2018-03-14 07:51:02.279] [sharedprocess] [info] Scanned user extensions: 19
[2018-03-14 07:56:02.364] [sharedprocess] [info] Scanned user extensions: 19
[2018-03-14 08:01:02.449] [sharedprocess] [info] Scanned user extensions: 19
[2018-03-14 08:06:02.494] [sharedprocess] [info] Scanned user extensions: 19
[2018-03-14 08:11:22.556] [sharedprocess] [info] Scanned user extensions: 19
[2018-03-14 08:16:42.651] [sharedprocess] [info] Scanned user extensions: 19
[2018-03-14 08:21:43.324] [sharedprocess] [info] Scanned user extensions: 19
[2018-03-14 08:26:43.391] [sharedprocess] [info] Scanned user extensions: 19
[2018-03-14 08:31:43.498] [sharedprocess] [info] Scanned user extensions: 19
[2018-03-14 08:36:43.605] [sharedprocess] [info] Scanned user extensions: 19
[2018-03-14 08:41:43.713] [sharedprocess] [info] Scanned user extensions: 19
[2018-03-14 08:46:43.759] [sharedprocess] [info] Scanned user extensions: 19
[2018-03-14 08:51:43.811] [sharedprocess] [info] Scanned user extensions: 19
[2018-03-14 08:56:43.883] [sharedprocess] [info] Scanned user extensions: 19
[2018-03-14 09:01:43.954] [sharedprocess] [info] Scanned user extensions: 19
[2018-03-14 09:06:44.032] [sharedprocess] [info] Scanned user extensions: 19
[2018-03-14 09:11:44.080] [sharedprocess] [info] Scanned user extensions: 19
[2018-03-14 09:16:44.143] [sharedprocess] [info] Scanned user extensions: 19
[2018-03-14 09:21:44.503] [sharedprocess] [info] Scanned user extensions: 19
[2018-03-14 09:26:44.588] [sharedprocess] [info] Scanned user extensions: 19
[2018-03-14 09:31:44.661] [sharedprocess] [info] Scanned user extensions: 19
[2018-03-14 09:36:44.744] [sharedprocess] [info] Scanned user extensions: 19
[2018-03-14 09:41:44.832] [sharedprocess] [info] Scanned user extensions: 19
[2018-03-14 09:46:44.908] [sharedprocess] [info] Scanned user extensions: 19
[2018-03-14 09:51:44.971] [sharedprocess] [info] Scanned user extensions: 19
[2018-03-14 09:56:45.040] [sharedprocess] [info] Scanned user extensions: 19
[2018-03-14 10:01:45.117] [sharedprocess] [info] Scanned user extensions: 19
[2018-03-14 10:06:45.177] [sharedprocess] [info] Scanned user extensions: 19
[2018-03-14 10:11:45.260] [sharedprocess] [info] Scanned user extensions: 19
[2018-03-14 10:16:45.325] [sharedprocess] [info] Scanned user extensions: 19
[2018-03-14 10:21:45.698] [sharedprocess] [info] Scanned user extensions: 19
[2018-03-14 10:26:45.783] [sharedprocess] [info] Scanned user extensions: 19
[2018-03-14 10:31:45.843] [sharedprocess] [info] Scanned user extensions: 19
[2018-03-14 10:36:45.916] [sharedprocess] [info] Scanned user extensions: 19
[2018-03-14 10:41:45.975] [sharedprocess] [info] Scanned user extensions: 19
[2018-03-14 10:46:46.028] [sharedprocess] [info] Scanned user extensions: 19
[2018-03-14 10:51:46.106] [sharedprocess] [info] Scanned user extensions: 19
[2018-03-14 10:56:46.159] [sharedprocess] [info] Scanned user extensions: 19
[2018-03-14 11:01:46.233] [sharedprocess] [info] Scanned user extensions: 19
[2018-03-14 11:06:46.327] [sharedprocess] [info] Scanned user extensions: 19
[2018-03-14 11:11:46.387] [sharedprocess] [info] Scanned user extensions: 19
[2018-03-14 11:16:46.470] [sharedprocess] [info] Scanned user extensions: 19
[2018-03-14 11:21:46.884] [sharedprocess] [info] Scanned user extensions: 19
[2018-03-14 11:26:46.983] [sharedprocess] [info] Scanned user extensions: 19
[2018-03-14 11:31:47.054] [sharedprocess] [info] Scanned user extensions: 19
[2018-03-14 11:36:47.113] [sharedprocess] [info] Scanned user extensions: 19
[2018-03-14 11:41:47.170] [sharedprocess] [info] Scanned user extensions: 19
[2018-03-14 11:46:47.215] [sharedprocess] [info] Scanned user extensions: 19
[2018-03-14 11:51:47.261] [sharedprocess] [info] Scanned user extensions: 19
[2018-03-14 11:56:47.345] [sharedprocess] [info] Scanned user extensions: 19
[2018-03-14 12:01:47.415] [sharedprocess] [info] Scanned user extensions: 19
[2018-03-14 12:06:47.519] [sharedprocess] [info] Scanned user extensions: 19
[2018-03-14 12:11:47.569] [sharedprocess] [info] Scanned user extensions: 19
[2018-03-14 12:16:47.624] [sharedprocess] [info] Scanned user extensions: 19
[2018-03-14 12:21:48.087] [sharedprocess] [info] Scanned user extensions: 19
[2018-03-14 12:26:48.190] [sharedprocess] [info] Scanned user extensions: 19
[2018-03-14 12:31:48.286] [sharedprocess] [info] Scanned user extensions: 19
[2018-03-14 12:36:48.355] [sharedprocess] [info] Scanned user extensions: 19
[2018-03-14 12:41:48.432] [sharedprocess] [info] Scanned user extensions: 19
[2018-03-14 12:46:48.537] [sharedprocess] [info] Scanned user extensions: 19
[2018-03-14 12:51:48.603] [sharedprocess] [info] Scanned user extensions: 19
[2018-03-14 12:56:48.689] [sharedprocess] [info] Scanned user extensions: 19
