[2018-03-16 07:48:36.550] [sharedprocess] [info] main {"machineId":"5f906e6d34bef1eee3dd2031af0af689fb6fb0de9d2e8e4846ac068d85ceca24"}
[2018-03-16 07:48:37.329] [sharedprocess] [info] Scanned user extensions: 19
[2018-03-16 07:48:37.748] [sharedprocess] [info] Scanned system extensions: 65
[2018-03-16 07:48:38.235] [sharedprocess] [info] Scanned user extensions: 19
[2018-03-16 07:48:38.239] [sharedprocess] [info] Scanned user extensions: 19
[2018-03-16 07:48:38.249] [sharedprocess] [info] Scanned user extensions: 19
[2018-03-16 07:48:38.286] [sharedprocess] [info] Scanned system extensions: 65
[2018-03-16 07:48:38.293] [sharedprocess] [info] Scanned system extensions: 65
[2018-03-16 07:48:38.630] [sharedprocess] [info] Scanned user extensions: 19
[2018-03-16 07:48:38.693] [sharedprocess] [info] Scanned system extensions: 65
[2018-03-16 07:48:41.559] [sharedprocess] [info] Scanned user extensions: 19
[2018-03-16 07:48:41.898] [sharedprocess] [info] Installing extension: Angular-BeastCode
[2018-03-16 07:48:41.905] [sharedprocess] [info] Installing extension: debugger-for-chrome
[2018-03-16 07:48:44.694] [sharedprocess] [info] Downloaded extension: debugger-for-chrome
[2018-03-16 07:48:45.333] [sharedprocess] [info] Downloaded extension: Angular-BeastCode
[2018-03-16 07:48:45.556] [sharedprocess] [info] Extracted extension to /root/.vscode/extensions/Mikael.angular-beastcode-5.2.22: Mikael.angular-beastcode-5.2.22
[2018-03-16 07:48:45.570] [sharedprocess] [info] Updated metadata of the extension: Mikael.angular-beastcode-5.2.22
[2018-03-16 07:48:45.570] [sharedprocess] [info] Extensions installed successfully: Mikael.angular-beastcode
[2018-03-16 07:48:45.721] [sharedprocess] [info] Scanned user extensions: 19
[2018-03-16 07:48:45.742] [sharedprocess] [info] Scanned system extensions: 65
[2018-03-16 07:48:45.763] [sharedprocess] [info] Extracted extension to /root/.vscode/extensions/msjsdiag.debugger-for-chrome-4.2.1: msjsdiag.debugger-for-chrome-4.2.1
[2018-03-16 07:48:45.789] [sharedprocess] [info] Updated metadata of the extension: msjsdiag.debugger-for-chrome-4.2.1
[2018-03-16 07:48:45.789] [sharedprocess] [info] Extensions installed successfully: msjsdiag.debugger-for-chrome
[2018-03-16 07:48:45.950] [sharedprocess] [info] Scanned user extensions: 19
[2018-03-16 07:48:45.972] [sharedprocess] [info] Scanned system extensions: 65
[2018-03-16 07:49:24.822] [sharedprocess] [info] Scanned user extensions: 19
[2018-03-16 07:49:38.211] [sharedprocess] [info] Scanned user extensions: 19
[2018-03-16 07:50:07.352] [sharedprocess] [info] Scanned user extensions: 19
[2018-03-16 07:53:41.649] [sharedprocess] [info] Scanned user extensions: 19
[2018-03-16 07:56:03.148] [sharedprocess] [info] Scanned user extensions: 19
[2018-03-16 07:56:15.088] [sharedprocess] [info] Scanned user extensions: 19
[2018-03-16 07:56:31.270] [sharedprocess] [info] Scanned user extensions: 19
[2018-03-16 07:56:38.867] [sharedprocess] [info] Scanned user extensions: 19
[2018-03-16 07:56:45.810] [sharedprocess] [info] Scanned user extensions: 19
[2018-03-16 07:57:56.816] [sharedprocess] [info] Scanned user extensions: 19
[2018-03-16 07:58:02.309] [sharedprocess] [info] Scanned user extensions: 19
[2018-03-16 07:58:05.666] [sharedprocess] [info] Scanned user extensions: 19
[2018-03-16 07:58:13.401] [sharedprocess] [info] Scanned user extensions: 19
[2018-03-16 07:58:16.569] [sharedprocess] [info] Scanned user extensions: 19
[2018-03-16 07:58:17.887] [sharedprocess] [info] Scanned user extensions: 19
[2018-03-16 07:58:30.707] [sharedprocess] [info] Scanned user extensions: 19
[2018-03-16 07:58:35.414] [sharedprocess] [info] Scanned user extensions: 19
[2018-03-16 07:58:41.691] [sharedprocess] [info] Scanned user extensions: 19
[2018-03-16 07:58:47.129] [sharedprocess] [info] Scanned user extensions: 19
[2018-03-16 07:58:49.199] [sharedprocess] [info] Scanned user extensions: 19
[2018-03-16 07:58:50.833] [sharedprocess] [info] Scanned user extensions: 19
[2018-03-16 08:00:06.447] [sharedprocess] [info] Scanned user extensions: 19
[2018-03-16 08:00:35.248] [sharedprocess] [info] Scanned user extensions: 19
[2018-03-16 08:00:38.791] [sharedprocess] [info] Scanned user extensions: 19
[2018-03-16 08:00:41.490] [sharedprocess] [info] Scanned user extensions: 19
[2018-03-16 08:00:43.303] [sharedprocess] [info] Scanned user extensions: 19
[2018-03-16 08:03:41.743] [sharedprocess] [info] Scanned user extensions: 19
[2018-03-16 08:07:25.583] [sharedprocess] [info] Scanned user extensions: 19
[2018-03-16 08:07:27.168] [sharedprocess] [info] Scanned user extensions: 19
[2018-03-16 08:07:28.527] [sharedprocess] [info] Scanned user extensions: 19
[2018-03-16 08:07:29.320] [sharedprocess] [info] Scanned user extensions: 19
[2018-03-16 08:07:29.977] [sharedprocess] [info] Scanned user extensions: 19
[2018-03-16 08:07:30.350] [sharedprocess] [info] Scanned user extensions: 19
[2018-03-16 08:07:30.797] [sharedprocess] [info] Scanned user extensions: 19
[2018-03-16 08:08:41.816] [sharedprocess] [info] Scanned user extensions: 19
[2018-03-16 08:13:41.906] [sharedprocess] [info] Scanned user extensions: 19
[2018-03-16 08:18:42.009] [sharedprocess] [info] Scanned user extensions: 19
[2018-03-16 08:23:42.896] [sharedprocess] [info] Scanned user extensions: 19
[2018-03-16 08:28:42.986] [sharedprocess] [info] Scanned user extensions: 19
[2018-03-16 08:33:43.168] [sharedprocess] [info] Scanned user extensions: 19
[2018-03-16 08:38:43.276] [sharedprocess] [info] Scanned user extensions: 19
[2018-03-16 08:43:43.399] [sharedprocess] [info] Scanned user extensions: 19
[2018-03-16 08:48:44.670] [sharedprocess] [info] Scanned user extensions: 19
[2018-03-16 08:53:44.783] [sharedprocess] [info] Scanned user extensions: 19
[2018-03-16 08:58:44.907] [sharedprocess] [info] Scanned user extensions: 19
[2018-03-16 09:03:44.998] [sharedprocess] [info] Scanned user extensions: 19
[2018-03-16 09:08:45.116] [sharedprocess] [info] Scanned user extensions: 19
[2018-03-16 09:13:45.178] [sharedprocess] [info] Scanned user extensions: 19
[2018-03-16 09:18:45.245] [sharedprocess] [info] Scanned user extensions: 19
[2018-03-16 09:23:45.342] [sharedprocess] [info] Scanned user extensions: 19
[2018-03-16 09:28:45.454] [sharedprocess] [info] Scanned user extensions: 19
[2018-03-16 09:33:45.546] [sharedprocess] [info] Scanned user extensions: 19
[2018-03-16 09:38:45.613] [sharedprocess] [info] Scanned user extensions: 19
[2018-03-16 09:43:45.709] [sharedprocess] [info] Scanned user extensions: 19
[2018-03-16 09:48:46.145] [sharedprocess] [info] Scanned user extensions: 19
[2018-03-16 09:53:46.226] [sharedprocess] [info] Scanned user extensions: 19
[2018-03-16 09:58:46.347] [sharedprocess] [info] Scanned user extensions: 19
[2018-03-16 10:03:46.513] [sharedprocess] [info] Scanned user extensions: 19
[2018-03-16 10:08:46.581] [sharedprocess] [info] Scanned user extensions: 19
[2018-03-16 10:13:46.683] [sharedprocess] [info] Scanned user extensions: 19
[2018-03-16 10:18:46.769] [sharedprocess] [info] Scanned user extensions: 19
[2018-03-16 10:23:46.858] [sharedprocess] [info] Scanned user extensions: 19
[2018-03-16 10:28:46.956] [sharedprocess] [info] Scanned user extensions: 19
[2018-03-16 10:33:47.054] [sharedprocess] [info] Scanned user extensions: 19
[2018-03-16 10:38:47.260] [sharedprocess] [info] Scanned user extensions: 19
[2018-03-16 10:43:47.373] [sharedprocess] [info] Scanned user extensions: 19
[2018-03-16 10:48:47.769] [sharedprocess] [info] Scanned user extensions: 19
[2018-03-16 10:53:47.892] [sharedprocess] [info] Scanned user extensions: 19
[2018-03-16 10:58:47.980] [sharedprocess] [info] Scanned user extensions: 19
[2018-03-16 11:03:48.057] [sharedprocess] [info] Scanned user extensions: 19
[2018-03-16 11:08:48.153] [sharedprocess] [info] Scanned user extensions: 19
[2018-03-16 11:13:48.226] [sharedprocess] [info] Scanned user extensions: 19
[2018-03-16 11:18:48.279] [sharedprocess] [info] Scanned user extensions: 19
[2018-03-16 11:23:48.389] [sharedprocess] [info] Scanned user extensions: 19
[2018-03-16 11:28:48.498] [sharedprocess] [info] Scanned user extensions: 19
[2018-03-16 11:33:48.656] [sharedprocess] [info] Scanned user extensions: 19
[2018-03-16 11:38:48.763] [sharedprocess] [info] Scanned user extensions: 19
[2018-03-16 11:43:48.842] [sharedprocess] [info] Scanned user extensions: 19
[2018-03-16 11:48:49.238] [sharedprocess] [info] Scanned user extensions: 19
[2018-03-16 11:53:49.327] [sharedprocess] [info] Scanned user extensions: 19
[2018-03-16 11:58:49.458] [sharedprocess] [info] Scanned user extensions: 19
[2018-03-16 12:03:49.575] [sharedprocess] [info] Scanned user extensions: 19
[2018-03-16 12:08:49.656] [sharedprocess] [info] Scanned user extensions: 19
[2018-03-16 12:13:49.747] [sharedprocess] [info] Scanned user extensions: 19
[2018-03-16 12:18:49.860] [sharedprocess] [info] Scanned user extensions: 19
[2018-03-16 12:23:49.944] [sharedprocess] [info] Scanned user extensions: 19
[2018-03-16 12:28:50.044] [sharedprocess] [info] Scanned user extensions: 19
[2018-03-16 12:33:50.139] [sharedprocess] [info] Scanned user extensions: 19
[2018-03-16 12:38:50.242] [sharedprocess] [info] Scanned user extensions: 19
[2018-03-16 12:43:50.297] [sharedprocess] [info] Scanned user extensions: 19
[2018-03-16 12:48:50.695] [sharedprocess] [info] Scanned user extensions: 19
[2018-03-16 12:53:50.764] [sharedprocess] [info] Scanned user extensions: 19
[2018-03-16 12:58:50.845] [sharedprocess] [info] Scanned user extensions: 19
