[2018-03-12 05:33:53.923] [exthost1] [info] extension host started
[2018-03-12 05:33:53.952] [exthost1] [info] ExtensionService#_doActivateExtension vscode.emmet {"startup":true,"activationEvent":"*"}
[2018-03-12 05:33:53.952] [exthost1] [info] ExtensionService#loadCommonJSModule /usr/share/code/resources/app/extensions/emmet/out/extension
[2018-03-12 05:33:54.300] [exthost1] [info] ExtensionService#_doActivateExtension vscode.git {"startup":true,"activationEvent":"*"}
[2018-03-12 05:33:54.300] [exthost1] [info] ExtensionService#loadCommonJSModule /usr/share/code/resources/app/extensions/git/out/main
[2018-03-12 05:33:54.835] [exthost1] [info] ExtensionService#_doActivateExtension vscode.merge-conflict {"startup":true,"activationEvent":"*"}
[2018-03-12 05:33:54.835] [exthost1] [info] ExtensionService#loadCommonJSModule /usr/share/code/resources/app/extensions/merge-conflict/out/extension
[2018-03-12 05:33:54.979] [exthost1] [info] ExtensionService#_doActivateExtension bajdzis.vscode-database {"startup":true,"activationEvent":"*"}
[2018-03-12 05:33:54.979] [exthost1] [info] ExtensionService#loadCommonJSModule /root/.vscode/extensions/bajdzis.vscode-database-1.5.1/extension
[2018-03-12 05:33:55.931] [exthost1] [info] ExtensionService#_doActivateExtension eamodio.gitlens {"startup":true,"activationEvent":"*"}
[2018-03-12 05:33:55.931] [exthost1] [info] ExtensionService#loadCommonJSModule /root/.vscode/extensions/eamodio.gitlens-8.1.0/out/extension
[2018-03-12 05:33:57.970] [exthost1] [info] ExtensionService#_doActivateExtension robertohuertasm.vscode-icons {"startup":true,"activationEvent":"*"}
[2018-03-12 05:33:57.970] [exthost1] [info] ExtensionService#loadCommonJSModule /root/.vscode/extensions/robertohuertasm.vscode-icons-7.20.0/out/src/
[2018-03-12 05:33:58.565] [exthost1] [info] ExtensionService#_doActivateExtension schneiderpat.aspnet-helper {"startup":true,"activationEvent":"*"}
[2018-03-12 05:33:58.565] [exthost1] [info] ExtensionService#loadCommonJSModule /root/.vscode/extensions/schneiderpat.aspnet-helper-0.6.4/out/src/extension
[2018-03-12 05:33:58.735] [exthost1] [info] ExtensionService#_doActivateExtension jchannon.csharpextensions {"startup":false,"activationEvent":"onLanguage:csharp"}
[2018-03-12 05:33:58.735] [exthost1] [info] ExtensionService#loadCommonJSModule /root/.vscode/extensions/jchannon.csharpextensions-1.3.0/out/src/extension
[2018-03-12 05:33:58.964] [exthost1] [info] ExtensionService#_doActivateExtension k--kato.docomment {"startup":false,"activationEvent":"onLanguage:csharp"}
[2018-03-12 05:33:58.964] [exthost1] [info] ExtensionService#loadCommonJSModule /root/.vscode/extensions/k--kato.docomment-0.0.17/out/src/extension
[2018-03-12 05:33:59.021] [exthost1] [info] ExtensionService#_doActivateExtension ms-vscode.csharp {"startup":false,"activationEvent":"onLanguage:csharp"}
[2018-03-12 05:33:59.021] [exthost1] [info] ExtensionService#loadCommonJSModule /root/.vscode/extensions/ms-vscode.csharp-1.14.0/out/src/main
[2018-03-12 05:34:00.596] [exthost1] [info] eager extensions activated
[2018-03-12 05:37:05.414] [exthost1] [info] ExtensionService#_doActivateExtension vscode.html {"startup":false,"activationEvent":"onLanguage:razor"}
[2018-03-12 05:37:05.414] [exthost1] [info] ExtensionService#loadCommonJSModule /usr/share/code/resources/app/extensions/html/client/out/htmlMain
