[2018-03-12 05:37:34.383] [renderer1] [error] Illegal argument, contents must be defined: Error: Illegal argument, contents must be defined
    at new <anonymous> (/usr/share/code/resources/app/out/vs/workbench/node/extensionHostProcess.js:471:178)
    at asHover (/root/.vscode/extensions/schneiderpat.aspnet-helper-0.6.4/node_modules/vscode-languageclient/lib/protocolConverter.js:63:16)
    at <anonymous>:null:null

[2018-03-12 05:58:55.374] [renderer1] [error] Illegal value for `line`: Error: Illegal value for `line`
    at t._lineAt (/usr/share/code/resources/app/out/vs/workbench/node/extensionHostProcess.js:487:34)
    at Object.lineAt (/usr/share/code/resources/app/out/vs/workbench/node/extensionHostProcess.js:485:801)
    at CodeActionProvider.findClassFromLine (/root/.vscode/extensions/jchannon.csharpextensions-1.3.0/out/src/codeActionProvider.js:122:33)
    at CodeActionProvider.getCtorpCommand (/root/.vscode/extensions/jchannon.csharpextensions-1.3.0/out/src/codeActionProvider.js:77:32)
    at CodeActionProvider.provideCodeActions (/root/.vscode/extensions/jchannon.csharpextensions-1.3.0/out/src/codeActionProvider.js:22:33)
    at /usr/share/code/resources/app/out/vs/workbench/node/extensionHostProcess.js:628:730
    at /usr/share/code/resources/app/out/vs/workbench/node/extensionHostProcess.js:98:622
    at new n.Class.derive._oncancel (/usr/share/code/resources/app/out/vs/workbench/node/extensionHostProcess.js:75:657)
    at Object.t.asWinJsPromise (/usr/share/code/resources/app/out/vs/workbench/node/extensionHostProcess.js:98:585)
    at e.provideCodeActions (/usr/share/code/resources/app/out/vs/workbench/node/extensionHostProcess.js:628:684)
    at /usr/share/code/resources/app/out/vs/workbench/node/extensionHostProcess.js:641:51
    at e._withAdapter (/usr/share/code/resources/app/out/vs/workbench/node/extensionHostProcess.js:637:537)
    at e.$provideCodeActions (/usr/share/code/resources/app/out/vs/workbench/node/extensionHostProcess.js:641:13)
    at e._doInvokeHandler (/usr/share/code/resources/app/out/vs/workbench/node/extensionHostProcess.js:584:983)
    at e._invokeHandler (/usr/share/code/resources/app/out/vs/workbench/node/extensionHostProcess.js:584:701)
    at e._receiveRequest (/usr/share/code/resources/app/out/vs/workbench/node/extensionHostProcess.js:583:836)
    at e._receiveOneMessage (/usr/share/code/resources/app/out/vs/workbench/node/extensionHostProcess.js:583:605)
    at /usr/share/code/resources/app/out/vs/workbench/node/extensionHostProcess.js:582:671
    at /usr/share/code/resources/app/out/vs/workbench/node/extensionHostProcess.js:585:523
    at /usr/share/code/resources/app/out/vs/workbench/node/extensionHostProcess.js:87:459
    at e.fire (/usr/share/code/resources/app/out/vs/workbench/node/extensionHostProcess.js:88:729)
    at Socket.<anonymous> (/usr/share/code/resources/app/out/vs/workbench/node/extensionHostProcess.js:146:633)
    at emitOne (events.js:96:13)
    at Socket.emit (events.js:191:7)
    at readableAddChunk (_stream_readable.js:178:18)
    at Socket.Readable.push (_stream_readable.js:136:10)
    at Pipe.onread (net.js:560:20)

[2018-03-12 05:58:58.125] [renderer1] [error] Cannot read property 'selection' of undefined: TypeError: Cannot read property 'selection' of undefined
    at CodeActionProvider.getInitializeFromCtorCommand (/root/.vscode/extensions/jchannon.csharpextensions-1.3.0/out/src/codeActionProvider.js:165:32)
    at addInitalizeFromCtor (/root/.vscode/extensions/jchannon.csharpextensions-1.3.0/out/src/codeActionProvider.js:15:28)
    at CodeActionProvider.provideCodeActions (/root/.vscode/extensions/jchannon.csharpextensions-1.3.0/out/src/codeActionProvider.js:19:9)
    at /usr/share/code/resources/app/out/vs/workbench/node/extensionHostProcess.js:628:730
    at /usr/share/code/resources/app/out/vs/workbench/node/extensionHostProcess.js:98:622
    at new n.Class.derive._oncancel (/usr/share/code/resources/app/out/vs/workbench/node/extensionHostProcess.js:75:657)
    at Object.t.asWinJsPromise (/usr/share/code/resources/app/out/vs/workbench/node/extensionHostProcess.js:98:585)
    at e.provideCodeActions (/usr/share/code/resources/app/out/vs/workbench/node/extensionHostProcess.js:628:684)
    at /usr/share/code/resources/app/out/vs/workbench/node/extensionHostProcess.js:641:51
    at e._withAdapter (/usr/share/code/resources/app/out/vs/workbench/node/extensionHostProcess.js:637:537)
    at e.$provideCodeActions (/usr/share/code/resources/app/out/vs/workbench/node/extensionHostProcess.js:641:13)
    at e._doInvokeHandler (/usr/share/code/resources/app/out/vs/workbench/node/extensionHostProcess.js:584:983)
    at e._invokeHandler (/usr/share/code/resources/app/out/vs/workbench/node/extensionHostProcess.js:584:701)
    at e._receiveRequest (/usr/share/code/resources/app/out/vs/workbench/node/extensionHostProcess.js:583:836)
    at e._receiveOneMessage (/usr/share/code/resources/app/out/vs/workbench/node/extensionHostProcess.js:583:605)
    at /usr/share/code/resources/app/out/vs/workbench/node/extensionHostProcess.js:582:671
    at /usr/share/code/resources/app/out/vs/workbench/node/extensionHostProcess.js:585:523
    at /usr/share/code/resources/app/out/vs/workbench/node/extensionHostProcess.js:87:459
    at e.fire (/usr/share/code/resources/app/out/vs/workbench/node/extensionHostProcess.js:88:729)
    at Socket.<anonymous> (/usr/share/code/resources/app/out/vs/workbench/node/extensionHostProcess.js:146:633)
    at emitOne (events.js:96:13)
    at Socket.emit (events.js:191:7)
    at readableAddChunk (_stream_readable.js:178:18)
    at Socket.Readable.push (_stream_readable.js:136:10)
    at Pipe.onread (net.js:560:20)

[2018-03-12 05:58:59.342] [renderer1] [error] Cannot read property 'trim' of undefined: TypeError: Cannot read property 'trim' of undefined
    at ctorParamStr.split.forEach (/root/.vscode/extensions/jchannon.csharpextensions-1.3.0/out/src/codeActionProvider.js:180:36)
    at Array.forEach (native)
    at CodeActionProvider.getInitializeFromCtorCommand (/root/.vscode/extensions/jchannon.csharpextensions-1.3.0/out/src/codeActionProvider.js:177:33)
    at addInitalizeFromCtor (/root/.vscode/extensions/jchannon.csharpextensions-1.3.0/out/src/codeActionProvider.js:15:28)
    at CodeActionProvider.provideCodeActions (/root/.vscode/extensions/jchannon.csharpextensions-1.3.0/out/src/codeActionProvider.js:19:9)
    at /usr/share/code/resources/app/out/vs/workbench/node/extensionHostProcess.js:628:730
    at /usr/share/code/resources/app/out/vs/workbench/node/extensionHostProcess.js:98:622
    at new n.Class.derive._oncancel (/usr/share/code/resources/app/out/vs/workbench/node/extensionHostProcess.js:75:657)
    at Object.t.asWinJsPromise (/usr/share/code/resources/app/out/vs/workbench/node/extensionHostProcess.js:98:585)
    at e.provideCodeActions (/usr/share/code/resources/app/out/vs/workbench/node/extensionHostProcess.js:628:684)
    at /usr/share/code/resources/app/out/vs/workbench/node/extensionHostProcess.js:641:51
    at e._withAdapter (/usr/share/code/resources/app/out/vs/workbench/node/extensionHostProcess.js:637:537)
    at e.$provideCodeActions (/usr/share/code/resources/app/out/vs/workbench/node/extensionHostProcess.js:641:13)
    at e._doInvokeHandler (/usr/share/code/resources/app/out/vs/workbench/node/extensionHostProcess.js:584:983)
    at e._invokeHandler (/usr/share/code/resources/app/out/vs/workbench/node/extensionHostProcess.js:584:701)
    at e._receiveRequest (/usr/share/code/resources/app/out/vs/workbench/node/extensionHostProcess.js:583:836)
    at e._receiveOneMessage (/usr/share/code/resources/app/out/vs/workbench/node/extensionHostProcess.js:583:605)
    at /usr/share/code/resources/app/out/vs/workbench/node/extensionHostProcess.js:582:671
    at /usr/share/code/resources/app/out/vs/workbench/node/extensionHostProcess.js:585:523
    at /usr/share/code/resources/app/out/vs/workbench/node/extensionHostProcess.js:87:459
    at e.fire (/usr/share/code/resources/app/out/vs/workbench/node/extensionHostProcess.js:88:729)
    at Socket.<anonymous> (/usr/share/code/resources/app/out/vs/workbench/node/extensionHostProcess.js:146:633)
    at emitOne (events.js:96:13)
    at Socket.emit (events.js:191:7)
    at readableAddChunk (_stream_readable.js:178:18)
    at Socket.Readable.push (_stream_readable.js:136:10)
    at Pipe.onread (net.js:560:20)

[2018-03-12 05:59:18.265] [renderer1] [error] Cannot read property 'text' of undefined: TypeError: Cannot read property 'text' of undefined
    at DocommentDomainCSharp.IsTriggerDocomment (/root/.vscode/extensions/k--kato.docomment-0.0.17/out/src/Domain/Lang/DocommentDomainCSharp.js:21:38)
    at DocommentDomainCSharp.Execute (/root/.vscode/extensions/k--kato.docomment-0.0.17/out/src/Domain/DocommentDomain.js:20:19)
    at DocommentControllerCSharp._onEvent (/root/.vscode/extensions/k--kato.docomment-0.0.17/out/src/Controller/DocommentController.js:52:31)
    at DocommentControllerCSharp.DocommentController.vscode_1.workspace.onDidChangeTextDocument.event (/root/.vscode/extensions/k--kato.docomment-0.0.17/out/src/Controller/DocommentController.js:18:22)
    at e.fire (/usr/share/code/resources/app/out/vs/workbench/node/extensionHostProcess.js:88:749)
    at e.$acceptDirtyStateChanged (/usr/share/code/resources/app/out/vs/workbench/node/extensionHostProcess.js:623:1010)
    at e._doInvokeHandler (/usr/share/code/resources/app/out/vs/workbench/node/extensionHostProcess.js:584:983)
    at e._invokeHandler (/usr/share/code/resources/app/out/vs/workbench/node/extensionHostProcess.js:584:701)
    at e._receiveRequest (/usr/share/code/resources/app/out/vs/workbench/node/extensionHostProcess.js:583:836)
    at e._receiveOneMessage (/usr/share/code/resources/app/out/vs/workbench/node/extensionHostProcess.js:583:605)
    at /usr/share/code/resources/app/out/vs/workbench/node/extensionHostProcess.js:582:671
    at /usr/share/code/resources/app/out/vs/workbench/node/extensionHostProcess.js:585:523
    at /usr/share/code/resources/app/out/vs/workbench/node/extensionHostProcess.js:87:459
    at e.fire (/usr/share/code/resources/app/out/vs/workbench/node/extensionHostProcess.js:88:729)
    at Socket.<anonymous> (/usr/share/code/resources/app/out/vs/workbench/node/extensionHostProcess.js:146:633)
    at emitOne (events.js:96:13)
    at Socket.emit (events.js:191:7)
    at readableAddChunk (_stream_readable.js:178:18)
    at Socket.Readable.push (_stream_readable.js:136:10)
    at Pipe.onread (net.js:560:20)

[2018-03-12 05:59:26.466] [renderer1] [error] Cannot read property 'trim' of undefined: TypeError: Cannot read property 'trim' of undefined
    at ctorParamStr.split.forEach (/root/.vscode/extensions/jchannon.csharpextensions-1.3.0/out/src/codeActionProvider.js:180:36)
    at Array.forEach (native)
    at CodeActionProvider.getInitializeFromCtorCommand (/root/.vscode/extensions/jchannon.csharpextensions-1.3.0/out/src/codeActionProvider.js:177:33)
    at addInitalizeFromCtor (/root/.vscode/extensions/jchannon.csharpextensions-1.3.0/out/src/codeActionProvider.js:15:28)
    at CodeActionProvider.provideCodeActions (/root/.vscode/extensions/jchannon.csharpextensions-1.3.0/out/src/codeActionProvider.js:19:9)
    at /usr/share/code/resources/app/out/vs/workbench/node/extensionHostProcess.js:628:730
    at /usr/share/code/resources/app/out/vs/workbench/node/extensionHostProcess.js:98:622
    at new n.Class.derive._oncancel (/usr/share/code/resources/app/out/vs/workbench/node/extensionHostProcess.js:75:657)
    at Object.t.asWinJsPromise (/usr/share/code/resources/app/out/vs/workbench/node/extensionHostProcess.js:98:585)
    at e.provideCodeActions (/usr/share/code/resources/app/out/vs/workbench/node/extensionHostProcess.js:628:684)
    at /usr/share/code/resources/app/out/vs/workbench/node/extensionHostProcess.js:641:51
    at e._withAdapter (/usr/share/code/resources/app/out/vs/workbench/node/extensionHostProcess.js:637:537)
    at e.$provideCodeActions (/usr/share/code/resources/app/out/vs/workbench/node/extensionHostProcess.js:641:13)
    at e._doInvokeHandler (/usr/share/code/resources/app/out/vs/workbench/node/extensionHostProcess.js:584:983)
    at e._invokeHandler (/usr/share/code/resources/app/out/vs/workbench/node/extensionHostProcess.js:584:701)
    at e._receiveRequest (/usr/share/code/resources/app/out/vs/workbench/node/extensionHostProcess.js:583:836)
    at e._receiveOneMessage (/usr/share/code/resources/app/out/vs/workbench/node/extensionHostProcess.js:583:605)
    at /usr/share/code/resources/app/out/vs/workbench/node/extensionHostProcess.js:582:671
    at /usr/share/code/resources/app/out/vs/workbench/node/extensionHostProcess.js:585:523
    at /usr/share/code/resources/app/out/vs/workbench/node/extensionHostProcess.js:87:459
    at e.fire (/usr/share/code/resources/app/out/vs/workbench/node/extensionHostProcess.js:88:729)
    at Socket.<anonymous> (/usr/share/code/resources/app/out/vs/workbench/node/extensionHostProcess.js:146:633)
    at emitOne (events.js:96:13)
    at Socket.emit (events.js:191:7)
    at readableAddChunk (_stream_readable.js:178:18)
    at Socket.Readable.push (_stream_readable.js:136:10)
    at Pipe.onread (net.js:560:20)

[2018-03-12 05:59:27.509] [renderer1] [error] Cannot read property 'trim' of undefined: TypeError: Cannot read property 'trim' of undefined
    at ctorParamStr.split.forEach (/root/.vscode/extensions/jchannon.csharpextensions-1.3.0/out/src/codeActionProvider.js:180:36)
    at Array.forEach (native)
    at CodeActionProvider.getInitializeFromCtorCommand (/root/.vscode/extensions/jchannon.csharpextensions-1.3.0/out/src/codeActionProvider.js:177:33)
    at addInitalizeFromCtor (/root/.vscode/extensions/jchannon.csharpextensions-1.3.0/out/src/codeActionProvider.js:15:28)
    at CodeActionProvider.provideCodeActions (/root/.vscode/extensions/jchannon.csharpextensions-1.3.0/out/src/codeActionProvider.js:19:9)
    at /usr/share/code/resources/app/out/vs/workbench/node/extensionHostProcess.js:628:730
    at /usr/share/code/resources/app/out/vs/workbench/node/extensionHostProcess.js:98:622
    at new n.Class.derive._oncancel (/usr/share/code/resources/app/out/vs/workbench/node/extensionHostProcess.js:75:657)
    at Object.t.asWinJsPromise (/usr/share/code/resources/app/out/vs/workbench/node/extensionHostProcess.js:98:585)
    at e.provideCodeActions (/usr/share/code/resources/app/out/vs/workbench/node/extensionHostProcess.js:628:684)
    at /usr/share/code/resources/app/out/vs/workbench/node/extensionHostProcess.js:641:51
    at e._withAdapter (/usr/share/code/resources/app/out/vs/workbench/node/extensionHostProcess.js:637:537)
    at e.$provideCodeActions (/usr/share/code/resources/app/out/vs/workbench/node/extensionHostProcess.js:641:13)
    at e._doInvokeHandler (/usr/share/code/resources/app/out/vs/workbench/node/extensionHostProcess.js:584:983)
    at e._invokeHandler (/usr/share/code/resources/app/out/vs/workbench/node/extensionHostProcess.js:584:701)
    at e._receiveRequest (/usr/share/code/resources/app/out/vs/workbench/node/extensionHostProcess.js:583:836)
    at e._receiveOneMessage (/usr/share/code/resources/app/out/vs/workbench/node/extensionHostProcess.js:583:605)
    at /usr/share/code/resources/app/out/vs/workbench/node/extensionHostProcess.js:582:671
    at /usr/share/code/resources/app/out/vs/workbench/node/extensionHostProcess.js:585:523
    at /usr/share/code/resources/app/out/vs/workbench/node/extensionHostProcess.js:87:459
    at e.fire (/usr/share/code/resources/app/out/vs/workbench/node/extensionHostProcess.js:88:729)
    at Socket.<anonymous> (/usr/share/code/resources/app/out/vs/workbench/node/extensionHostProcess.js:146:633)
    at emitOne (events.js:96:13)
    at Socket.emit (events.js:191:7)
    at readableAddChunk (_stream_readable.js:178:18)
    at Socket.Readable.push (_stream_readable.js:136:10)
    at Pipe.onread (net.js:560:20)

[2018-03-12 06:00:56.233] [renderer1] [error] Cannot read property 'text' of undefined: TypeError: Cannot read property 'text' of undefined
    at DocommentDomainCSharp.IsTriggerDocomment (/root/.vscode/extensions/k--kato.docomment-0.0.17/out/src/Domain/Lang/DocommentDomainCSharp.js:21:38)
    at DocommentDomainCSharp.Execute (/root/.vscode/extensions/k--kato.docomment-0.0.17/out/src/Domain/DocommentDomain.js:20:19)
    at DocommentControllerCSharp._onEvent (/root/.vscode/extensions/k--kato.docomment-0.0.17/out/src/Controller/DocommentController.js:52:31)
    at DocommentControllerCSharp.DocommentController.vscode_1.workspace.onDidChangeTextDocument.event (/root/.vscode/extensions/k--kato.docomment-0.0.17/out/src/Controller/DocommentController.js:18:22)
    at e.fire (/usr/share/code/resources/app/out/vs/workbench/node/extensionHostProcess.js:88:749)
    at e.$acceptDirtyStateChanged (/usr/share/code/resources/app/out/vs/workbench/node/extensionHostProcess.js:623:1010)
    at e.$acceptModelSaved (/usr/share/code/resources/app/out/vs/workbench/node/extensionHostProcess.js:623:793)
    at e._doInvokeHandler (/usr/share/code/resources/app/out/vs/workbench/node/extensionHostProcess.js:584:983)
    at e._invokeHandler (/usr/share/code/resources/app/out/vs/workbench/node/extensionHostProcess.js:584:701)
    at e._receiveRequest (/usr/share/code/resources/app/out/vs/workbench/node/extensionHostProcess.js:583:836)
    at e._receiveOneMessage (/usr/share/code/resources/app/out/vs/workbench/node/extensionHostProcess.js:583:605)
    at /usr/share/code/resources/app/out/vs/workbench/node/extensionHostProcess.js:582:671
    at /usr/share/code/resources/app/out/vs/workbench/node/extensionHostProcess.js:585:523
    at /usr/share/code/resources/app/out/vs/workbench/node/extensionHostProcess.js:87:459
    at e.fire (/usr/share/code/resources/app/out/vs/workbench/node/extensionHostProcess.js:88:729)
    at Socket.<anonymous> (/usr/share/code/resources/app/out/vs/workbench/node/extensionHostProcess.js:146:633)
    at emitOne (events.js:96:13)
    at Socket.emit (events.js:191:7)
    at readableAddChunk (_stream_readable.js:178:18)
    at Socket.Readable.push (_stream_readable.js:136:10)
    at Pipe.onread (net.js:560:20)

[2018-03-12 06:01:49.124] [renderer1] [error] Cannot read property 'text' of undefined: TypeError: Cannot read property 'text' of undefined
    at DocommentDomainCSharp.IsTriggerDocomment (/root/.vscode/extensions/k--kato.docomment-0.0.17/out/src/Domain/Lang/DocommentDomainCSharp.js:21:38)
    at DocommentDomainCSharp.Execute (/root/.vscode/extensions/k--kato.docomment-0.0.17/out/src/Domain/DocommentDomain.js:20:19)
    at DocommentControllerCSharp._onEvent (/root/.vscode/extensions/k--kato.docomment-0.0.17/out/src/Controller/DocommentController.js:52:31)
    at DocommentControllerCSharp.DocommentController.vscode_1.workspace.onDidChangeTextDocument.event (/root/.vscode/extensions/k--kato.docomment-0.0.17/out/src/Controller/DocommentController.js:18:22)
    at e.fire (/usr/share/code/resources/app/out/vs/workbench/node/extensionHostProcess.js:88:749)
    at e.$acceptDirtyStateChanged (/usr/share/code/resources/app/out/vs/workbench/node/extensionHostProcess.js:623:1010)
    at e._doInvokeHandler (/usr/share/code/resources/app/out/vs/workbench/node/extensionHostProcess.js:584:983)
    at e._invokeHandler (/usr/share/code/resources/app/out/vs/workbench/node/extensionHostProcess.js:584:701)
    at e._receiveRequest (/usr/share/code/resources/app/out/vs/workbench/node/extensionHostProcess.js:583:836)
    at e._receiveOneMessage (/usr/share/code/resources/app/out/vs/workbench/node/extensionHostProcess.js:583:605)
    at /usr/share/code/resources/app/out/vs/workbench/node/extensionHostProcess.js:582:671
    at /usr/share/code/resources/app/out/vs/workbench/node/extensionHostProcess.js:585:523
    at /usr/share/code/resources/app/out/vs/workbench/node/extensionHostProcess.js:87:459
    at e.fire (/usr/share/code/resources/app/out/vs/workbench/node/extensionHostProcess.js:88:729)
    at Socket.<anonymous> (/usr/share/code/resources/app/out/vs/workbench/node/extensionHostProcess.js:146:633)
    at emitOne (events.js:96:13)
    at Socket.emit (events.js:191:7)
    at readableAddChunk (_stream_readable.js:178:18)
    at Socket.Readable.push (_stream_readable.js:136:10)
    at Pipe.onread (net.js:560:20)

[2018-03-12 06:02:42.543] [renderer1] [error] Cannot read property 'text' of undefined: TypeError: Cannot read property 'text' of undefined
    at DocommentDomainCSharp.IsTriggerDocomment (/root/.vscode/extensions/k--kato.docomment-0.0.17/out/src/Domain/Lang/DocommentDomainCSharp.js:21:38)
    at DocommentDomainCSharp.Execute (/root/.vscode/extensions/k--kato.docomment-0.0.17/out/src/Domain/DocommentDomain.js:20:19)
    at DocommentControllerCSharp._onEvent (/root/.vscode/extensions/k--kato.docomment-0.0.17/out/src/Controller/DocommentController.js:52:31)
    at DocommentControllerCSharp.DocommentController.vscode_1.workspace.onDidChangeTextDocument.event (/root/.vscode/extensions/k--kato.docomment-0.0.17/out/src/Controller/DocommentController.js:18:22)
    at e.fire (/usr/share/code/resources/app/out/vs/workbench/node/extensionHostProcess.js:88:749)
    at e.$acceptDirtyStateChanged (/usr/share/code/resources/app/out/vs/workbench/node/extensionHostProcess.js:623:1010)
    at e.$acceptModelSaved (/usr/share/code/resources/app/out/vs/workbench/node/extensionHostProcess.js:623:793)
    at e._doInvokeHandler (/usr/share/code/resources/app/out/vs/workbench/node/extensionHostProcess.js:584:983)
    at e._invokeHandler (/usr/share/code/resources/app/out/vs/workbench/node/extensionHostProcess.js:584:701)
    at e._receiveRequest (/usr/share/code/resources/app/out/vs/workbench/node/extensionHostProcess.js:583:836)
    at e._receiveOneMessage (/usr/share/code/resources/app/out/vs/workbench/node/extensionHostProcess.js:583:605)
    at /usr/share/code/resources/app/out/vs/workbench/node/extensionHostProcess.js:582:671
    at /usr/share/code/resources/app/out/vs/workbench/node/extensionHostProcess.js:585:523
    at /usr/share/code/resources/app/out/vs/workbench/node/extensionHostProcess.js:87:459
    at e.fire (/usr/share/code/resources/app/out/vs/workbench/node/extensionHostProcess.js:88:729)
    at Socket.<anonymous> (/usr/share/code/resources/app/out/vs/workbench/node/extensionHostProcess.js:146:633)
    at emitOne (events.js:96:13)
    at Socket.emit (events.js:191:7)
    at readableAddChunk (_stream_readable.js:178:18)
    at Socket.Readable.push (_stream_readable.js:136:10)
    at Pipe.onread (net.js:560:20)

[2018-03-12 06:03:33.884] [renderer1] [error] Cannot read property 'text' of undefined: TypeError: Cannot read property 'text' of undefined
    at DocommentDomainCSharp.IsTriggerDocomment (/root/.vscode/extensions/k--kato.docomment-0.0.17/out/src/Domain/Lang/DocommentDomainCSharp.js:21:38)
    at DocommentDomainCSharp.Execute (/root/.vscode/extensions/k--kato.docomment-0.0.17/out/src/Domain/DocommentDomain.js:20:19)
    at DocommentControllerCSharp._onEvent (/root/.vscode/extensions/k--kato.docomment-0.0.17/out/src/Controller/DocommentController.js:52:31)
    at DocommentControllerCSharp.DocommentController.vscode_1.workspace.onDidChangeTextDocument.event (/root/.vscode/extensions/k--kato.docomment-0.0.17/out/src/Controller/DocommentController.js:18:22)
    at e.fire (/usr/share/code/resources/app/out/vs/workbench/node/extensionHostProcess.js:88:749)
    at e.$acceptDirtyStateChanged (/usr/share/code/resources/app/out/vs/workbench/node/extensionHostProcess.js:623:1010)
    at e._doInvokeHandler (/usr/share/code/resources/app/out/vs/workbench/node/extensionHostProcess.js:584:983)
    at e._invokeHandler (/usr/share/code/resources/app/out/vs/workbench/node/extensionHostProcess.js:584:701)
    at e._receiveRequest (/usr/share/code/resources/app/out/vs/workbench/node/extensionHostProcess.js:583:836)
    at e._receiveOneMessage (/usr/share/code/resources/app/out/vs/workbench/node/extensionHostProcess.js:583:605)
    at /usr/share/code/resources/app/out/vs/workbench/node/extensionHostProcess.js:582:671
    at /usr/share/code/resources/app/out/vs/workbench/node/extensionHostProcess.js:585:523
    at /usr/share/code/resources/app/out/vs/workbench/node/extensionHostProcess.js:87:459
    at e.fire (/usr/share/code/resources/app/out/vs/workbench/node/extensionHostProcess.js:88:729)
    at Socket.<anonymous> (/usr/share/code/resources/app/out/vs/workbench/node/extensionHostProcess.js:146:633)
    at emitOne (events.js:96:13)
    at Socket.emit (events.js:191:7)
    at readableAddChunk (_stream_readable.js:178:18)
    at Socket.Readable.push (_stream_readable.js:136:10)
    at Pipe.onread (net.js:560:20)

[2018-03-12 06:03:54.443] [renderer1] [error] Cannot read property 'text' of undefined: TypeError: Cannot read property 'text' of undefined
    at DocommentDomainCSharp.IsTriggerDocomment (/root/.vscode/extensions/k--kato.docomment-0.0.17/out/src/Domain/Lang/DocommentDomainCSharp.js:21:38)
    at DocommentDomainCSharp.Execute (/root/.vscode/extensions/k--kato.docomment-0.0.17/out/src/Domain/DocommentDomain.js:20:19)
    at DocommentControllerCSharp._onEvent (/root/.vscode/extensions/k--kato.docomment-0.0.17/out/src/Controller/DocommentController.js:52:31)
    at DocommentControllerCSharp.DocommentController.vscode_1.workspace.onDidChangeTextDocument.event (/root/.vscode/extensions/k--kato.docomment-0.0.17/out/src/Controller/DocommentController.js:18:22)
    at e.fire (/usr/share/code/resources/app/out/vs/workbench/node/extensionHostProcess.js:88:749)
    at e.$acceptDirtyStateChanged (/usr/share/code/resources/app/out/vs/workbench/node/extensionHostProcess.js:623:1010)
    at e.$acceptModelSaved (/usr/share/code/resources/app/out/vs/workbench/node/extensionHostProcess.js:623:793)
    at e._doInvokeHandler (/usr/share/code/resources/app/out/vs/workbench/node/extensionHostProcess.js:584:983)
    at e._invokeHandler (/usr/share/code/resources/app/out/vs/workbench/node/extensionHostProcess.js:584:701)
    at e._receiveRequest (/usr/share/code/resources/app/out/vs/workbench/node/extensionHostProcess.js:583:836)
    at e._receiveOneMessage (/usr/share/code/resources/app/out/vs/workbench/node/extensionHostProcess.js:583:605)
    at /usr/share/code/resources/app/out/vs/workbench/node/extensionHostProcess.js:582:671
    at /usr/share/code/resources/app/out/vs/workbench/node/extensionHostProcess.js:585:523
    at /usr/share/code/resources/app/out/vs/workbench/node/extensionHostProcess.js:87:459
    at e.fire (/usr/share/code/resources/app/out/vs/workbench/node/extensionHostProcess.js:88:729)
    at Socket.<anonymous> (/usr/share/code/resources/app/out/vs/workbench/node/extensionHostProcess.js:146:633)
    at emitOne (events.js:96:13)
    at Socket.emit (events.js:191:7)
    at readableAddChunk (_stream_readable.js:178:18)
    at Socket.Readable.push (_stream_readable.js:136:10)
    at Pipe.onread (net.js:560:20)

[2018-03-12 06:04:37.032] [renderer1] [error] Illegal argument, contents must be defined: Error: Illegal argument, contents must be defined
    at new <anonymous> (/usr/share/code/resources/app/out/vs/workbench/node/extensionHostProcess.js:471:178)
    at asHover (/root/.vscode/extensions/schneiderpat.aspnet-helper-0.6.4/node_modules/vscode-languageclient/lib/protocolConverter.js:63:16)
    at <anonymous>:null:null

[2018-03-12 06:05:10.888] [renderer1] [error] Illegal argument, contents must be defined: Error: Illegal argument, contents must be defined
    at new <anonymous> (/usr/share/code/resources/app/out/vs/workbench/node/extensionHostProcess.js:471:178)
    at asHover (/root/.vscode/extensions/schneiderpat.aspnet-helper-0.6.4/node_modules/vscode-languageclient/lib/protocolConverter.js:63:16)
    at <anonymous>:null:null

[2018-03-12 06:05:19.782] [renderer1] [error] Illegal argument, contents must be defined: Error: Illegal argument, contents must be defined
    at new <anonymous> (/usr/share/code/resources/app/out/vs/workbench/node/extensionHostProcess.js:471:178)
    at asHover (/root/.vscode/extensions/schneiderpat.aspnet-helper-0.6.4/node_modules/vscode-languageclient/lib/protocolConverter.js:63:16)
    at <anonymous>:null:null

[2018-03-12 06:05:49.812] [renderer1] [error] Illegal argument, contents must be defined: Error: Illegal argument, contents must be defined
    at new <anonymous> (/usr/share/code/resources/app/out/vs/workbench/node/extensionHostProcess.js:471:178)
    at asHover (/root/.vscode/extensions/schneiderpat.aspnet-helper-0.6.4/node_modules/vscode-languageclient/lib/protocolConverter.js:63:16)
    at <anonymous>:null:null

[2018-03-12 06:05:50.966] [renderer1] [error] Illegal argument, contents must be defined: Error: Illegal argument, contents must be defined
    at new <anonymous> (/usr/share/code/resources/app/out/vs/workbench/node/extensionHostProcess.js:471:178)
    at asHover (/root/.vscode/extensions/schneiderpat.aspnet-helper-0.6.4/node_modules/vscode-languageclient/lib/protocolConverter.js:63:16)
    at <anonymous>:null:null

[2018-03-12 06:05:52.098] [renderer1] [error] Illegal argument, contents must be defined: Error: Illegal argument, contents must be defined
    at new <anonymous> (/usr/share/code/resources/app/out/vs/workbench/node/extensionHostProcess.js:471:178)
    at asHover (/root/.vscode/extensions/schneiderpat.aspnet-helper-0.6.4/node_modules/vscode-languageclient/lib/protocolConverter.js:63:16)
    at <anonymous>:null:null

[2018-03-12 06:05:56.893] [renderer1] [error] Illegal argument, contents must be defined: Error: Illegal argument, contents must be defined
    at new <anonymous> (/usr/share/code/resources/app/out/vs/workbench/node/extensionHostProcess.js:471:178)
    at asHover (/root/.vscode/extensions/schneiderpat.aspnet-helper-0.6.4/node_modules/vscode-languageclient/lib/protocolConverter.js:63:16)
    at <anonymous>:null:null

[2018-03-12 06:05:58.100] [renderer1] [error] Illegal argument, contents must be defined: Error: Illegal argument, contents must be defined
    at new <anonymous> (/usr/share/code/resources/app/out/vs/workbench/node/extensionHostProcess.js:471:178)
    at asHover (/root/.vscode/extensions/schneiderpat.aspnet-helper-0.6.4/node_modules/vscode-languageclient/lib/protocolConverter.js:63:16)
    at <anonymous>:null:null

[2018-03-12 06:06:01.911] [renderer1] [error] Illegal argument, contents must be defined: Error: Illegal argument, contents must be defined
    at new <anonymous> (/usr/share/code/resources/app/out/vs/workbench/node/extensionHostProcess.js:471:178)
    at asHover (/root/.vscode/extensions/schneiderpat.aspnet-helper-0.6.4/node_modules/vscode-languageclient/lib/protocolConverter.js:63:16)
    at <anonymous>:null:null

[2018-03-12 06:06:03.103] [renderer1] [error] Illegal argument, contents must be defined: Error: Illegal argument, contents must be defined
    at new <anonymous> (/usr/share/code/resources/app/out/vs/workbench/node/extensionHostProcess.js:471:178)
    at asHover (/root/.vscode/extensions/schneiderpat.aspnet-helper-0.6.4/node_modules/vscode-languageclient/lib/protocolConverter.js:63:16)
    at <anonymous>:null:null

[2018-03-12 06:06:04.603] [renderer1] [error] Illegal argument, contents must be defined: Error: Illegal argument, contents must be defined
    at new <anonymous> (/usr/share/code/resources/app/out/vs/workbench/node/extensionHostProcess.js:471:178)
    at asHover (/root/.vscode/extensions/schneiderpat.aspnet-helper-0.6.4/node_modules/vscode-languageclient/lib/protocolConverter.js:63:16)
    at <anonymous>:null:null

[2018-03-12 06:06:57.708] [renderer1] [error] Illegal argument, contents must be defined: Error: Illegal argument, contents must be defined
    at new <anonymous> (/usr/share/code/resources/app/out/vs/workbench/node/extensionHostProcess.js:471:178)
    at asHover (/root/.vscode/extensions/schneiderpat.aspnet-helper-0.6.4/node_modules/vscode-languageclient/lib/protocolConverter.js:63:16)
    at <anonymous>:null:null

[2018-03-12 06:16:03.811] [renderer1] [error] Illegal argument, contents must be defined: Error: Illegal argument, contents must be defined
    at new <anonymous> (/usr/share/code/resources/app/out/vs/workbench/node/extensionHostProcess.js:471:178)
    at asHover (/root/.vscode/extensions/schneiderpat.aspnet-helper-0.6.4/node_modules/vscode-languageclient/lib/protocolConverter.js:63:16)
    at <anonymous>:null:null

[2018-03-12 06:16:33.554] [renderer1] [error] Illegal argument, contents must be defined: Error: Illegal argument, contents must be defined
    at new <anonymous> (/usr/share/code/resources/app/out/vs/workbench/node/extensionHostProcess.js:471:178)
    at asHover (/root/.vscode/extensions/schneiderpat.aspnet-helper-0.6.4/node_modules/vscode-languageclient/lib/protocolConverter.js:63:16)
    at <anonymous>:null:null

[2018-03-12 06:17:05.347] [renderer1] [error] Illegal argument, contents must be defined: Error: Illegal argument, contents must be defined
    at new <anonymous> (/usr/share/code/resources/app/out/vs/workbench/node/extensionHostProcess.js:471:178)
    at asHover (/root/.vscode/extensions/schneiderpat.aspnet-helper-0.6.4/node_modules/vscode-languageclient/lib/protocolConverter.js:63:16)
    at <anonymous>:null:null

[2018-03-12 06:17:43.224] [renderer1] [error] Illegal value for `line`: Error: Illegal value for `line`
    at t._lineAt (/usr/share/code/resources/app/out/vs/workbench/node/extensionHostProcess.js:487:34)
    at Object.lineAt (/usr/share/code/resources/app/out/vs/workbench/node/extensionHostProcess.js:485:801)
    at CodeActionProvider.findClassFromLine (/root/.vscode/extensions/jchannon.csharpextensions-1.3.0/out/src/codeActionProvider.js:122:33)
    at CodeActionProvider.getCtorpCommand (/root/.vscode/extensions/jchannon.csharpextensions-1.3.0/out/src/codeActionProvider.js:77:32)
    at CodeActionProvider.provideCodeActions (/root/.vscode/extensions/jchannon.csharpextensions-1.3.0/out/src/codeActionProvider.js:22:33)
    at /usr/share/code/resources/app/out/vs/workbench/node/extensionHostProcess.js:628:730
    at /usr/share/code/resources/app/out/vs/workbench/node/extensionHostProcess.js:98:622
    at new n.Class.derive._oncancel (/usr/share/code/resources/app/out/vs/workbench/node/extensionHostProcess.js:75:657)
    at Object.t.asWinJsPromise (/usr/share/code/resources/app/out/vs/workbench/node/extensionHostProcess.js:98:585)
    at e.provideCodeActions (/usr/share/code/resources/app/out/vs/workbench/node/extensionHostProcess.js:628:684)
    at /usr/share/code/resources/app/out/vs/workbench/node/extensionHostProcess.js:641:51
    at e._withAdapter (/usr/share/code/resources/app/out/vs/workbench/node/extensionHostProcess.js:637:537)
    at e.$provideCodeActions (/usr/share/code/resources/app/out/vs/workbench/node/extensionHostProcess.js:641:13)
    at e._doInvokeHandler (/usr/share/code/resources/app/out/vs/workbench/node/extensionHostProcess.js:584:983)
    at e._invokeHandler (/usr/share/code/resources/app/out/vs/workbench/node/extensionHostProcess.js:584:701)
    at e._receiveRequest (/usr/share/code/resources/app/out/vs/workbench/node/extensionHostProcess.js:583:836)
    at e._receiveOneMessage (/usr/share/code/resources/app/out/vs/workbench/node/extensionHostProcess.js:583:605)
    at /usr/share/code/resources/app/out/vs/workbench/node/extensionHostProcess.js:582:671
    at /usr/share/code/resources/app/out/vs/workbench/node/extensionHostProcess.js:585:523
    at /usr/share/code/resources/app/out/vs/workbench/node/extensionHostProcess.js:87:459
    at e.fire (/usr/share/code/resources/app/out/vs/workbench/node/extensionHostProcess.js:88:729)
    at Socket.<anonymous> (/usr/share/code/resources/app/out/vs/workbench/node/extensionHostProcess.js:146:633)
    at emitOne (events.js:96:13)
    at Socket.emit (events.js:191:7)
    at readableAddChunk (_stream_readable.js:178:18)
    at Socket.Readable.push (_stream_readable.js:136:10)
    at Pipe.onread (net.js:560:20)

[2018-03-12 06:17:47.140] [renderer1] [error] Illegal argument, contents must be defined: Error: Illegal argument, contents must be defined
    at new <anonymous> (/usr/share/code/resources/app/out/vs/workbench/node/extensionHostProcess.js:471:178)
    at asHover (/root/.vscode/extensions/schneiderpat.aspnet-helper-0.6.4/node_modules/vscode-languageclient/lib/protocolConverter.js:63:16)
    at <anonymous>:null:null

[2018-03-12 06:17:48.974] [renderer1] [error] Illegal argument, contents must be defined: Error: Illegal argument, contents must be defined
    at new <anonymous> (/usr/share/code/resources/app/out/vs/workbench/node/extensionHostProcess.js:471:178)
    at asHover (/root/.vscode/extensions/schneiderpat.aspnet-helper-0.6.4/node_modules/vscode-languageclient/lib/protocolConverter.js:63:16)
    at <anonymous>:null:null

[2018-03-12 06:17:50.014] [renderer1] [error] Illegal argument, contents must be defined: Error: Illegal argument, contents must be defined
    at new <anonymous> (/usr/share/code/resources/app/out/vs/workbench/node/extensionHostProcess.js:471:178)
    at asHover (/root/.vscode/extensions/schneiderpat.aspnet-helper-0.6.4/node_modules/vscode-languageclient/lib/protocolConverter.js:63:16)
    at <anonymous>:null:null

[2018-03-12 06:18:27.519] [renderer1] [error] Illegal argument, contents must be defined: Error: Illegal argument, contents must be defined
    at new <anonymous> (/usr/share/code/resources/app/out/vs/workbench/node/extensionHostProcess.js:471:178)
    at asHover (/root/.vscode/extensions/schneiderpat.aspnet-helper-0.6.4/node_modules/vscode-languageclient/lib/protocolConverter.js:63:16)
    at <anonymous>:null:null

[2018-03-12 06:18:30.058] [renderer1] [error] Illegal argument, contents must be defined: Error: Illegal argument, contents must be defined
    at new <anonymous> (/usr/share/code/resources/app/out/vs/workbench/node/extensionHostProcess.js:471:178)
    at asHover (/root/.vscode/extensions/schneiderpat.aspnet-helper-0.6.4/node_modules/vscode-languageclient/lib/protocolConverter.js:63:16)
    at <anonymous>:null:null

[2018-03-12 06:18:45.110] [renderer1] [error] Illegal argument, contents must be defined: Error: Illegal argument, contents must be defined
    at new <anonymous> (/usr/share/code/resources/app/out/vs/workbench/node/extensionHostProcess.js:471:178)
    at asHover (/root/.vscode/extensions/schneiderpat.aspnet-helper-0.6.4/node_modules/vscode-languageclient/lib/protocolConverter.js:63:16)
    at <anonymous>:null:null

[2018-03-12 06:18:56.258] [renderer1] [error] Illegal argument, contents must be defined: Error: Illegal argument, contents must be defined
    at new <anonymous> (/usr/share/code/resources/app/out/vs/workbench/node/extensionHostProcess.js:471:178)
    at asHover (/root/.vscode/extensions/schneiderpat.aspnet-helper-0.6.4/node_modules/vscode-languageclient/lib/protocolConverter.js:63:16)
    at <anonymous>:null:null

[2018-03-12 06:19:00.663] [renderer1] [error] Illegal argument, contents must be defined: Error: Illegal argument, contents must be defined
    at new <anonymous> (/usr/share/code/resources/app/out/vs/workbench/node/extensionHostProcess.js:471:178)
    at asHover (/root/.vscode/extensions/schneiderpat.aspnet-helper-0.6.4/node_modules/vscode-languageclient/lib/protocolConverter.js:63:16)
    at <anonymous>:null:null

[2018-03-12 07:07:50.543] [renderer1] [error] Cannot read property 'text' of undefined: TypeError: Cannot read property 'text' of undefined
    at DocommentDomainCSharp.IsTriggerDocomment (/root/.vscode/extensions/k--kato.docomment-0.0.17/out/src/Domain/Lang/DocommentDomainCSharp.js:21:38)
    at DocommentDomainCSharp.Execute (/root/.vscode/extensions/k--kato.docomment-0.0.17/out/src/Domain/DocommentDomain.js:20:19)
    at DocommentControllerCSharp._onEvent (/root/.vscode/extensions/k--kato.docomment-0.0.17/out/src/Controller/DocommentController.js:52:31)
    at DocommentControllerCSharp.DocommentController.vscode_1.workspace.onDidChangeTextDocument.event (/root/.vscode/extensions/k--kato.docomment-0.0.17/out/src/Controller/DocommentController.js:18:22)
    at e.fire (/usr/share/code/resources/app/out/vs/workbench/node/extensionHostProcess.js:88:749)
    at e.$acceptDirtyStateChanged (/usr/share/code/resources/app/out/vs/workbench/node/extensionHostProcess.js:623:1010)
    at e._doInvokeHandler (/usr/share/code/resources/app/out/vs/workbench/node/extensionHostProcess.js:584:983)
    at e._invokeHandler (/usr/share/code/resources/app/out/vs/workbench/node/extensionHostProcess.js:584:701)
    at e._receiveRequest (/usr/share/code/resources/app/out/vs/workbench/node/extensionHostProcess.js:583:836)
    at e._receiveOneMessage (/usr/share/code/resources/app/out/vs/workbench/node/extensionHostProcess.js:583:605)
    at /usr/share/code/resources/app/out/vs/workbench/node/extensionHostProcess.js:582:671
    at /usr/share/code/resources/app/out/vs/workbench/node/extensionHostProcess.js:585:523
    at /usr/share/code/resources/app/out/vs/workbench/node/extensionHostProcess.js:87:459
    at e.fire (/usr/share/code/resources/app/out/vs/workbench/node/extensionHostProcess.js:88:729)
    at Socket.<anonymous> (/usr/share/code/resources/app/out/vs/workbench/node/extensionHostProcess.js:146:633)
    at emitOne (events.js:96:13)
    at Socket.emit (events.js:191:7)
    at readableAddChunk (_stream_readable.js:178:18)
    at Socket.Readable.push (_stream_readable.js:136:10)
    at Pipe.onread (net.js:560:20)

[2018-03-12 07:07:58.688] [renderer1] [error] Cannot read property 'text' of undefined: TypeError: Cannot read property 'text' of undefined
    at DocommentDomainCSharp.IsTriggerDocomment (/root/.vscode/extensions/k--kato.docomment-0.0.17/out/src/Domain/Lang/DocommentDomainCSharp.js:21:38)
    at DocommentDomainCSharp.Execute (/root/.vscode/extensions/k--kato.docomment-0.0.17/out/src/Domain/DocommentDomain.js:20:19)
    at DocommentControllerCSharp._onEvent (/root/.vscode/extensions/k--kato.docomment-0.0.17/out/src/Controller/DocommentController.js:52:31)
    at DocommentControllerCSharp.DocommentController.vscode_1.workspace.onDidChangeTextDocument.event (/root/.vscode/extensions/k--kato.docomment-0.0.17/out/src/Controller/DocommentController.js:18:22)
    at e.fire (/usr/share/code/resources/app/out/vs/workbench/node/extensionHostProcess.js:88:749)
    at e.$acceptDirtyStateChanged (/usr/share/code/resources/app/out/vs/workbench/node/extensionHostProcess.js:623:1010)
    at e.$acceptModelSaved (/usr/share/code/resources/app/out/vs/workbench/node/extensionHostProcess.js:623:793)
    at e._doInvokeHandler (/usr/share/code/resources/app/out/vs/workbench/node/extensionHostProcess.js:584:983)
    at e._invokeHandler (/usr/share/code/resources/app/out/vs/workbench/node/extensionHostProcess.js:584:701)
    at e._receiveRequest (/usr/share/code/resources/app/out/vs/workbench/node/extensionHostProcess.js:583:836)
    at e._receiveOneMessage (/usr/share/code/resources/app/out/vs/workbench/node/extensionHostProcess.js:583:605)
    at /usr/share/code/resources/app/out/vs/workbench/node/extensionHostProcess.js:582:671
    at /usr/share/code/resources/app/out/vs/workbench/node/extensionHostProcess.js:585:523
    at /usr/share/code/resources/app/out/vs/workbench/node/extensionHostProcess.js:87:459
    at e.fire (/usr/share/code/resources/app/out/vs/workbench/node/extensionHostProcess.js:88:729)
    at Socket.<anonymous> (/usr/share/code/resources/app/out/vs/workbench/node/extensionHostProcess.js:146:633)
    at emitOne (events.js:96:13)
    at Socket.emit (events.js:191:7)
    at readableAddChunk (_stream_readable.js:178:18)
    at Socket.Readable.push (_stream_readable.js:136:10)
    at Pipe.onread (net.js:560:20)

[2018-03-12 07:08:27.059] [renderer1] [error] Cannot read property 'trim' of undefined: TypeError: Cannot read property 'trim' of undefined
    at ctorParamStr.split.forEach (/root/.vscode/extensions/jchannon.csharpextensions-1.3.0/out/src/codeActionProvider.js:180:36)
    at Array.forEach (native)
    at CodeActionProvider.getInitializeFromCtorCommand (/root/.vscode/extensions/jchannon.csharpextensions-1.3.0/out/src/codeActionProvider.js:177:33)
    at addInitalizeFromCtor (/root/.vscode/extensions/jchannon.csharpextensions-1.3.0/out/src/codeActionProvider.js:15:28)
    at CodeActionProvider.provideCodeActions (/root/.vscode/extensions/jchannon.csharpextensions-1.3.0/out/src/codeActionProvider.js:19:9)
    at /usr/share/code/resources/app/out/vs/workbench/node/extensionHostProcess.js:628:730
    at /usr/share/code/resources/app/out/vs/workbench/node/extensionHostProcess.js:98:622
    at new n.Class.derive._oncancel (/usr/share/code/resources/app/out/vs/workbench/node/extensionHostProcess.js:75:657)
    at Object.t.asWinJsPromise (/usr/share/code/resources/app/out/vs/workbench/node/extensionHostProcess.js:98:585)
    at e.provideCodeActions (/usr/share/code/resources/app/out/vs/workbench/node/extensionHostProcess.js:628:684)
    at /usr/share/code/resources/app/out/vs/workbench/node/extensionHostProcess.js:641:51
    at e._withAdapter (/usr/share/code/resources/app/out/vs/workbench/node/extensionHostProcess.js:637:537)
    at e.$provideCodeActions (/usr/share/code/resources/app/out/vs/workbench/node/extensionHostProcess.js:641:13)
    at e._doInvokeHandler (/usr/share/code/resources/app/out/vs/workbench/node/extensionHostProcess.js:584:983)
    at e._invokeHandler (/usr/share/code/resources/app/out/vs/workbench/node/extensionHostProcess.js:584:701)
    at e._receiveRequest (/usr/share/code/resources/app/out/vs/workbench/node/extensionHostProcess.js:583:836)
    at e._receiveOneMessage (/usr/share/code/resources/app/out/vs/workbench/node/extensionHostProcess.js:583:605)
    at /usr/share/code/resources/app/out/vs/workbench/node/extensionHostProcess.js:582:671
    at /usr/share/code/resources/app/out/vs/workbench/node/extensionHostProcess.js:585:523
    at /usr/share/code/resources/app/out/vs/workbench/node/extensionHostProcess.js:87:459
    at e.fire (/usr/share/code/resources/app/out/vs/workbench/node/extensionHostProcess.js:88:729)
    at Socket.<anonymous> (/usr/share/code/resources/app/out/vs/workbench/node/extensionHostProcess.js:146:633)
    at emitOne (events.js:96:13)
    at Socket.emit (events.js:191:7)
    at readableAddChunk (_stream_readable.js:178:18)
    at Socket.Readable.push (_stream_readable.js:136:10)
    at Pipe.onread (net.js:560:20)

[2018-03-12 07:08:35.990] [renderer1] [error] Cannot read property 'text' of undefined: TypeError: Cannot read property 'text' of undefined
    at DocommentDomainCSharp.IsTriggerDocomment (/root/.vscode/extensions/k--kato.docomment-0.0.17/out/src/Domain/Lang/DocommentDomainCSharp.js:21:38)
    at DocommentDomainCSharp.Execute (/root/.vscode/extensions/k--kato.docomment-0.0.17/out/src/Domain/DocommentDomain.js:20:19)
    at DocommentControllerCSharp._onEvent (/root/.vscode/extensions/k--kato.docomment-0.0.17/out/src/Controller/DocommentController.js:52:31)
    at DocommentControllerCSharp.DocommentController.vscode_1.workspace.onDidChangeTextDocument.event (/root/.vscode/extensions/k--kato.docomment-0.0.17/out/src/Controller/DocommentController.js:18:22)
    at e.fire (/usr/share/code/resources/app/out/vs/workbench/node/extensionHostProcess.js:88:749)
    at e.$acceptDirtyStateChanged (/usr/share/code/resources/app/out/vs/workbench/node/extensionHostProcess.js:623:1010)
    at e._doInvokeHandler (/usr/share/code/resources/app/out/vs/workbench/node/extensionHostProcess.js:584:983)
    at e._invokeHandler (/usr/share/code/resources/app/out/vs/workbench/node/extensionHostProcess.js:584:701)
    at e._receiveRequest (/usr/share/code/resources/app/out/vs/workbench/node/extensionHostProcess.js:583:836)
    at e._receiveOneMessage (/usr/share/code/resources/app/out/vs/workbench/node/extensionHostProcess.js:583:605)
    at /usr/share/code/resources/app/out/vs/workbench/node/extensionHostProcess.js:582:671
    at /usr/share/code/resources/app/out/vs/workbench/node/extensionHostProcess.js:585:523
    at /usr/share/code/resources/app/out/vs/workbench/node/extensionHostProcess.js:87:459
    at e.fire (/usr/share/code/resources/app/out/vs/workbench/node/extensionHostProcess.js:88:729)
    at Socket.<anonymous> (/usr/share/code/resources/app/out/vs/workbench/node/extensionHostProcess.js:146:633)
    at emitOne (events.js:96:13)
    at Socket.emit (events.js:191:7)
    at readableAddChunk (_stream_readable.js:178:18)
    at Socket.Readable.push (_stream_readable.js:136:10)
    at Pipe.onread (net.js:560:20)

[2018-03-12 07:08:47.966] [renderer1] [error] Cannot read property 'text' of undefined: TypeError: Cannot read property 'text' of undefined
    at DocommentDomainCSharp.IsTriggerDocomment (/root/.vscode/extensions/k--kato.docomment-0.0.17/out/src/Domain/Lang/DocommentDomainCSharp.js:21:38)
    at DocommentDomainCSharp.Execute (/root/.vscode/extensions/k--kato.docomment-0.0.17/out/src/Domain/DocommentDomain.js:20:19)
    at DocommentControllerCSharp._onEvent (/root/.vscode/extensions/k--kato.docomment-0.0.17/out/src/Controller/DocommentController.js:52:31)
    at DocommentControllerCSharp.DocommentController.vscode_1.workspace.onDidChangeTextDocument.event (/root/.vscode/extensions/k--kato.docomment-0.0.17/out/src/Controller/DocommentController.js:18:22)
    at e.fire (/usr/share/code/resources/app/out/vs/workbench/node/extensionHostProcess.js:88:749)
    at e.$acceptDirtyStateChanged (/usr/share/code/resources/app/out/vs/workbench/node/extensionHostProcess.js:623:1010)
    at e.$acceptModelSaved (/usr/share/code/resources/app/out/vs/workbench/node/extensionHostProcess.js:623:793)
    at e._doInvokeHandler (/usr/share/code/resources/app/out/vs/workbench/node/extensionHostProcess.js:584:983)
    at e._invokeHandler (/usr/share/code/resources/app/out/vs/workbench/node/extensionHostProcess.js:584:701)
    at e._receiveRequest (/usr/share/code/resources/app/out/vs/workbench/node/extensionHostProcess.js:583:836)
    at e._receiveOneMessage (/usr/share/code/resources/app/out/vs/workbench/node/extensionHostProcess.js:583:605)
    at /usr/share/code/resources/app/out/vs/workbench/node/extensionHostProcess.js:582:671
    at /usr/share/code/resources/app/out/vs/workbench/node/extensionHostProcess.js:585:523
    at /usr/share/code/resources/app/out/vs/workbench/node/extensionHostProcess.js:87:459
    at e.fire (/usr/share/code/resources/app/out/vs/workbench/node/extensionHostProcess.js:88:729)
    at Socket.<anonymous> (/usr/share/code/resources/app/out/vs/workbench/node/extensionHostProcess.js:146:633)
    at emitOne (events.js:96:13)
    at Socket.emit (events.js:191:7)
    at readableAddChunk (_stream_readable.js:178:18)
    at Socket.Readable.push (_stream_readable.js:136:10)
    at Pipe.onread (net.js:560:20)

[2018-03-12 07:09:59.299] [renderer1] [error] Illegal argument, contents must be defined: Error: Illegal argument, contents must be defined
    at new <anonymous> (/usr/share/code/resources/app/out/vs/workbench/node/extensionHostProcess.js:471:178)
    at asHover (/root/.vscode/extensions/schneiderpat.aspnet-helper-0.6.4/node_modules/vscode-languageclient/lib/protocolConverter.js:63:16)
    at <anonymous>:null:null

