[2018-03-01 10:25:55.158] [exthost1] [info] extension host started
[2018-03-01 10:25:55.197] [exthost1] [info] ExtensionService#_doActivateExtension vscode.emmet {"startup":true,"activationEvent":"*"}
[2018-03-01 10:25:55.198] [exthost1] [info] ExtensionService#loadCommonJSModule /usr/share/code/resources/app/extensions/emmet/out/extension
[2018-03-01 10:25:55.790] [exthost1] [info] ExtensionService#_doActivateExtension vscode.git {"startup":true,"activationEvent":"*"}
[2018-03-01 10:25:55.790] [exthost1] [info] ExtensionService#loadCommonJSModule /usr/share/code/resources/app/extensions/git/out/main
[2018-03-01 10:25:55.956] [exthost1] [info] ExtensionService#_doActivateExtension vscode.merge-conflict {"startup":true,"activationEvent":"*"}
[2018-03-01 10:25:55.956] [exthost1] [info] ExtensionService#loadCommonJSModule /usr/share/code/resources/app/extensions/merge-conflict/out/extension
[2018-03-01 10:25:56.006] [exthost1] [info] ExtensionService#_doActivateExtension bajdzis.vscode-database {"startup":true,"activationEvent":"*"}
[2018-03-01 10:25:56.006] [exthost1] [info] ExtensionService#loadCommonJSModule /root/.vscode/extensions/bajdzis.vscode-database-1.5.0/extension
[2018-03-01 10:25:56.486] [exthost1] [info] ExtensionService#_doActivateExtension eamodio.gitlens {"startup":true,"activationEvent":"*"}
[2018-03-01 10:25:56.486] [exthost1] [info] ExtensionService#loadCommonJSModule /root/.vscode/extensions/eamodio.gitlens-8.0.2/out/extension
[2018-03-01 10:25:57.978] [exthost1] [info] ExtensionService#_doActivateExtension robertohuertasm.vscode-icons {"startup":true,"activationEvent":"*"}
[2018-03-01 10:25:57.978] [exthost1] [info] ExtensionService#loadCommonJSModule /root/.vscode/extensions/robertohuertasm.vscode-icons-7.20.0/out/src/
[2018-03-01 10:25:58.866] [exthost1] [info] ExtensionService#_doActivateExtension schneiderpat.aspnet-helper {"startup":true,"activationEvent":"*"}
[2018-03-01 10:25:58.866] [exthost1] [info] ExtensionService#loadCommonJSModule /root/.vscode/extensions/schneiderpat.aspnet-helper-0.6.4/out/src/extension
[2018-03-01 10:26:00.340] [exthost1] [info] ExtensionService#_doActivateExtension ms-vscode.csharp {"startup":true,"activationEvent":"workspaceContains:*.csproj,*.sln,*.csx,*.cake,**/*.csproj,**/*.sln,**/*.csx,**/*.cake"}
[2018-03-01 10:26:00.340] [exthost1] [info] ExtensionService#loadCommonJSModule /root/.vscode/extensions/ms-vscode.csharp-1.14.0/out/src/main
[2018-03-01 10:26:01.883] [exthost1] [info] eager extensions activated
[2018-03-01 10:26:22.971] [exthost1] [info] ExtensionService#_doActivateExtension jchannon.csharpextensions {"startup":false,"activationEvent":"onLanguage:csharp"}
[2018-03-01 10:26:22.971] [exthost1] [info] ExtensionService#loadCommonJSModule /root/.vscode/extensions/jchannon.csharpextensions-1.3.0/out/src/extension
[2018-03-01 10:26:23.357] [exthost1] [info] ExtensionService#_doActivateExtension k--kato.docomment {"startup":false,"activationEvent":"onLanguage:csharp"}
[2018-03-01 10:26:23.357] [exthost1] [info] ExtensionService#loadCommonJSModule /root/.vscode/extensions/k--kato.docomment-0.0.17/out/src/extension
[2018-03-01 10:30:57.436] [exthost1] [info] ExtensionService#_doActivateExtension vscode.html {"startup":false,"activationEvent":"onLanguage:razor"}
[2018-03-01 10:30:57.436] [exthost1] [info] ExtensionService#loadCommonJSModule /usr/share/code/resources/app/extensions/html/client/out/htmlMain
