Starting OmniSharp server at 3/7/2018, 7:43:42 AM
    Target: /home/MVCEventCalendar

OmniSharp server started wth Mono
    Path: /root/.vscode/extensions/ms-vscode.csharp-1.14.0/.omnisharp/omnisharp/OmniSharp.exe
    PID: 12490

﻿[info]: OmniSharp.Stdio.Host
        Starting OmniSharp on ubuntu 16.4 (x64)
[info]: OmniSharp.MSBuild.Discovery.MSBuildLocator
        Located 2 MSBuild instance(s)
            1: Mono 15.0 - "/usr/lib/mono/msbuild/15.0/bin"
            2: StandAlone 15.0 - "/root/.vscode/extensions/ms-vscode.csharp-1.14.0/.omnisharp/omnisharp/msbuild/15.0/Bin"
[info]: OmniSharp.MSBuild.Discovery.MSBuildLocator
        Registered MSBuild instance: Mono 15.0 - "/usr/lib/mono/msbuild/15.0/bin"
            CscToolPath = /root/.vscode/extensions/ms-vscode.csharp-1.14.0/.omnisharp/omnisharp/msbuild/15.0/Bin/Roslyn
            CscToolExe = csc.exe
[info]: OmniSharp.Cake.CakeProjectSystem
        Detecting Cake files in '/home/MVCEventCalendar'.
[info]: OmniSharp.Cake.CakeProjectSystem
        Could not find any Cake files
[info]: OmniSharp.DotNet.DotNetProjectSystem
        Initializing in /home/MVCEventCalendar
[info]: OmniSharp.DotNet.DotNetProjectSystem
        Auto package restore: False
[info]: OmniSharp.DotNet.DotNetProjectSystem
        Update workspace context
[info]: OmniSharp.DotNet.DotNetProjectSystem
        Resolving projects references
[info]: OmniSharp.MSBuild.ProjectSystem
        No solution files found in '/home/MVCEventCalendar'
[info]: OmniSharp.MSBuild.ProjectManager
        Queue project update for '/home/MVCEventCalendar/MVCEventCalendar.csproj'
[info]: OmniSharp.Script.ScriptProjectSystem
        Detecting CSX files in '/home/MVCEventCalendar'.
[info]: OmniSharp.Script.ScriptProjectSystem
        Could not find any CSX files
[info]: OmniSharp.Stdio.Host
        Invoking Workspace Options Provider: OmniSharp.Roslyn.CSharp.Services.CSharpWorkspaceOptionsProvider
[info]: OmniSharp.Stdio.Host
        Configuration finished.
[info]: OmniSharp.Stdio.Host
        Omnisharp server running using Stdio at location '/home/MVCEventCalendar' on host 12389.
[info]: OmniSharp.MSBuild.ProjectManager
        Loading project: /home/MVCEventCalendar/MVCEventCalendar.csproj
[fail]: OmniSharp.MSBuild.ProjectLoader
        This project references NuGet package(s) that are missing on this computer. Use NuGet Package Restore to download them.  For more information, see http://go.microsoft.com/fwlink/?LinkID=322105. The missing file is ../packages/Microsoft.Net.Compilers.1.0.0/build/Microsoft.Net.Compilers.props.
[warn]: OmniSharp.MSBuild.ProjectManager
        Failed to load project file '/home/MVCEventCalendar/MVCEventCalendar.csproj'.
/home/MVCEventCalendar/MVCEventCalendar.csproj

