[2018-02-22 03:30:10.362] [sharedprocess] [info] main {"machineId":"5f906e6d34bef1eee3dd2031af0af689fb6fb0de9d2e8e4846ac068d85ceca24"}
[2018-02-22 03:30:11.775] [sharedprocess] [info] Scanned user extensions: 19
[2018-02-22 03:30:12.132] [sharedprocess] [info] Scanned system extensions: 65
[2018-02-22 03:30:12.710] [sharedprocess] [info] Scanned user extensions: 19
[2018-02-22 03:30:12.714] [sharedprocess] [info] Scanned user extensions: 19
[2018-02-22 03:30:12.725] [sharedprocess] [info] Scanned user extensions: 19
[2018-02-22 03:30:12.758] [sharedprocess] [info] Scanned system extensions: 65
[2018-02-22 03:30:12.764] [sharedprocess] [info] Scanned system extensions: 65
[2018-02-22 03:30:15.101] [sharedprocess] [info] Scanned user extensions: 19
[2018-02-22 03:30:15.644] [sharedprocess] [info] Installing extension: Angular-BeastCode
[2018-02-22 03:30:20.920] [sharedprocess] [info] Downloaded extension: Angular-BeastCode
[2018-02-22 03:30:21.089] [sharedprocess] [info] Extracted extension to /root/.vscode/extensions/Mikael.angular-beastcode-5.2.15: Mikael.angular-beastcode-5.2.15
[2018-02-22 03:30:21.099] [sharedprocess] [info] Updated metadata of the extension: Mikael.angular-beastcode-5.2.15
[2018-02-22 03:30:21.099] [sharedprocess] [info] Extensions installed successfully: Mikael.angular-beastcode
[2018-02-22 03:30:21.249] [sharedprocess] [info] Scanned user extensions: 19
[2018-02-22 03:30:21.275] [sharedprocess] [info] Scanned system extensions: 65
[2018-02-22 03:35:15.221] [sharedprocess] [info] Scanned user extensions: 19
[2018-02-22 03:38:52.313] [sharedprocess] [info] Scanned user extensions: 19
[2018-02-22 03:38:52.331] [sharedprocess] [info] Scanned user extensions: 19
[2018-02-22 03:38:52.350] [sharedprocess] [info] Scanned user extensions: 19
[2018-02-22 03:38:52.416] [sharedprocess] [info] Scanned system extensions: 65
[2018-02-22 03:38:52.427] [sharedprocess] [info] Scanned system extensions: 65
[2018-02-22 03:38:54.662] [sharedprocess] [info] Scanned user extensions: 19
[2018-02-22 03:39:14.769] [sharedprocess] [info] Scanned user extensions: 19
[2018-02-22 03:40:38.785] [sharedprocess] [info] Scanned user extensions: 19
[2018-02-22 03:40:38.793] [sharedprocess] [info] Scanned user extensions: 19
[2018-02-22 03:40:38.808] [sharedprocess] [info] Scanned user extensions: 19
[2018-02-22 03:40:38.811] [sharedprocess] [info] Scanned user extensions: 19
[2018-02-22 03:40:39.458] [sharedprocess] [info] Scanned system extensions: 65
[2018-02-22 03:40:39.463] [sharedprocess] [info] Scanned system extensions: 65
[2018-02-22 03:40:39.469] [sharedprocess] [info] Scanned system extensions: 65
[2018-02-22 03:40:41.455] [sharedprocess] [info] Scanned user extensions: 19
[2018-02-22 03:40:56.000] [sharedprocess] [info] Scanned user extensions: 19
[2018-02-22 03:41:01.367] [sharedprocess] [info] Scanned user extensions: 19
[2018-02-22 03:41:02.481] [sharedprocess] [info] Scanned user extensions: 19
[2018-02-22 03:41:08.295] [sharedprocess] [info] Scanned user extensions: 19
[2018-02-22 03:41:49.218] [sharedprocess] [info] Scanned user extensions: 19
[2018-02-22 03:41:49.226] [sharedprocess] [info] Scanned user extensions: 19
[2018-02-22 03:41:49.237] [sharedprocess] [info] Scanned user extensions: 19
[2018-02-22 03:41:49.297] [sharedprocess] [info] Scanned system extensions: 65
[2018-02-22 03:41:49.301] [sharedprocess] [info] Scanned system extensions: 65
[2018-02-22 03:41:49.416] [sharedprocess] [info] Scanned user extensions: 19
[2018-02-22 03:41:49.427] [sharedprocess] [info] Scanned user extensions: 19
[2018-02-22 03:41:49.465] [sharedprocess] [info] Scanned system extensions: 65
[2018-02-22 03:41:52.318] [sharedprocess] [info] Scanned user extensions: 19
[2018-02-22 03:42:16.545] [sharedprocess] [info] Scanned user extensions: 19
[2018-02-22 03:42:16.546] [sharedprocess] [info] Scanned user extensions: 19
[2018-02-22 03:42:16.546] [sharedprocess] [info] Scanned user extensions: 19
[2018-02-22 03:42:16.598] [sharedprocess] [info] Scanned system extensions: 65
[2018-02-22 03:42:16.606] [sharedprocess] [info] Scanned system extensions: 65
[2018-02-22 03:42:16.713] [sharedprocess] [info] Scanned user extensions: 19
[2018-02-22 03:42:16.720] [sharedprocess] [info] Scanned user extensions: 19
[2018-02-22 03:42:16.745] [sharedprocess] [info] Scanned system extensions: 65
[2018-02-22 03:42:19.633] [sharedprocess] [info] Scanned user extensions: 19
[2018-02-22 03:43:37.807] [sharedprocess] [info] Scanned user extensions: 19
[2018-02-22 03:43:52.537] [sharedprocess] [info] Scanned user extensions: 19
[2018-02-22 03:43:55.797] [sharedprocess] [info] Scanned user extensions: 19
[2018-02-22 03:43:57.903] [sharedprocess] [info] Scanned user extensions: 19
[2018-02-22 03:43:59.316] [sharedprocess] [info] Scanned user extensions: 19
[2018-02-22 03:44:11.564] [sharedprocess] [info] Scanned user extensions: 19
[2018-02-22 03:47:20.039] [sharedprocess] [info] Scanned user extensions: 19
[2018-02-22 03:49:47.838] [sharedprocess] [info] Scanned user extensions: 19
[2018-02-22 03:52:20.148] [sharedprocess] [info] Scanned user extensions: 19
[2018-02-22 03:57:20.242] [sharedprocess] [info] Scanned user extensions: 19
[2018-02-22 04:02:20.612] [sharedprocess] [info] Scanned user extensions: 19
[2018-02-22 04:07:20.664] [sharedprocess] [info] Scanned user extensions: 19
[2018-02-22 04:12:20.743] [sharedprocess] [info] Scanned user extensions: 19
[2018-02-22 04:17:20.793] [sharedprocess] [info] Scanned user extensions: 19
[2018-02-22 04:22:20.871] [sharedprocess] [info] Scanned user extensions: 19
[2018-02-22 04:27:20.916] [sharedprocess] [info] Scanned user extensions: 19
[2018-02-22 04:32:22.107] [sharedprocess] [info] Scanned user extensions: 19
[2018-02-22 04:37:22.208] [sharedprocess] [info] Scanned user extensions: 19
[2018-02-22 04:42:22.328] [sharedprocess] [info] Scanned user extensions: 19
[2018-02-22 04:47:22.454] [sharedprocess] [info] Scanned user extensions: 19
[2018-02-22 04:52:22.551] [sharedprocess] [info] Scanned user extensions: 19
[2018-02-22 04:57:22.630] [sharedprocess] [info] Scanned user extensions: 19
[2018-02-22 05:02:22.723] [sharedprocess] [info] Scanned user extensions: 19
[2018-02-22 05:07:22.854] [sharedprocess] [info] Scanned user extensions: 19
[2018-02-22 05:12:22.945] [sharedprocess] [info] Scanned user extensions: 19
[2018-02-22 05:17:23.048] [sharedprocess] [info] Scanned user extensions: 19
[2018-02-22 05:22:23.158] [sharedprocess] [info] Scanned user extensions: 19
[2018-02-22 05:27:23.215] [sharedprocess] [info] Scanned user extensions: 19
[2018-02-22 05:32:23.626] [sharedprocess] [info] Scanned user extensions: 19
[2018-02-22 05:37:23.707] [sharedprocess] [info] Scanned user extensions: 19
[2018-02-22 05:42:23.787] [sharedprocess] [info] Scanned user extensions: 19
[2018-02-22 05:47:23.835] [sharedprocess] [info] Scanned user extensions: 19
[2018-02-22 05:52:23.888] [sharedprocess] [info] Scanned user extensions: 19
[2018-02-22 05:57:23.947] [sharedprocess] [info] Scanned user extensions: 19
[2018-02-22 06:02:23.994] [sharedprocess] [info] Scanned user extensions: 19
[2018-02-22 06:07:24.081] [sharedprocess] [info] Scanned user extensions: 19
[2018-02-22 06:12:24.181] [sharedprocess] [info] Scanned user extensions: 19
[2018-02-22 06:17:24.246] [sharedprocess] [info] Scanned user extensions: 19
[2018-02-22 06:22:24.302] [sharedprocess] [info] Scanned user extensions: 19
[2018-02-22 06:27:24.352] [sharedprocess] [info] Scanned user extensions: 19
[2018-02-22 06:32:32.433] [sharedprocess] [info] Scanned user extensions: 19
[2018-02-22 06:37:52.555] [sharedprocess] [info] Scanned user extensions: 19
[2018-02-22 06:43:05.445] [sharedprocess] [info] Scanned user extensions: 19
[2018-02-22 06:48:13.433] [sharedprocess] [info] Scanned user extensions: 19
[2018-02-22 06:53:20.424] [sharedprocess] [info] Scanned user extensions: 19
[2018-02-22 06:58:24.434] [sharedprocess] [info] Scanned user extensions: 19
