Starting OmniSharp server at 3/7/2018, 7:41:47 AM
    Target: /home/MVC-FullCalendar-Demo/MVCFullCalendar

OmniSharp server started wth Mono
    Path: /root/.vscode/extensions/ms-vscode.csharp-1.14.0/.omnisharp/omnisharp/OmniSharp.exe
    PID: 12092

﻿[info]: OmniSharp.Stdio.Host
        Starting OmniSharp on ubuntu 16.4 (x64)
[info]: OmniSharp.MSBuild.Discovery.MSBuildLocator
        Located 2 MSBuild instance(s)
            1: Mono 15.0 - "/usr/lib/mono/msbuild/15.0/bin"
            2: StandAlone 15.0 - "/root/.vscode/extensions/ms-vscode.csharp-1.14.0/.omnisharp/omnisharp/msbuild/15.0/Bin"
[info]: OmniSharp.MSBuild.Discovery.MSBuildLocator
        Registered MSBuild instance: Mono 15.0 - "/usr/lib/mono/msbuild/15.0/bin"
            CscToolPath = /root/.vscode/extensions/ms-vscode.csharp-1.14.0/.omnisharp/omnisharp/msbuild/15.0/Bin/Roslyn
            CscToolExe = csc.exe
[info]: OmniSharp.Cake.CakeProjectSystem
        Detecting Cake files in '/home/MVC-FullCalendar-Demo/MVCFullCalendar'.
[info]: OmniSharp.Cake.CakeProjectSystem
        Could not find any Cake files
[info]: OmniSharp.DotNet.DotNetProjectSystem
        Initializing in /home/MVC-FullCalendar-Demo/MVCFullCalendar
[info]: OmniSharp.DotNet.DotNetProjectSystem
        Auto package restore: False
[info]: OmniSharp.DotNet.DotNetProjectSystem
        Update workspace context
[info]: OmniSharp.DotNet.DotNetProjectSystem
        Resolving projects references
[info]: OmniSharp.MSBuild.ProjectSystem
        No solution files found in '/home/MVC-FullCalendar-Demo/MVCFullCalendar'
[info]: OmniSharp.MSBuild.ProjectManager
        Queue project update for '/home/MVC-FullCalendar-Demo/MVCFullCalendar/MVCFullCalendarExample.csproj'
[info]: OmniSharp.Script.ScriptProjectSystem
        Detecting CSX files in '/home/MVC-FullCalendar-Demo/MVCFullCalendar'.
[info]: OmniSharp.Script.ScriptProjectSystem
        Could not find any CSX files
[info]: OmniSharp.Stdio.Host
        Invoking Workspace Options Provider: OmniSharp.Roslyn.CSharp.Services.CSharpWorkspaceOptionsProvider
[info]: OmniSharp.Stdio.Host
        Configuration finished.
[info]: OmniSharp.Stdio.Host
        Omnisharp server running using Stdio at location '/home/MVC-FullCalendar-Demo/MVCFullCalendar' on host 11997.
[info]: OmniSharp.MSBuild.ProjectManager
        Loading project: /home/MVC-FullCalendar-Demo/MVCFullCalendar/MVCFullCalendarExample.csproj
[info]: OmniSharp.MSBuild.ProjectManager
        Adding project '/home/MVC-FullCalendar-Demo/MVCFullCalendar/MVCFullCalendarExample.csproj'
[info]: OmniSharp.MSBuild.ProjectManager
        Update project: MVCFullCalendarExample
