[2018-02-21 11:59:56.140] [exthost1] [info] extension host started
[2018-02-21 11:59:56.164] [exthost1] [info] ExtensionService#_doActivateExtension vscode.emmet {"startup":true,"activationEvent":"*"}
[2018-02-21 11:59:56.164] [exthost1] [info] ExtensionService#loadCommonJSModule /usr/share/code/resources/app/extensions/emmet/out/extension
[2018-02-21 12:00:01.965] [exthost1] [info] ExtensionService#_doActivateExtension vscode.git {"startup":true,"activationEvent":"*"}
[2018-02-21 12:00:01.965] [exthost1] [info] ExtensionService#loadCommonJSModule /usr/share/code/resources/app/extensions/git/out/main
[2018-02-21 12:00:06.207] [exthost1] [info] ExtensionService#_doActivateExtension vscode.merge-conflict {"startup":true,"activationEvent":"*"}
[2018-02-21 12:00:06.207] [exthost1] [info] ExtensionService#loadCommonJSModule /usr/share/code/resources/app/extensions/merge-conflict/out/extension
[2018-02-21 12:00:07.153] [exthost1] [info] ExtensionService#_doActivateExtension bajdzis.vscode-database {"startup":true,"activationEvent":"*"}
[2018-02-21 12:00:07.153] [exthost1] [info] ExtensionService#loadCommonJSModule /root/.vscode/extensions/bajdzis.vscode-database-1.5.0/extension
[2018-02-21 12:00:10.932] [exthost1] [info] ExtensionService#_doActivateExtension eamodio.gitlens {"startup":true,"activationEvent":"*"}
[2018-02-21 12:00:10.932] [exthost1] [info] ExtensionService#loadCommonJSModule /root/.vscode/extensions/eamodio.gitlens-8.0.2/out/extension
[2018-02-21 12:00:14.496] [exthost1] [info] extension host started
[2018-02-21 12:00:14.524] [exthost1] [info] ExtensionService#_doActivateExtension vscode.emmet {"startup":true,"activationEvent":"*"}
[2018-02-21 12:00:14.524] [exthost1] [info] ExtensionService#loadCommonJSModule /usr/share/code/resources/app/extensions/emmet/out/extension
[2018-02-21 12:00:14.576] [exthost1] [info] ExtensionService#_doActivateExtension vscode.git {"startup":true,"activationEvent":"*"}
[2018-02-21 12:00:14.576] [exthost1] [info] ExtensionService#loadCommonJSModule /usr/share/code/resources/app/extensions/git/out/main
[2018-02-21 12:00:14.634] [exthost1] [info] ExtensionService#_doActivateExtension vscode.merge-conflict {"startup":true,"activationEvent":"*"}
[2018-02-21 12:00:14.634] [exthost1] [info] ExtensionService#loadCommonJSModule /usr/share/code/resources/app/extensions/merge-conflict/out/extension
[2018-02-21 12:00:14.644] [exthost1] [info] ExtensionService#_doActivateExtension bajdzis.vscode-database {"startup":true,"activationEvent":"*"}
[2018-02-21 12:00:14.644] [exthost1] [info] ExtensionService#loadCommonJSModule /root/.vscode/extensions/bajdzis.vscode-database-1.5.0/extension
[2018-02-21 12:00:14.687] [exthost1] [info] ExtensionService#_doActivateExtension eamodio.gitlens {"startup":true,"activationEvent":"*"}
[2018-02-21 12:00:14.687] [exthost1] [info] ExtensionService#loadCommonJSModule /root/.vscode/extensions/eamodio.gitlens-8.0.2/out/extension
[2018-02-21 12:00:19.940] [exthost1] [info] ExtensionService#_doActivateExtension robertohuertasm.vscode-icons {"startup":true,"activationEvent":"*"}
[2018-02-21 12:00:19.940] [exthost1] [info] ExtensionService#loadCommonJSModule /root/.vscode/extensions/robertohuertasm.vscode-icons-7.20.0/out/src/
[2018-02-21 12:00:19.940] [exthost1] [info] ExtensionService#_doActivateExtension robertohuertasm.vscode-icons {"startup":true,"activationEvent":"*"}
[2018-02-21 12:00:19.940] [exthost1] [info] ExtensionService#loadCommonJSModule /root/.vscode/extensions/robertohuertasm.vscode-icons-7.20.0/out/src/
[2018-02-21 12:00:22.004] [exthost1] [info] ExtensionService#_doActivateExtension schneiderpat.aspnet-helper {"startup":true,"activationEvent":"*"}
[2018-02-21 12:00:22.004] [exthost1] [info] ExtensionService#loadCommonJSModule /root/.vscode/extensions/schneiderpat.aspnet-helper-0.6.4/out/src/extension
[2018-02-21 12:00:22.005] [exthost1] [info] ExtensionService#_doActivateExtension schneiderpat.aspnet-helper {"startup":true,"activationEvent":"*"}
[2018-02-21 12:00:22.005] [exthost1] [info] ExtensionService#loadCommonJSModule /root/.vscode/extensions/schneiderpat.aspnet-helper-0.6.4/out/src/extension
[2018-02-21 12:00:23.393] [exthost1] [info] eager extensions activated
[2018-02-21 12:00:24.528] [exthost1] [info] ExtensionService#_doActivateExtension ms-vscode.csharp {"startup":true,"activationEvent":"workspaceContains:*.csproj,*.sln,*.csx,*.cake,**/*.csproj,**/*.sln,**/*.csx,**/*.cake"}
[2018-02-21 12:00:24.528] [exthost1] [info] ExtensionService#loadCommonJSModule /root/.vscode/extensions/ms-vscode.csharp-1.14.0/out/src/main
[2018-02-21 12:00:32.903] [exthost1] [info] eager extensions activated
[2018-02-21 12:00:34.084] [exthost1] [info] ExtensionService#_doActivateExtension vscode.html {"startup":false,"activationEvent":"onLanguage:html"}
[2018-02-21 12:00:34.084] [exthost1] [info] ExtensionService#loadCommonJSModule /usr/share/code/resources/app/extensions/html/client/out/htmlMain
[2018-02-21 12:00:38.773] [exthost1] [info] ExtensionService#_doActivateExtension vscode.configuration-editing {"startup":false,"activationEvent":"onLanguage:jsonc"}
[2018-02-21 12:00:38.773] [exthost1] [info] ExtensionService#loadCommonJSModule /usr/share/code/resources/app/extensions/configuration-editing/out/extension
[2018-02-21 12:00:38.783] [exthost1] [info] ExtensionService#_doActivateExtension vscode.json {"startup":false,"activationEvent":"onLanguage:jsonc"}
[2018-02-21 12:00:38.783] [exthost1] [info] ExtensionService#loadCommonJSModule /usr/share/code/resources/app/extensions/json/client/out/jsonMain
